[2025-02-06T12:57:28.822+0000] {local_task_job_runner.py:123} INFO - ::group::Pre task execution logs
[2025-02-06T12:57:28.852+0000] {taskinstance.py:2613} INFO - Dependencies all met for dep_context=non-requeueable deps ti=<TaskInstance: etl_dag_incremental.get_last_timestamp manual__2025-02-06T12:39:58.767601+00:00 [queued]>
[2025-02-06T12:57:28.862+0000] {taskinstance.py:2613} INFO - Dependencies all met for dep_context=requeueable deps ti=<TaskInstance: etl_dag_incremental.get_last_timestamp manual__2025-02-06T12:39:58.767601+00:00 [queued]>
[2025-02-06T12:57:28.862+0000] {taskinstance.py:2866} INFO - Starting attempt 2 of 3
[2025-02-06T12:57:28.879+0000] {taskinstance.py:2889} INFO - Executing <Task(PythonOperator): get_last_timestamp> on 2025-02-06 12:39:58.767601+00:00
[2025-02-06T12:57:28.894+0000] {warnings.py:112} WARNING - /home/***/.local/lib/python3.12/site-packages/***/task/task_runner/standard_task_runner.py:70: DeprecationWarning: This process (pid=65) is multi-threaded, use of fork() may lead to deadlocks in the child.
  pid = os.fork()

[2025-02-06T12:57:28.896+0000] {standard_task_runner.py:72} INFO - Started process 67 to run task
[2025-02-06T12:57:28.896+0000] {standard_task_runner.py:104} INFO - Running: ['***', 'tasks', 'run', 'etl_dag_incremental', 'get_last_timestamp', 'manual__2025-02-06T12:39:58.767601+00:00', '--job-id', '171', '--raw', '--subdir', 'DAGS_FOLDER/etl.py', '--cfg-path', '/tmp/tmp79wyq3l2']
[2025-02-06T12:57:28.898+0000] {standard_task_runner.py:105} INFO - Job 171: Subtask get_last_timestamp
[2025-02-06T12:57:28.958+0000] {task_command.py:467} INFO - Running <TaskInstance: etl_dag_incremental.get_last_timestamp manual__2025-02-06T12:39:58.767601+00:00 [running]> on host cc4d22238cdc
[2025-02-06T12:57:29.079+0000] {taskinstance.py:3132} INFO - Exporting env vars: AIRFLOW_CTX_DAG_OWNER='***' AIRFLOW_CTX_DAG_ID='etl_dag_incremental' AIRFLOW_CTX_TASK_ID='get_last_timestamp' AIRFLOW_CTX_EXECUTION_DATE='2025-02-06T12:39:58.767601+00:00' AIRFLOW_CTX_TRY_NUMBER='2' AIRFLOW_CTX_DAG_RUN_ID='manual__2025-02-06T12:39:58.767601+00:00'
[2025-02-06T12:57:29.081+0000] {logging_mixin.py:190} INFO - Task instance is in running state
[2025-02-06T12:57:29.081+0000] {logging_mixin.py:190} INFO -  Previous state of the Task instance: queued
[2025-02-06T12:57:29.081+0000] {logging_mixin.py:190} INFO - Current task name:get_last_timestamp state:running start_date:2025-02-06 12:57:28.852541+00:00
[2025-02-06T12:57:29.082+0000] {logging_mixin.py:190} INFO - Dag name:etl_dag_incremental and current dag run status:running
[2025-02-06T12:57:29.082+0000] {taskinstance.py:731} INFO - ::endgroup::
[2025-02-06T12:57:29.094+0000] {python.py:240} INFO - Done. Returned value was: 2000-01-01 00:00:00
[2025-02-06T12:57:29.121+0000] {taskinstance.py:340} INFO - ::group::Post task execution logs
[2025-02-06T12:57:29.121+0000] {taskinstance.py:352} INFO - Marking task as SUCCESS. dag_id=etl_dag_incremental, task_id=get_last_timestamp, run_id=manual__2025-02-06T12:39:58.767601+00:00, execution_date=20250206T123958, start_date=20250206T125728, end_date=20250206T125729
[2025-02-06T12:57:29.130+0000] {logging_mixin.py:190} INFO - Task instance in success state
[2025-02-06T12:57:29.130+0000] {logging_mixin.py:190} INFO -  Previous state of the Task instance: running
[2025-02-06T12:57:29.130+0000] {logging_mixin.py:190} INFO - Dag name:etl_dag_incremental queued_at:2025-02-06 12:39:58.797589+00:00
[2025-02-06T12:57:29.130+0000] {logging_mixin.py:190} INFO - Task hostname:cc4d22238cdc operator:PythonOperator
[2025-02-06T12:57:29.150+0000] {local_task_job_runner.py:266} INFO - Task exited with return code 0
[2025-02-06T12:57:29.184+0000] {taskinstance.py:3895} INFO - 2 downstream tasks scheduled from follow-on schedule check
[2025-02-06T12:57:29.186+0000] {local_task_job_runner.py:245} INFO - ::endgroup::
