[2025-02-06T16:05:48.487+0000] {local_task_job_runner.py:123} INFO - ::group::Pre task execution logs
[2025-02-06T16:05:48.514+0000] {taskinstance.py:2613} INFO - Dependencies all met for dep_context=non-requeueable deps ti=<TaskInstance: etl_dag_incremental.extract_online_store_data manual__2025-02-06T15:56:23.040336+00:00 [queued]>
[2025-02-06T16:05:48.536+0000] {taskinstance.py:2613} INFO - Dependencies all met for dep_context=requeueable deps ti=<TaskInstance: etl_dag_incremental.extract_online_store_data manual__2025-02-06T15:56:23.040336+00:00 [queued]>
[2025-02-06T16:05:48.537+0000] {taskinstance.py:2866} INFO - Starting attempt 1 of 2
[2025-02-06T16:05:48.558+0000] {taskinstance.py:2889} INFO - Executing <Task(PythonOperator): extract_online_store_data> on 2025-02-06 15:56:23.040336+00:00
[2025-02-06T16:05:48.574+0000] {warnings.py:112} WARNING - /home/***/.local/lib/python3.12/site-packages/***/task/task_runner/standard_task_runner.py:70: DeprecationWarning: This process (pid=67) is multi-threaded, use of fork() may lead to deadlocks in the child.
  pid = os.fork()

[2025-02-06T16:05:48.576+0000] {standard_task_runner.py:72} INFO - Started process 72 to run task
[2025-02-06T16:05:48.577+0000] {standard_task_runner.py:104} INFO - Running: ['***', 'tasks', 'run', 'etl_dag_incremental', 'extract_online_store_data', 'manual__2025-02-06T15:56:23.040336+00:00', '--job-id', '356', '--raw', '--subdir', 'DAGS_FOLDER/etl.py', '--cfg-path', '/tmp/tmp0qelrw9k']
[2025-02-06T16:05:48.579+0000] {standard_task_runner.py:105} INFO - Job 356: Subtask extract_online_store_data
[2025-02-06T16:05:48.640+0000] {task_command.py:467} INFO - Running <TaskInstance: etl_dag_incremental.extract_online_store_data manual__2025-02-06T15:56:23.040336+00:00 [running]> on host f34e19f1f8c5
[2025-02-06T16:05:48.758+0000] {taskinstance.py:3132} INFO - Exporting env vars: AIRFLOW_CTX_DAG_OWNER='***' AIRFLOW_CTX_DAG_ID='etl_dag_incremental' AIRFLOW_CTX_TASK_ID='extract_online_store_data' AIRFLOW_CTX_EXECUTION_DATE='2025-02-06T15:56:23.040336+00:00' AIRFLOW_CTX_TRY_NUMBER='1' AIRFLOW_CTX_DAG_RUN_ID='manual__2025-02-06T15:56:23.040336+00:00'
[2025-02-06T16:05:48.759+0000] {logging_mixin.py:190} INFO - Task instance is in running state
[2025-02-06T16:05:48.759+0000] {logging_mixin.py:190} INFO -  Previous state of the Task instance: queued
[2025-02-06T16:05:48.759+0000] {logging_mixin.py:190} INFO - Current task name:extract_online_store_data state:running start_date:2025-02-06 16:05:48.515015+00:00
[2025-02-06T16:05:48.759+0000] {logging_mixin.py:190} INFO - Dag name:etl_dag_incremental and current dag run status:running
[2025-02-06T16:05:48.760+0000] {taskinstance.py:731} INFO - ::endgroup::
[2025-02-06T16:05:48.793+0000] {base.py:84} INFO - Retrieving connection 'online_store_conn'
[2025-02-06T16:05:48.797+0000] {sql.py:553} INFO - Running statement: 
            SELECT * FROM online_orders 
            WHERE created_at > '2000-01-01 00:00:00'
            ORDER BY created_at ASC;
        , parameters: None
[2025-02-06T16:05:48.807+0000] {sql.py:562} INFO - Rows affected: 5698
[2025-02-06T16:05:48.942+0000] {etl.py:150} INFO - Extracted orders 5698 new rows from db_online_store.
[2025-02-06T16:05:48.945+0000] {sql.py:553} INFO - Running statement: 
            SELECT * FROM customers 
            WHERE updated_at > '2000-01-01 00:00:00'
            ORDER BY created_at ASC;
        , parameters: None
[2025-02-06T16:05:48.949+0000] {sql.py:562} INFO - Rows affected: 3151
[2025-02-06T16:05:48.998+0000] {etl.py:170} INFO - Extracted customers 3151 new rows from db_online_store.
[2025-02-06T16:05:49.002+0000] {python.py:240} INFO - Done. Returned value was: ('/tmp/online_oders_data.json', '/tmp/online_customer_data.json')
[2025-02-06T16:05:49.031+0000] {taskinstance.py:340} INFO - ::group::Post task execution logs
[2025-02-06T16:05:49.031+0000] {taskinstance.py:352} INFO - Marking task as SUCCESS. dag_id=etl_dag_incremental, task_id=extract_online_store_data, run_id=manual__2025-02-06T15:56:23.040336+00:00, execution_date=20250206T155623, start_date=20250206T160548, end_date=20250206T160549
[2025-02-06T16:05:49.041+0000] {logging_mixin.py:190} INFO - Task instance in success state
[2025-02-06T16:05:49.042+0000] {logging_mixin.py:190} INFO -  Previous state of the Task instance: running
[2025-02-06T16:05:49.042+0000] {logging_mixin.py:190} INFO - Dag name:etl_dag_incremental queued_at:2025-02-06 15:56:23.089705+00:00
[2025-02-06T16:05:49.042+0000] {logging_mixin.py:190} INFO - Task hostname:f34e19f1f8c5 operator:PythonOperator
[2025-02-06T16:05:49.071+0000] {local_task_job_runner.py:266} INFO - Task exited with return code 0
[2025-02-06T16:05:49.104+0000] {taskinstance.py:3895} INFO - 1 downstream tasks scheduled from follow-on schedule check
[2025-02-06T16:05:49.105+0000] {local_task_job_runner.py:245} INFO - ::endgroup::
