[2025-02-06T16:33:32.089+0000] {local_task_job_runner.py:123} INFO - ::group::Pre task execution logs
[2025-02-06T16:33:32.124+0000] {taskinstance.py:2613} INFO - Dependencies all met for dep_context=non-requeueable deps ti=<TaskInstance: etl_dag_incremental.extract_online_store_data manual__2025-02-06T15:56:23.040336+00:00 [queued]>
[2025-02-06T16:33:32.140+0000] {taskinstance.py:2613} INFO - Dependencies all met for dep_context=requeueable deps ti=<TaskInstance: etl_dag_incremental.extract_online_store_data manual__2025-02-06T15:56:23.040336+00:00 [queued]>
[2025-02-06T16:33:32.141+0000] {taskinstance.py:2866} INFO - Starting attempt 3 of 4
[2025-02-06T16:33:32.162+0000] {taskinstance.py:2889} INFO - Executing <Task(PythonOperator): extract_online_store_data> on 2025-02-06 15:56:23.040336+00:00
[2025-02-06T16:33:32.180+0000] {warnings.py:112} WARNING - /home/***/.local/lib/python3.12/site-packages/***/task/task_runner/standard_task_runner.py:70: DeprecationWarning: This process (pid=157) is multi-threaded, use of fork() may lead to deadlocks in the child.
  pid = os.fork()

[2025-02-06T16:33:32.183+0000] {standard_task_runner.py:72} INFO - Started process 163 to run task
[2025-02-06T16:33:32.184+0000] {standard_task_runner.py:104} INFO - Running: ['***', 'tasks', 'run', 'etl_dag_incremental', 'extract_online_store_data', 'manual__2025-02-06T15:56:23.040336+00:00', '--job-id', '385', '--raw', '--subdir', 'DAGS_FOLDER/etl.py', '--cfg-path', '/tmp/tmphe9dflqn']
[2025-02-06T16:33:32.187+0000] {standard_task_runner.py:105} INFO - Job 385: Subtask extract_online_store_data
[2025-02-06T16:33:32.258+0000] {task_command.py:467} INFO - Running <TaskInstance: etl_dag_incremental.extract_online_store_data manual__2025-02-06T15:56:23.040336+00:00 [running]> on host f34e19f1f8c5
[2025-02-06T16:33:32.370+0000] {taskinstance.py:3132} INFO - Exporting env vars: AIRFLOW_CTX_DAG_OWNER='***' AIRFLOW_CTX_DAG_ID='etl_dag_incremental' AIRFLOW_CTX_TASK_ID='extract_online_store_data' AIRFLOW_CTX_EXECUTION_DATE='2025-02-06T15:56:23.040336+00:00' AIRFLOW_CTX_TRY_NUMBER='3' AIRFLOW_CTX_DAG_RUN_ID='manual__2025-02-06T15:56:23.040336+00:00'
[2025-02-06T16:33:32.372+0000] {logging_mixin.py:190} INFO - Task instance is in running state
[2025-02-06T16:33:32.372+0000] {logging_mixin.py:190} INFO -  Previous state of the Task instance: queued
[2025-02-06T16:33:32.372+0000] {logging_mixin.py:190} INFO - Current task name:extract_online_store_data state:running start_date:2025-02-06 16:33:32.125041+00:00
[2025-02-06T16:33:32.373+0000] {logging_mixin.py:190} INFO - Dag name:etl_dag_incremental and current dag run status:running
[2025-02-06T16:33:32.373+0000] {taskinstance.py:731} INFO - ::endgroup::
[2025-02-06T16:33:32.397+0000] {base.py:84} INFO - Retrieving connection 'online_store_conn'
[2025-02-06T16:33:32.402+0000] {sql.py:553} INFO - Running statement: 
            SELECT * FROM online_orders 
            WHERE created_at > '2000-01-01 00:00:00'
            ORDER BY created_at ASC;
        , parameters: None
[2025-02-06T16:33:32.419+0000] {sql.py:562} INFO - Rows affected: 6111
[2025-02-06T16:33:32.606+0000] {etl.py:150} INFO - Extracted orders 6111 new rows from db_online_store.
[2025-02-06T16:33:32.610+0000] {sql.py:553} INFO - Running statement: 
            SELECT * FROM customers 
            WHERE updated_at > '2000-01-01 00:00:00'
            ORDER BY created_at ASC;
        , parameters: None
[2025-02-06T16:33:32.615+0000] {sql.py:562} INFO - Rows affected: 3227
[2025-02-06T16:33:32.658+0000] {etl.py:170} INFO - Extracted customers 3227 new rows from db_online_store.
[2025-02-06T16:33:32.663+0000] {python.py:240} INFO - Done. Returned value was: ('/tmp/online_oders_data.json', '/tmp/online_customer_data.json')
[2025-02-06T16:33:32.691+0000] {taskinstance.py:340} INFO - ::group::Post task execution logs
[2025-02-06T16:33:32.692+0000] {taskinstance.py:352} INFO - Marking task as SUCCESS. dag_id=etl_dag_incremental, task_id=extract_online_store_data, run_id=manual__2025-02-06T15:56:23.040336+00:00, execution_date=20250206T155623, start_date=20250206T163332, end_date=20250206T163332
[2025-02-06T16:33:32.703+0000] {logging_mixin.py:190} INFO - Task instance in success state
[2025-02-06T16:33:32.703+0000] {logging_mixin.py:190} INFO -  Previous state of the Task instance: running
[2025-02-06T16:33:32.704+0000] {logging_mixin.py:190} INFO - Dag name:etl_dag_incremental queued_at:2025-02-06 16:28:34.240149+00:00
[2025-02-06T16:33:32.704+0000] {logging_mixin.py:190} INFO - Task hostname:f34e19f1f8c5 operator:PythonOperator
[2025-02-06T16:33:32.760+0000] {local_task_job_runner.py:266} INFO - Task exited with return code 0
[2025-02-06T16:33:32.925+0000] {taskinstance.py:3895} INFO - 1 downstream tasks scheduled from follow-on schedule check
[2025-02-06T16:33:32.927+0000] {local_task_job_runner.py:245} INFO - ::endgroup::
