[2025-02-07T10:11:46.024+0000] {local_task_job_runner.py:123} INFO - ::group::Pre task execution logs
[2025-02-07T10:11:46.061+0000] {taskinstance.py:2613} INFO - Dependencies all met for dep_context=non-requeueable deps ti=<TaskInstance: etl_dag_incremental.extract_online_store_data manual__2025-02-06T19:03:19.392004+00:00 [queued]>
[2025-02-07T10:11:46.076+0000] {taskinstance.py:2613} INFO - Dependencies all met for dep_context=requeueable deps ti=<TaskInstance: etl_dag_incremental.extract_online_store_data manual__2025-02-06T19:03:19.392004+00:00 [queued]>
[2025-02-07T10:11:46.078+0000] {taskinstance.py:2866} INFO - Starting attempt 2 of 2
[2025-02-07T10:11:46.100+0000] {taskinstance.py:2889} INFO - Executing <Task(PythonOperator): extract_online_store_data> on 2025-02-06 19:03:19.392004+00:00
[2025-02-07T10:11:46.115+0000] {warnings.py:112} WARNING - /home/***/.local/lib/python3.12/site-packages/***/task/task_runner/standard_task_runner.py:70: DeprecationWarning: This process (pid=137) is multi-threaded, use of fork() may lead to deadlocks in the child.
  pid = os.fork()

[2025-02-07T10:11:46.117+0000] {standard_task_runner.py:72} INFO - Started process 149 to run task
[2025-02-07T10:11:46.119+0000] {standard_task_runner.py:104} INFO - Running: ['***', 'tasks', 'run', 'etl_dag_incremental', 'extract_online_store_data', 'manual__2025-02-06T19:03:19.392004+00:00', '--job-id', '530', '--raw', '--subdir', 'DAGS_FOLDER/etl.py', '--cfg-path', '/tmp/tmpcmo6btbc']
[2025-02-07T10:11:46.121+0000] {standard_task_runner.py:105} INFO - Job 530: Subtask extract_online_store_data
[2025-02-07T10:11:46.202+0000] {task_command.py:467} INFO - Running <TaskInstance: etl_dag_incremental.extract_online_store_data manual__2025-02-06T19:03:19.392004+00:00 [running]> on host f34e19f1f8c5
[2025-02-07T10:11:46.348+0000] {taskinstance.py:3132} INFO - Exporting env vars: AIRFLOW_CTX_DAG_OWNER='***' AIRFLOW_CTX_DAG_ID='etl_dag_incremental' AIRFLOW_CTX_TASK_ID='extract_online_store_data' AIRFLOW_CTX_EXECUTION_DATE='2025-02-06T19:03:19.392004+00:00' AIRFLOW_CTX_TRY_NUMBER='2' AIRFLOW_CTX_DAG_RUN_ID='manual__2025-02-06T19:03:19.392004+00:00'
[2025-02-07T10:11:46.350+0000] {logging_mixin.py:190} INFO - Task instance is in running state
[2025-02-07T10:11:46.351+0000] {logging_mixin.py:190} INFO -  Previous state of the Task instance: queued
[2025-02-07T10:11:46.351+0000] {logging_mixin.py:190} INFO - Current task name:extract_online_store_data state:running start_date:2025-02-07 10:11:46.062249+00:00
[2025-02-07T10:11:46.351+0000] {logging_mixin.py:190} INFO - Dag name:etl_dag_incremental and current dag run status:running
[2025-02-07T10:11:46.351+0000] {taskinstance.py:731} INFO - ::endgroup::
[2025-02-07T10:11:46.383+0000] {base.py:84} INFO - Retrieving connection 'online_store_conn'
[2025-02-07T10:11:46.390+0000] {sql.py:553} INFO - Running statement: 
            SELECT * FROM online_orders 
            WHERE created_at > '2000-01-01 00:00:00'
            ORDER BY created_at ASC;
        , parameters: None
[2025-02-07T10:11:46.430+0000] {sql.py:562} INFO - Rows affected: 8442
[2025-02-07T10:11:46.829+0000] {etl.py:150} INFO - Extracted orders 8442 new rows from db_online_store.
[2025-02-07T10:11:46.834+0000] {sql.py:553} INFO - Running statement: 
            SELECT * FROM customers 
            WHERE updated_at > '2000-01-01 00:00:00'
            ORDER BY created_at ASC;
        , parameters: None
[2025-02-07T10:11:46.846+0000] {sql.py:562} INFO - Rows affected: 3525
[2025-02-07T10:11:46.950+0000] {etl.py:170} INFO - Extracted customers 3525 new rows from db_online_store.
[2025-02-07T10:11:46.963+0000] {python.py:240} INFO - Done. Returned value was: ('/tmp/online_oders_data.json', '/tmp/online_customer_data.json')
[2025-02-07T10:11:47.010+0000] {taskinstance.py:340} INFO - ::group::Post task execution logs
[2025-02-07T10:11:47.011+0000] {taskinstance.py:352} INFO - Marking task as SUCCESS. dag_id=etl_dag_incremental, task_id=extract_online_store_data, run_id=manual__2025-02-06T19:03:19.392004+00:00, execution_date=20250206T190319, start_date=20250207T101146, end_date=20250207T101147
[2025-02-07T10:11:47.028+0000] {logging_mixin.py:190} INFO - Task instance in success state
[2025-02-07T10:11:47.028+0000] {logging_mixin.py:190} INFO -  Previous state of the Task instance: running
[2025-02-07T10:11:47.029+0000] {logging_mixin.py:190} INFO - Dag name:etl_dag_incremental queued_at:2025-02-06 19:03:19.408513+00:00
[2025-02-07T10:11:47.029+0000] {logging_mixin.py:190} INFO - Task hostname:f34e19f1f8c5 operator:PythonOperator
[2025-02-07T10:11:47.057+0000] {local_task_job_runner.py:266} INFO - Task exited with return code 0
[2025-02-07T10:11:47.123+0000] {taskinstance.py:3895} INFO - 1 downstream tasks scheduled from follow-on schedule check
[2025-02-07T10:11:47.125+0000] {local_task_job_runner.py:245} INFO - ::endgroup::
