[2025-02-07T11:26:38.995+0000] {local_task_job_runner.py:123} INFO - ::group::Pre task execution logs
[2025-02-07T11:26:39.011+0000] {taskinstance.py:2613} INFO - Dependencies all met for dep_context=non-requeueable deps ti=<TaskInstance: etl_dag_incremental.save_last_timestamp scheduled__2025-02-07T11:24:00+00:00 [queued]>
[2025-02-07T11:26:39.021+0000] {taskinstance.py:2613} INFO - Dependencies all met for dep_context=requeueable deps ti=<TaskInstance: etl_dag_incremental.save_last_timestamp scheduled__2025-02-07T11:24:00+00:00 [queued]>
[2025-02-07T11:26:39.022+0000] {taskinstance.py:2866} INFO - Starting attempt 1 of 2
[2025-02-07T11:26:39.034+0000] {taskinstance.py:2889} INFO - Executing <Task(PythonOperator): save_last_timestamp> on 2025-02-07 11:24:00+00:00
[2025-02-07T11:26:39.046+0000] {warnings.py:112} WARNING - /home/***/.local/lib/python3.12/site-packages/***/task/task_runner/standard_task_runner.py:70: DeprecationWarning: This process (pid=97) is multi-threaded, use of fork() may lead to deadlocks in the child.
  pid = os.fork()

[2025-02-07T11:26:39.048+0000] {standard_task_runner.py:72} INFO - Started process 99 to run task
[2025-02-07T11:26:39.049+0000] {standard_task_runner.py:104} INFO - Running: ['***', 'tasks', 'run', 'etl_dag_incremental', 'save_last_timestamp', 'scheduled__2025-02-07T11:24:00+00:00', '--job-id', '631', '--raw', '--subdir', 'DAGS_FOLDER/etl.py', '--cfg-path', '/tmp/tmpzn49x23_']
[2025-02-07T11:26:39.050+0000] {standard_task_runner.py:105} INFO - Job 631: Subtask save_last_timestamp
[2025-02-07T11:26:39.093+0000] {task_command.py:467} INFO - Running <TaskInstance: etl_dag_incremental.save_last_timestamp scheduled__2025-02-07T11:24:00+00:00 [running]> on host f34e19f1f8c5
[2025-02-07T11:26:39.174+0000] {taskinstance.py:3132} INFO - Exporting env vars: AIRFLOW_CTX_DAG_OWNER='***' AIRFLOW_CTX_DAG_ID='etl_dag_incremental' AIRFLOW_CTX_TASK_ID='save_last_timestamp' AIRFLOW_CTX_EXECUTION_DATE='2025-02-07T11:24:00+00:00' AIRFLOW_CTX_TRY_NUMBER='1' AIRFLOW_CTX_DAG_RUN_ID='scheduled__2025-02-07T11:24:00+00:00'
[2025-02-07T11:26:39.175+0000] {logging_mixin.py:190} INFO - Task instance is in running state
[2025-02-07T11:26:39.175+0000] {logging_mixin.py:190} INFO -  Previous state of the Task instance: queued
[2025-02-07T11:26:39.176+0000] {logging_mixin.py:190} INFO - Current task name:save_last_timestamp state:running start_date:2025-02-07 11:26:39.011606+00:00
[2025-02-07T11:26:39.176+0000] {logging_mixin.py:190} INFO - Dag name:etl_dag_incremental and current dag run status:running
[2025-02-07T11:26:39.176+0000] {taskinstance.py:731} INFO - ::endgroup::
[2025-02-07T11:26:39.186+0000] {python.py:240} INFO - Done. Returned value was: 2025-02-07T11:25:46
[2025-02-07T11:26:39.208+0000] {taskinstance.py:340} INFO - ::group::Post task execution logs
[2025-02-07T11:26:39.208+0000] {taskinstance.py:352} INFO - Marking task as SUCCESS. dag_id=etl_dag_incremental, task_id=save_last_timestamp, run_id=scheduled__2025-02-07T11:24:00+00:00, execution_date=20250207T112400, start_date=20250207T112639, end_date=20250207T112639
[2025-02-07T11:26:39.217+0000] {logging_mixin.py:190} INFO - Task instance in success state
[2025-02-07T11:26:39.217+0000] {logging_mixin.py:190} INFO -  Previous state of the Task instance: running
[2025-02-07T11:26:39.218+0000] {logging_mixin.py:190} INFO - Dag name:etl_dag_incremental queued_at:2025-02-07 11:25:38.223123+00:00
[2025-02-07T11:26:39.218+0000] {logging_mixin.py:190} INFO - Task hostname:f34e19f1f8c5 operator:PythonOperator
[2025-02-07T11:26:39.264+0000] {local_task_job_runner.py:266} INFO - Task exited with return code 0
[2025-02-07T11:26:39.313+0000] {taskinstance.py:3895} INFO - 0 downstream tasks scheduled from follow-on schedule check
[2025-02-07T11:26:39.314+0000] {local_task_job_runner.py:245} INFO - ::endgroup::
