[2025-02-06T14:59:59.336+0000] {local_task_job_runner.py:123} INFO - ::group::Pre task execution logs
[2025-02-06T14:59:59.374+0000] {taskinstance.py:2613} INFO - Dependencies all met for dep_context=non-requeueable deps ti=<TaskInstance: etl_dag_incremental.get_last_timestamp manual__2025-02-06T14:46:08.470758+00:00 [queued]>
[2025-02-06T14:59:59.393+0000] {taskinstance.py:2613} INFO - Dependencies all met for dep_context=requeueable deps ti=<TaskInstance: etl_dag_incremental.get_last_timestamp manual__2025-02-06T14:46:08.470758+00:00 [queued]>
[2025-02-06T14:59:59.394+0000] {taskinstance.py:2866} INFO - Starting attempt 1 of 2
[2025-02-06T14:59:59.423+0000] {taskinstance.py:2889} INFO - Executing <Task(PythonOperator): get_last_timestamp> on 2025-02-06 14:46:08.470758+00:00
[2025-02-06T14:59:59.445+0000] {warnings.py:112} WARNING - /home/***/.local/lib/python3.12/site-packages/***/task/task_runner/standard_task_runner.py:70: DeprecationWarning: This process (pid=145) is multi-threaded, use of fork() may lead to deadlocks in the child.
  pid = os.fork()

[2025-02-06T14:59:59.447+0000] {standard_task_runner.py:72} INFO - Started process 147 to run task
[2025-02-06T14:59:59.448+0000] {standard_task_runner.py:104} INFO - Running: ['***', 'tasks', 'run', 'etl_dag_incremental', 'get_last_timestamp', 'manual__2025-02-06T14:46:08.470758+00:00', '--job-id', '290', '--raw', '--subdir', 'DAGS_FOLDER/etl.py', '--cfg-path', '/tmp/tmphfctj2aj']
[2025-02-06T14:59:59.451+0000] {standard_task_runner.py:105} INFO - Job 290: Subtask get_last_timestamp
[2025-02-06T14:59:59.554+0000] {task_command.py:467} INFO - Running <TaskInstance: etl_dag_incremental.get_last_timestamp manual__2025-02-06T14:46:08.470758+00:00 [running]> on host f34e19f1f8c5
[2025-02-06T14:59:59.729+0000] {taskinstance.py:3132} INFO - Exporting env vars: AIRFLOW_CTX_DAG_OWNER='***' AIRFLOW_CTX_DAG_ID='etl_dag_incremental' AIRFLOW_CTX_TASK_ID='get_last_timestamp' AIRFLOW_CTX_EXECUTION_DATE='2025-02-06T14:46:08.470758+00:00' AIRFLOW_CTX_TRY_NUMBER='1' AIRFLOW_CTX_DAG_RUN_ID='manual__2025-02-06T14:46:08.470758+00:00'
[2025-02-06T14:59:59.731+0000] {logging_mixin.py:190} INFO - Task instance is in running state
[2025-02-06T14:59:59.732+0000] {logging_mixin.py:190} INFO -  Previous state of the Task instance: queued
[2025-02-06T14:59:59.733+0000] {logging_mixin.py:190} INFO - Current task name:get_last_timestamp state:running start_date:2025-02-06 14:59:59.374908+00:00
[2025-02-06T14:59:59.734+0000] {logging_mixin.py:190} INFO - Dag name:etl_dag_incremental and current dag run status:running
[2025-02-06T14:59:59.735+0000] {taskinstance.py:731} INFO - ::endgroup::
[2025-02-06T14:59:59.759+0000] {python.py:240} INFO - Done. Returned value was: 2000-01-01 00:00:00
[2025-02-06T14:59:59.806+0000] {taskinstance.py:340} INFO - ::group::Post task execution logs
[2025-02-06T14:59:59.807+0000] {taskinstance.py:352} INFO - Marking task as SUCCESS. dag_id=etl_dag_incremental, task_id=get_last_timestamp, run_id=manual__2025-02-06T14:46:08.470758+00:00, execution_date=20250206T144608, start_date=20250206T145959, end_date=20250206T145959
[2025-02-06T14:59:59.827+0000] {logging_mixin.py:190} INFO - Task instance in success state
[2025-02-06T14:59:59.828+0000] {logging_mixin.py:190} INFO -  Previous state of the Task instance: running
[2025-02-06T14:59:59.828+0000] {logging_mixin.py:190} INFO - Dag name:etl_dag_incremental queued_at:2025-02-06 14:46:08.506468+00:00
[2025-02-06T14:59:59.829+0000] {logging_mixin.py:190} INFO - Task hostname:f34e19f1f8c5 operator:PythonOperator
[2025-02-06T14:59:59.865+0000] {local_task_job_runner.py:266} INFO - Task exited with return code 0
[2025-02-06T14:59:59.969+0000] {taskinstance.py:3895} INFO - 2 downstream tasks scheduled from follow-on schedule check
[2025-02-06T14:59:59.975+0000] {local_task_job_runner.py:245} INFO - ::endgroup::
