[2025-02-07T10:24:29.689+0000] {local_task_job_runner.py:123} INFO - ::group::Pre task execution logs
[2025-02-07T10:24:29.705+0000] {taskinstance.py:2613} INFO - Dependencies all met for dep_context=non-requeueable deps ti=<TaskInstance: etl_dag_incremental.extract_online_store_data scheduled__2025-02-06T00:16:00+00:00 [queued]>
[2025-02-07T10:24:29.713+0000] {taskinstance.py:2613} INFO - Dependencies all met for dep_context=requeueable deps ti=<TaskInstance: etl_dag_incremental.extract_online_store_data scheduled__2025-02-06T00:16:00+00:00 [queued]>
[2025-02-07T10:24:29.714+0000] {taskinstance.py:2866} INFO - Starting attempt 1 of 2
[2025-02-07T10:24:29.729+0000] {taskinstance.py:2889} INFO - Executing <Task(PythonOperator): extract_online_store_data> on 2025-02-06 00:16:00+00:00
[2025-02-07T10:24:29.738+0000] {warnings.py:112} WARNING - /home/***/.local/lib/python3.12/site-packages/***/task/task_runner/standard_task_runner.py:70: DeprecationWarning: This process (pid=334) is multi-threaded, use of fork() may lead to deadlocks in the child.
  pid = os.fork()

[2025-02-07T10:24:29.740+0000] {standard_task_runner.py:72} INFO - Started process 339 to run task
[2025-02-07T10:24:29.740+0000] {standard_task_runner.py:104} INFO - Running: ['***', 'tasks', 'run', 'etl_dag_incremental', 'extract_online_store_data', 'scheduled__2025-02-06T00:16:00+00:00', '--job-id', '540', '--raw', '--subdir', 'DAGS_FOLDER/etl.py', '--cfg-path', '/tmp/tmpvd_0dg54']
[2025-02-07T10:24:29.741+0000] {standard_task_runner.py:105} INFO - Job 540: Subtask extract_online_store_data
[2025-02-07T10:24:29.793+0000] {task_command.py:467} INFO - Running <TaskInstance: etl_dag_incremental.extract_online_store_data scheduled__2025-02-06T00:16:00+00:00 [running]> on host f34e19f1f8c5
[2025-02-07T10:24:29.883+0000] {taskinstance.py:3132} INFO - Exporting env vars: AIRFLOW_CTX_DAG_OWNER='***' AIRFLOW_CTX_DAG_ID='etl_dag_incremental' AIRFLOW_CTX_TASK_ID='extract_online_store_data' AIRFLOW_CTX_EXECUTION_DATE='2025-02-06T00:16:00+00:00' AIRFLOW_CTX_TRY_NUMBER='1' AIRFLOW_CTX_DAG_RUN_ID='scheduled__2025-02-06T00:16:00+00:00'
[2025-02-07T10:24:29.885+0000] {logging_mixin.py:190} INFO - Task instance is in running state
[2025-02-07T10:24:29.886+0000] {logging_mixin.py:190} INFO -  Previous state of the Task instance: queued
[2025-02-07T10:24:29.886+0000] {logging_mixin.py:190} INFO - Current task name:extract_online_store_data state:running start_date:2025-02-07 10:24:29.706158+00:00
[2025-02-07T10:24:29.886+0000] {logging_mixin.py:190} INFO - Dag name:etl_dag_incremental and current dag run status:running
[2025-02-07T10:24:29.886+0000] {taskinstance.py:731} INFO - ::endgroup::
[2025-02-07T10:24:29.905+0000] {base.py:84} INFO - Retrieving connection 'online_store_conn'
[2025-02-07T10:24:29.909+0000] {sql.py:553} INFO - Running statement: 
            SELECT * FROM online_orders 
            WHERE created_at > '2000-01-01 00:00:00'
            ORDER BY created_at ASC;
        , parameters: None
[2025-02-07T10:24:29.937+0000] {sql.py:562} INFO - Rows affected: 8632
[2025-02-07T10:24:30.194+0000] {etl.py:150} INFO - Extracted orders 8632 new rows from db_online_store.
[2025-02-07T10:24:30.198+0000] {sql.py:553} INFO - Running statement: 
            SELECT * FROM customers 
            WHERE updated_at > '2000-01-01 00:00:00'
            ORDER BY created_at ASC;
        , parameters: None
[2025-02-07T10:24:30.206+0000] {sql.py:562} INFO - Rows affected: 3548
[2025-02-07T10:24:30.286+0000] {etl.py:170} INFO - Extracted customers 3548 new rows from db_online_store.
[2025-02-07T10:24:30.292+0000] {python.py:240} INFO - Done. Returned value was: ('/tmp/online_oders_data.json', '/tmp/online_customer_data.json')
[2025-02-07T10:24:30.328+0000] {taskinstance.py:340} INFO - ::group::Post task execution logs
[2025-02-07T10:24:30.332+0000] {taskinstance.py:352} INFO - Marking task as SUCCESS. dag_id=etl_dag_incremental, task_id=extract_online_store_data, run_id=scheduled__2025-02-06T00:16:00+00:00, execution_date=20250206T001600, start_date=20250207T102429, end_date=20250207T102430
[2025-02-07T10:24:30.351+0000] {logging_mixin.py:190} INFO - Task instance in success state
[2025-02-07T10:24:30.353+0000] {logging_mixin.py:190} INFO -  Previous state of the Task instance: running
[2025-02-07T10:24:30.353+0000] {logging_mixin.py:190} INFO - Dag name:etl_dag_incremental queued_at:2025-02-07 10:24:23.735006+00:00
[2025-02-07T10:24:30.354+0000] {logging_mixin.py:190} INFO - Task hostname:f34e19f1f8c5 operator:PythonOperator
[2025-02-07T10:24:30.397+0000] {local_task_job_runner.py:266} INFO - Task exited with return code 0
[2025-02-07T10:24:30.439+0000] {taskinstance.py:3895} INFO - 1 downstream tasks scheduled from follow-on schedule check
[2025-02-07T10:24:30.441+0000] {local_task_job_runner.py:245} INFO - ::endgroup::
