[2025-02-07T10:43:51.305+0000] {local_task_job_runner.py:123} INFO - ::group::Pre task execution logs
[2025-02-07T10:43:51.322+0000] {taskinstance.py:2613} INFO - Dependencies all met for dep_context=non-requeueable deps ti=<TaskInstance: etl_dag_incremental.extract_online_store_data scheduled__2025-02-06T00:17:00+00:00 [queued]>
[2025-02-07T10:43:51.329+0000] {taskinstance.py:2613} INFO - Dependencies all met for dep_context=requeueable deps ti=<TaskInstance: etl_dag_incremental.extract_online_store_data scheduled__2025-02-06T00:17:00+00:00 [queued]>
[2025-02-07T10:43:51.329+0000] {taskinstance.py:2866} INFO - Starting attempt 1 of 2
[2025-02-07T10:43:51.340+0000] {taskinstance.py:2889} INFO - Executing <Task(PythonOperator): extract_online_store_data> on 2025-02-06 00:17:00+00:00
[2025-02-07T10:43:51.353+0000] {warnings.py:112} WARNING - /home/***/.local/lib/python3.12/site-packages/***/task/task_runner/standard_task_runner.py:70: DeprecationWarning: This process (pid=110) is multi-threaded, use of fork() may lead to deadlocks in the child.
  pid = os.fork()

[2025-02-07T10:43:51.355+0000] {standard_task_runner.py:72} INFO - Started process 115 to run task
[2025-02-07T10:43:51.355+0000] {standard_task_runner.py:104} INFO - Running: ['***', 'tasks', 'run', 'etl_dag_incremental', 'extract_online_store_data', 'scheduled__2025-02-06T00:17:00+00:00', '--job-id', '557', '--raw', '--subdir', 'DAGS_FOLDER/etl.py', '--cfg-path', '/tmp/tmpyoy71z89']
[2025-02-07T10:43:51.356+0000] {standard_task_runner.py:105} INFO - Job 557: Subtask extract_online_store_data
[2025-02-07T10:43:51.404+0000] {task_command.py:467} INFO - Running <TaskInstance: etl_dag_incremental.extract_online_store_data scheduled__2025-02-06T00:17:00+00:00 [running]> on host f34e19f1f8c5
[2025-02-07T10:43:51.493+0000] {taskinstance.py:3132} INFO - Exporting env vars: AIRFLOW_CTX_DAG_OWNER='***' AIRFLOW_CTX_DAG_ID='etl_dag_incremental' AIRFLOW_CTX_TASK_ID='extract_online_store_data' AIRFLOW_CTX_EXECUTION_DATE='2025-02-06T00:17:00+00:00' AIRFLOW_CTX_TRY_NUMBER='1' AIRFLOW_CTX_DAG_RUN_ID='scheduled__2025-02-06T00:17:00+00:00'
[2025-02-07T10:43:51.493+0000] {logging_mixin.py:190} INFO - Task instance is in running state
[2025-02-07T10:43:51.494+0000] {logging_mixin.py:190} INFO -  Previous state of the Task instance: queued
[2025-02-07T10:43:51.494+0000] {logging_mixin.py:190} INFO - Current task name:extract_online_store_data state:running start_date:2025-02-07 10:43:51.322516+00:00
[2025-02-07T10:43:51.494+0000] {logging_mixin.py:190} INFO - Dag name:etl_dag_incremental and current dag run status:running
[2025-02-07T10:43:51.494+0000] {taskinstance.py:731} INFO - ::endgroup::
[2025-02-07T10:43:51.512+0000] {base.py:84} INFO - Retrieving connection 'online_store_conn'
[2025-02-07T10:43:51.517+0000] {sql.py:553} INFO - Running statement: 
            SELECT * FROM online_orders 
            WHERE created_at > '2000-01-01 00:00:00'
            ORDER BY created_at ASC;
        , parameters: None
[2025-02-07T10:43:51.534+0000] {sql.py:562} INFO - Rows affected: 8920
[2025-02-07T10:43:51.752+0000] {etl.py:150} INFO - Extracted orders 8920 new rows from db_online_store.
[2025-02-07T10:43:51.758+0000] {sql.py:553} INFO - Running statement: 
            SELECT * FROM customers 
            WHERE updated_at > '2000-01-01 00:00:00'
            ORDER BY created_at ASC;
        , parameters: None
[2025-02-07T10:43:51.764+0000] {sql.py:562} INFO - Rows affected: 3568
[2025-02-07T10:43:51.819+0000] {etl.py:170} INFO - Extracted customers 3568 new rows from db_online_store.
[2025-02-07T10:43:51.824+0000] {python.py:240} INFO - Done. Returned value was: ('/tmp/online_oders_data.json', '/tmp/online_customer_data.json')
[2025-02-07T10:43:51.858+0000] {taskinstance.py:340} INFO - ::group::Post task execution logs
[2025-02-07T10:43:51.859+0000] {taskinstance.py:352} INFO - Marking task as SUCCESS. dag_id=etl_dag_incremental, task_id=extract_online_store_data, run_id=scheduled__2025-02-06T00:17:00+00:00, execution_date=20250206T001700, start_date=20250207T104351, end_date=20250207T104351
[2025-02-07T10:43:51.870+0000] {logging_mixin.py:190} INFO - Task instance in success state
[2025-02-07T10:43:51.870+0000] {logging_mixin.py:190} INFO -  Previous state of the Task instance: running
[2025-02-07T10:43:51.871+0000] {logging_mixin.py:190} INFO - Dag name:etl_dag_incremental queued_at:2025-02-07 10:43:46.031907+00:00
[2025-02-07T10:43:51.871+0000] {logging_mixin.py:190} INFO - Task hostname:f34e19f1f8c5 operator:PythonOperator
[2025-02-07T10:43:51.889+0000] {local_task_job_runner.py:266} INFO - Task exited with return code 0
[2025-02-07T10:43:51.921+0000] {taskinstance.py:3895} INFO - 1 downstream tasks scheduled from follow-on schedule check
[2025-02-07T10:43:51.922+0000] {local_task_job_runner.py:245} INFO - ::endgroup::
