[2025-02-06T15:48:52.053+0000] {local_task_job_runner.py:123} INFO - ::group::Pre task execution logs
[2025-02-06T15:48:52.078+0000] {taskinstance.py:2613} INFO - Dependencies all met for dep_context=non-requeueable deps ti=<TaskInstance: etl_dag_incremental.extract_online_store_data scheduled__2025-02-06T00:03:00+00:00 [queued]>
[2025-02-06T15:48:52.094+0000] {taskinstance.py:2613} INFO - Dependencies all met for dep_context=requeueable deps ti=<TaskInstance: etl_dag_incremental.extract_online_store_data scheduled__2025-02-06T00:03:00+00:00 [queued]>
[2025-02-06T15:48:52.094+0000] {taskinstance.py:2866} INFO - Starting attempt 1 of 2
[2025-02-06T15:48:52.119+0000] {taskinstance.py:2889} INFO - Executing <Task(PythonOperator): extract_online_store_data> on 2025-02-06 00:03:00+00:00
[2025-02-06T15:48:52.135+0000] {warnings.py:112} WARNING - /home/***/.local/lib/python3.12/site-packages/***/task/task_runner/standard_task_runner.py:70: DeprecationWarning: This process (pid=238) is multi-threaded, use of fork() may lead to deadlocks in the child.
  pid = os.fork()

[2025-02-06T15:48:52.137+0000] {standard_task_runner.py:72} INFO - Started process 243 to run task
[2025-02-06T15:48:52.139+0000] {standard_task_runner.py:104} INFO - Running: ['***', 'tasks', 'run', 'etl_dag_incremental', 'extract_online_store_data', 'scheduled__2025-02-06T00:03:00+00:00', '--job-id', '337', '--raw', '--subdir', 'DAGS_FOLDER/etl.py', '--cfg-path', '/tmp/tmpv7r3j5ud']
[2025-02-06T15:48:52.142+0000] {standard_task_runner.py:105} INFO - Job 337: Subtask extract_online_store_data
[2025-02-06T15:48:52.252+0000] {task_command.py:467} INFO - Running <TaskInstance: etl_dag_incremental.extract_online_store_data scheduled__2025-02-06T00:03:00+00:00 [running]> on host f34e19f1f8c5
[2025-02-06T15:48:52.348+0000] {taskinstance.py:3132} INFO - Exporting env vars: AIRFLOW_CTX_DAG_OWNER='***' AIRFLOW_CTX_DAG_ID='etl_dag_incremental' AIRFLOW_CTX_TASK_ID='extract_online_store_data' AIRFLOW_CTX_EXECUTION_DATE='2025-02-06T00:03:00+00:00' AIRFLOW_CTX_TRY_NUMBER='1' AIRFLOW_CTX_DAG_RUN_ID='scheduled__2025-02-06T00:03:00+00:00'
[2025-02-06T15:48:52.349+0000] {logging_mixin.py:190} INFO - Task instance is in running state
[2025-02-06T15:48:52.349+0000] {logging_mixin.py:190} INFO -  Previous state of the Task instance: queued
[2025-02-06T15:48:52.349+0000] {logging_mixin.py:190} INFO - Current task name:extract_online_store_data state:running start_date:2025-02-06 15:48:52.079481+00:00
[2025-02-06T15:48:52.350+0000] {logging_mixin.py:190} INFO - Dag name:etl_dag_incremental and current dag run status:running
[2025-02-06T15:48:52.350+0000] {taskinstance.py:731} INFO - ::endgroup::
[2025-02-06T15:48:52.367+0000] {base.py:84} INFO - Retrieving connection 'online_store_conn'
[2025-02-06T15:48:52.371+0000] {sql.py:553} INFO - Running statement: 
            SELECT * FROM online_orders 
            WHERE created_at > '2000-01-01 00:00:00'
            ORDER BY created_at ASC;
        , parameters: None
[2025-02-06T15:48:52.381+0000] {sql.py:562} INFO - Rows affected: 5445
[2025-02-06T15:48:52.534+0000] {etl.py:150} INFO - Extracted orders 5445 new rows from db_online_store.
[2025-02-06T15:48:52.538+0000] {sql.py:553} INFO - Running statement: 
            SELECT * FROM customers 
            WHERE updated_at > '2000-01-01 00:00:00'
            ORDER BY created_at ASC;
        , parameters: None
[2025-02-06T15:48:52.542+0000] {sql.py:562} INFO - Rows affected: 3092
[2025-02-06T15:48:52.583+0000] {etl.py:170} INFO - Extracted customers 3092 new rows from db_online_store.
[2025-02-06T15:48:52.588+0000] {python.py:240} INFO - Done. Returned value was: ('/tmp/online_oders_data.json', '/tmp/online_customer_data.json')
[2025-02-06T15:48:52.608+0000] {taskinstance.py:340} INFO - ::group::Post task execution logs
[2025-02-06T15:48:52.608+0000] {taskinstance.py:352} INFO - Marking task as SUCCESS. dag_id=etl_dag_incremental, task_id=extract_online_store_data, run_id=scheduled__2025-02-06T00:03:00+00:00, execution_date=20250206T000300, start_date=20250206T154852, end_date=20250206T154852
[2025-02-06T15:48:52.616+0000] {logging_mixin.py:190} INFO - Task instance in success state
[2025-02-06T15:48:52.616+0000] {logging_mixin.py:190} INFO -  Previous state of the Task instance: running
[2025-02-06T15:48:52.617+0000] {logging_mixin.py:190} INFO - Dag name:etl_dag_incremental queued_at:2025-02-06 15:48:46.020750+00:00
[2025-02-06T15:48:52.617+0000] {logging_mixin.py:190} INFO - Task hostname:f34e19f1f8c5 operator:PythonOperator
[2025-02-06T15:48:52.638+0000] {local_task_job_runner.py:266} INFO - Task exited with return code 0
[2025-02-06T15:48:52.665+0000] {taskinstance.py:3895} INFO - 1 downstream tasks scheduled from follow-on schedule check
[2025-02-06T15:48:52.666+0000] {local_task_job_runner.py:245} INFO - ::endgroup::
[2025-02-07T11:22:59.844+0000] {local_task_job_runner.py:123} INFO - ::group::Pre task execution logs
[2025-02-07T11:22:59.874+0000] {taskinstance.py:2613} INFO - Dependencies all met for dep_context=non-requeueable deps ti=<TaskInstance: etl_dag_incremental.extract_online_store_data scheduled__2025-02-06T00:03:00+00:00 [queued]>
[2025-02-07T11:22:59.889+0000] {taskinstance.py:2613} INFO - Dependencies all met for dep_context=requeueable deps ti=<TaskInstance: etl_dag_incremental.extract_online_store_data scheduled__2025-02-06T00:03:00+00:00 [queued]>
[2025-02-07T11:22:59.890+0000] {taskinstance.py:2866} INFO - Starting attempt 1 of 2
[2025-02-07T11:22:59.912+0000] {taskinstance.py:2889} INFO - Executing <Task(PythonOperator): extract_online_store_data> on 2025-02-06 00:03:00+00:00
[2025-02-07T11:22:59.928+0000] {warnings.py:112} WARNING - /home/***/.local/lib/python3.12/site-packages/***/task/task_runner/standard_task_runner.py:70: DeprecationWarning: This process (pid=155) is multi-threaded, use of fork() may lead to deadlocks in the child.
  pid = os.fork()

[2025-02-07T11:22:59.929+0000] {standard_task_runner.py:72} INFO - Started process 159 to run task
[2025-02-07T11:22:59.930+0000] {standard_task_runner.py:104} INFO - Running: ['***', 'tasks', 'run', 'etl_dag_incremental', 'extract_online_store_data', 'scheduled__2025-02-06T00:03:00+00:00', '--job-id', '621', '--raw', '--subdir', 'DAGS_FOLDER/etl.py', '--cfg-path', '/tmp/tmp5_2e903m']
[2025-02-07T11:22:59.932+0000] {standard_task_runner.py:105} INFO - Job 621: Subtask extract_online_store_data
[2025-02-07T11:23:00.028+0000] {task_command.py:467} INFO - Running <TaskInstance: etl_dag_incremental.extract_online_store_data scheduled__2025-02-06T00:03:00+00:00 [running]> on host f34e19f1f8c5
[2025-02-07T11:23:00.218+0000] {taskinstance.py:3132} INFO - Exporting env vars: AIRFLOW_CTX_DAG_OWNER='***' AIRFLOW_CTX_DAG_ID='etl_dag_incremental' AIRFLOW_CTX_TASK_ID='extract_online_store_data' AIRFLOW_CTX_EXECUTION_DATE='2025-02-06T00:03:00+00:00' AIRFLOW_CTX_TRY_NUMBER='1' AIRFLOW_CTX_DAG_RUN_ID='scheduled__2025-02-06T00:03:00+00:00'
[2025-02-07T11:23:00.221+0000] {logging_mixin.py:190} INFO - Task instance is in running state
[2025-02-07T11:23:00.222+0000] {logging_mixin.py:190} INFO -  Previous state of the Task instance: queued
[2025-02-07T11:23:00.222+0000] {logging_mixin.py:190} INFO - Current task name:extract_online_store_data state:running start_date:2025-02-07 11:22:59.874788+00:00
[2025-02-07T11:23:00.223+0000] {logging_mixin.py:190} INFO - Dag name:etl_dag_incremental and current dag run status:running
[2025-02-07T11:23:00.223+0000] {taskinstance.py:731} INFO - ::endgroup::
[2025-02-07T11:23:00.261+0000] {base.py:84} INFO - Retrieving connection 'online_store_conn'
[2025-02-07T11:23:00.266+0000] {sql.py:553} INFO - Running statement: 
            SELECT * FROM online_orders 
            WHERE created_at > '2000-01-01 00:00:00'
            ORDER BY created_at ASC;
        , parameters: None
[2025-02-07T11:23:00.297+0000] {sql.py:562} INFO - Rows affected: 9503
[2025-02-07T11:23:00.638+0000] {etl.py:150} INFO - Extracted orders 9503 new rows from db_online_store.
[2025-02-07T11:23:00.645+0000] {sql.py:553} INFO - Running statement: 
            SELECT * FROM customers 
            WHERE updated_at > '2000-01-01 00:00:00'
            ORDER BY created_at ASC;
        , parameters: None
[2025-02-07T11:23:00.653+0000] {sql.py:562} INFO - Rows affected: 3603
[2025-02-07T11:23:00.728+0000] {etl.py:170} INFO - Extracted customers 3603 new rows from db_online_store.
[2025-02-07T11:23:00.740+0000] {python.py:240} INFO - Done. Returned value was: ('/tmp/online_oders_data.json', '/tmp/online_customer_data.json')
[2025-02-07T11:23:00.789+0000] {taskinstance.py:340} INFO - ::group::Post task execution logs
[2025-02-07T11:23:00.789+0000] {taskinstance.py:352} INFO - Marking task as SUCCESS. dag_id=etl_dag_incremental, task_id=extract_online_store_data, run_id=scheduled__2025-02-06T00:03:00+00:00, execution_date=20250206T000300, start_date=20250207T112259, end_date=20250207T112300
[2025-02-07T11:23:00.800+0000] {logging_mixin.py:190} INFO - Task instance in success state
[2025-02-07T11:23:00.801+0000] {logging_mixin.py:190} INFO -  Previous state of the Task instance: running
[2025-02-07T11:23:00.801+0000] {logging_mixin.py:190} INFO - Dag name:etl_dag_incremental queued_at:2025-02-07 11:22:52.796324+00:00
[2025-02-07T11:23:00.801+0000] {logging_mixin.py:190} INFO - Task hostname:f34e19f1f8c5 operator:PythonOperator
[2025-02-07T11:23:00.828+0000] {local_task_job_runner.py:266} INFO - Task exited with return code 0
[2025-02-07T11:23:00.864+0000] {taskinstance.py:3895} INFO - 1 downstream tasks scheduled from follow-on schedule check
[2025-02-07T11:23:00.865+0000] {local_task_job_runner.py:245} INFO - ::endgroup::
