[2025-02-07T10:18:17.799+0000] {local_task_job_runner.py:123} INFO - ::group::Pre task execution logs
[2025-02-07T10:18:17.828+0000] {taskinstance.py:2613} INFO - Dependencies all met for dep_context=non-requeueable deps ti=<TaskInstance: etl_dag_incremental.extract_online_store_data scheduled__2025-02-06T00:15:00+00:00 [queued]>
[2025-02-07T10:18:17.843+0000] {taskinstance.py:2613} INFO - Dependencies all met for dep_context=requeueable deps ti=<TaskInstance: etl_dag_incremental.extract_online_store_data scheduled__2025-02-06T00:15:00+00:00 [queued]>
[2025-02-07T10:18:17.843+0000] {taskinstance.py:2866} INFO - Starting attempt 1 of 2
[2025-02-07T10:18:17.864+0000] {taskinstance.py:2889} INFO - Executing <Task(PythonOperator): extract_online_store_data> on 2025-02-06 00:15:00+00:00
[2025-02-07T10:18:17.882+0000] {warnings.py:112} WARNING - /home/***/.local/lib/python3.12/site-packages/***/task/task_runner/standard_task_runner.py:70: DeprecationWarning: This process (pid=237) is multi-threaded, use of fork() may lead to deadlocks in the child.
  pid = os.fork()

[2025-02-07T10:18:17.884+0000] {standard_task_runner.py:72} INFO - Started process 241 to run task
[2025-02-07T10:18:17.884+0000] {standard_task_runner.py:104} INFO - Running: ['***', 'tasks', 'run', 'etl_dag_incremental', 'extract_online_store_data', 'scheduled__2025-02-06T00:15:00+00:00', '--job-id', '534', '--raw', '--subdir', 'DAGS_FOLDER/etl.py', '--cfg-path', '/tmp/tmptmvcgoce']
[2025-02-07T10:18:17.886+0000] {standard_task_runner.py:105} INFO - Job 534: Subtask extract_online_store_data
[2025-02-07T10:18:17.965+0000] {task_command.py:467} INFO - Running <TaskInstance: etl_dag_incremental.extract_online_store_data scheduled__2025-02-06T00:15:00+00:00 [running]> on host f34e19f1f8c5
[2025-02-07T10:18:18.088+0000] {taskinstance.py:3132} INFO - Exporting env vars: AIRFLOW_CTX_DAG_OWNER='***' AIRFLOW_CTX_DAG_ID='etl_dag_incremental' AIRFLOW_CTX_TASK_ID='extract_online_store_data' AIRFLOW_CTX_EXECUTION_DATE='2025-02-06T00:15:00+00:00' AIRFLOW_CTX_TRY_NUMBER='1' AIRFLOW_CTX_DAG_RUN_ID='scheduled__2025-02-06T00:15:00+00:00'
[2025-02-07T10:18:18.091+0000] {logging_mixin.py:190} INFO - Task instance is in running state
[2025-02-07T10:18:18.093+0000] {logging_mixin.py:190} INFO -  Previous state of the Task instance: queued
[2025-02-07T10:18:18.093+0000] {logging_mixin.py:190} INFO - Current task name:extract_online_store_data state:running start_date:2025-02-07 10:18:17.829302+00:00
[2025-02-07T10:18:18.094+0000] {logging_mixin.py:190} INFO - Dag name:etl_dag_incremental and current dag run status:running
[2025-02-07T10:18:18.094+0000] {taskinstance.py:731} INFO - ::endgroup::
[2025-02-07T10:18:18.123+0000] {base.py:84} INFO - Retrieving connection 'online_store_conn'
[2025-02-07T10:18:18.130+0000] {sql.py:553} INFO - Running statement: 
            SELECT * FROM online_orders 
            WHERE created_at > '2000-01-01 00:00:00'
            ORDER BY created_at ASC;
        , parameters: None
[2025-02-07T10:18:18.156+0000] {sql.py:562} INFO - Rows affected: 8540
[2025-02-07T10:18:18.488+0000] {etl.py:150} INFO - Extracted orders 8540 new rows from db_online_store.
[2025-02-07T10:18:18.496+0000] {sql.py:553} INFO - Running statement: 
            SELECT * FROM customers 
            WHERE updated_at > '2000-01-01 00:00:00'
            ORDER BY created_at ASC;
        , parameters: None
[2025-02-07T10:18:18.503+0000] {sql.py:562} INFO - Rows affected: 3529
[2025-02-07T10:18:18.570+0000] {etl.py:170} INFO - Extracted customers 3529 new rows from db_online_store.
[2025-02-07T10:18:18.579+0000] {python.py:240} INFO - Done. Returned value was: ('/tmp/online_oders_data.json', '/tmp/online_customer_data.json')
[2025-02-07T10:18:18.614+0000] {taskinstance.py:340} INFO - ::group::Post task execution logs
[2025-02-07T10:18:18.615+0000] {taskinstance.py:352} INFO - Marking task as SUCCESS. dag_id=etl_dag_incremental, task_id=extract_online_store_data, run_id=scheduled__2025-02-06T00:15:00+00:00, execution_date=20250206T001500, start_date=20250207T101817, end_date=20250207T101818
[2025-02-07T10:18:18.632+0000] {logging_mixin.py:190} INFO - Task instance in success state
[2025-02-07T10:18:18.633+0000] {logging_mixin.py:190} INFO -  Previous state of the Task instance: running
[2025-02-07T10:18:18.633+0000] {logging_mixin.py:190} INFO - Dag name:etl_dag_incremental queued_at:2025-02-07 10:18:10.377615+00:00
[2025-02-07T10:18:18.634+0000] {logging_mixin.py:190} INFO - Task hostname:f34e19f1f8c5 operator:PythonOperator
[2025-02-07T10:18:18.663+0000] {local_task_job_runner.py:266} INFO - Task exited with return code 0
[2025-02-07T10:18:18.701+0000] {taskinstance.py:3895} INFO - 1 downstream tasks scheduled from follow-on schedule check
[2025-02-07T10:18:18.703+0000] {local_task_job_runner.py:245} INFO - ::endgroup::
