[2025-02-07T11:10:12.544+0000] {local_task_job_runner.py:123} INFO - ::group::Pre task execution logs
[2025-02-07T11:10:12.582+0000] {taskinstance.py:2613} INFO - Dependencies all met for dep_context=non-requeueable deps ti=<TaskInstance: etl_dag_incremental.extract_physical_store_data manual__2025-02-07T11:03:53.878483+00:00 [queued]>
[2025-02-07T11:10:12.610+0000] {taskinstance.py:2613} INFO - Dependencies all met for dep_context=requeueable deps ti=<TaskInstance: etl_dag_incremental.extract_physical_store_data manual__2025-02-07T11:03:53.878483+00:00 [queued]>
[2025-02-07T11:10:12.610+0000] {taskinstance.py:2866} INFO - Starting attempt 1 of 2
[2025-02-07T11:10:12.649+0000] {taskinstance.py:2889} INFO - Executing <Task(PythonOperator): extract_physical_store_data> on 2025-02-07 11:03:53.878483+00:00
[2025-02-07T11:10:12.672+0000] {warnings.py:112} WARNING - /home/***/.local/lib/python3.12/site-packages/***/task/task_runner/standard_task_runner.py:70: DeprecationWarning: This process (pid=86) is multi-threaded, use of fork() may lead to deadlocks in the child.
  pid = os.fork()

[2025-02-07T11:10:12.676+0000] {standard_task_runner.py:72} INFO - Started process 91 to run task
[2025-02-07T11:10:12.678+0000] {standard_task_runner.py:104} INFO - Running: ['***', 'tasks', 'run', 'etl_dag_incremental', 'extract_physical_store_data', 'manual__2025-02-07T11:03:53.878483+00:00', '--job-id', '581', '--raw', '--subdir', 'DAGS_FOLDER/etl.py', '--cfg-path', '/tmp/tmpqq1c1icp']
[2025-02-07T11:10:12.680+0000] {standard_task_runner.py:105} INFO - Job 581: Subtask extract_physical_store_data
[2025-02-07T11:10:12.773+0000] {task_command.py:467} INFO - Running <TaskInstance: etl_dag_incremental.extract_physical_store_data manual__2025-02-07T11:03:53.878483+00:00 [running]> on host f34e19f1f8c5
[2025-02-07T11:10:12.945+0000] {taskinstance.py:3132} INFO - Exporting env vars: AIRFLOW_CTX_DAG_OWNER='***' AIRFLOW_CTX_DAG_ID='etl_dag_incremental' AIRFLOW_CTX_TASK_ID='extract_physical_store_data' AIRFLOW_CTX_EXECUTION_DATE='2025-02-07T11:03:53.878483+00:00' AIRFLOW_CTX_TRY_NUMBER='1' AIRFLOW_CTX_DAG_RUN_ID='manual__2025-02-07T11:03:53.878483+00:00'
[2025-02-07T11:10:12.948+0000] {logging_mixin.py:190} INFO - Task instance is in running state
[2025-02-07T11:10:12.949+0000] {logging_mixin.py:190} INFO -  Previous state of the Task instance: queued
[2025-02-07T11:10:12.949+0000] {logging_mixin.py:190} INFO - Current task name:extract_physical_store_data state:running start_date:2025-02-07 11:10:12.583719+00:00
[2025-02-07T11:10:12.949+0000] {logging_mixin.py:190} INFO - Dag name:etl_dag_incremental and current dag run status:running
[2025-02-07T11:10:12.950+0000] {taskinstance.py:731} INFO - ::endgroup::
[2025-02-07T11:10:12.993+0000] {base.py:84} INFO - Retrieving connection 'physical_store_conn'
[2025-02-07T11:10:13.000+0000] {sql.py:553} INFO - Running statement: 
            SELECT * FROM physical_orders 
            WHERE created_at > '2000-01-01 00:00:00'
            ORDER BY created_at ASC;
        , parameters: None
[2025-02-07T11:10:13.030+0000] {sql.py:562} INFO - Rows affected: 9312
[2025-02-07T11:10:13.264+0000] {etl.py:203} INFO - Extracted 9312 new rows from db_physical_store.
[2025-02-07T11:10:13.268+0000] {python.py:240} INFO - Done. Returned value was: /tmp/physical_data.json
[2025-02-07T11:10:13.303+0000] {taskinstance.py:340} INFO - ::group::Post task execution logs
[2025-02-07T11:10:13.304+0000] {taskinstance.py:352} INFO - Marking task as SUCCESS. dag_id=etl_dag_incremental, task_id=extract_physical_store_data, run_id=manual__2025-02-07T11:03:53.878483+00:00, execution_date=20250207T110353, start_date=20250207T111012, end_date=20250207T111013
[2025-02-07T11:10:13.319+0000] {logging_mixin.py:190} INFO - Task instance in success state
[2025-02-07T11:10:13.319+0000] {logging_mixin.py:190} INFO -  Previous state of the Task instance: running
[2025-02-07T11:10:13.320+0000] {logging_mixin.py:190} INFO - Dag name:etl_dag_incremental queued_at:2025-02-07 11:03:54.698561+00:00
[2025-02-07T11:10:13.320+0000] {logging_mixin.py:190} INFO - Task hostname:f34e19f1f8c5 operator:PythonOperator
[2025-02-07T11:10:13.376+0000] {local_task_job_runner.py:266} INFO - Task exited with return code 0
[2025-02-07T11:10:13.412+0000] {taskinstance.py:3895} INFO - 0 downstream tasks scheduled from follow-on schedule check
[2025-02-07T11:10:13.414+0000] {local_task_job_runner.py:245} INFO - ::endgroup::
