[2025-02-07T11:03:58.063+0000] {local_task_job_runner.py:123} INFO - ::group::Pre task execution logs
[2025-02-07T11:03:58.142+0000] {taskinstance.py:2613} INFO - Dependencies all met for dep_context=non-requeueable deps ti=<TaskInstance: etl_dag_incremental.extract_physical_store_data scheduled__2025-02-06T00:19:00+00:00 [queued]>
[2025-02-07T11:03:58.182+0000] {taskinstance.py:2613} INFO - Dependencies all met for dep_context=requeueable deps ti=<TaskInstance: etl_dag_incremental.extract_physical_store_data scheduled__2025-02-06T00:19:00+00:00 [queued]>
[2025-02-07T11:03:58.183+0000] {taskinstance.py:2866} INFO - Starting attempt 1 of 2
[2025-02-07T11:03:58.235+0000] {taskinstance.py:2889} INFO - Executing <Task(PythonOperator): extract_physical_store_data> on 2025-02-06 00:19:00+00:00
[2025-02-07T11:03:58.268+0000] {warnings.py:112} WARNING - /home/***/.local/lib/python3.12/site-packages/***/task/task_runner/standard_task_runner.py:70: DeprecationWarning: This process (pid=75) is multi-threaded, use of fork() may lead to deadlocks in the child.
  pid = os.fork()

[2025-02-07T11:03:58.274+0000] {standard_task_runner.py:72} INFO - Started process 80 to run task
[2025-02-07T11:03:58.275+0000] {standard_task_runner.py:104} INFO - Running: ['***', 'tasks', 'run', 'etl_dag_incremental', 'extract_physical_store_data', 'scheduled__2025-02-06T00:19:00+00:00', '--job-id', '573', '--raw', '--subdir', 'DAGS_FOLDER/etl.py', '--cfg-path', '/tmp/tmpjv6xylk3']
[2025-02-07T11:03:58.280+0000] {standard_task_runner.py:105} INFO - Job 573: Subtask extract_physical_store_data
[2025-02-07T11:03:58.579+0000] {task_command.py:467} INFO - Running <TaskInstance: etl_dag_incremental.extract_physical_store_data scheduled__2025-02-06T00:19:00+00:00 [running]> on host f34e19f1f8c5
[2025-02-07T11:03:58.966+0000] {taskinstance.py:3132} INFO - Exporting env vars: AIRFLOW_CTX_DAG_OWNER='***' AIRFLOW_CTX_DAG_ID='etl_dag_incremental' AIRFLOW_CTX_TASK_ID='extract_physical_store_data' AIRFLOW_CTX_EXECUTION_DATE='2025-02-06T00:19:00+00:00' AIRFLOW_CTX_TRY_NUMBER='1' AIRFLOW_CTX_DAG_RUN_ID='scheduled__2025-02-06T00:19:00+00:00'
[2025-02-07T11:03:58.974+0000] {logging_mixin.py:190} INFO - Task instance is in running state
[2025-02-07T11:03:58.975+0000] {logging_mixin.py:190} INFO -  Previous state of the Task instance: queued
[2025-02-07T11:03:58.976+0000] {logging_mixin.py:190} INFO - Current task name:extract_physical_store_data state:running start_date:2025-02-07 11:03:58.145473+00:00
[2025-02-07T11:03:58.976+0000] {logging_mixin.py:190} INFO - Dag name:etl_dag_incremental and current dag run status:running
[2025-02-07T11:03:58.978+0000] {taskinstance.py:731} INFO - ::endgroup::
[2025-02-07T11:03:59.051+0000] {base.py:84} INFO - Retrieving connection 'physical_store_conn'
[2025-02-07T11:03:59.066+0000] {sql.py:553} INFO - Running statement: 
            SELECT * FROM physical_orders 
            WHERE created_at > '2000-01-01 00:00:00'
            ORDER BY created_at ASC;
        , parameters: None
[2025-02-07T11:03:59.107+0000] {sql.py:562} INFO - Rows affected: 9220
[2025-02-07T11:03:59.540+0000] {etl.py:203} INFO - Extracted 9220 new rows from db_physical_store.
[2025-02-07T11:03:59.548+0000] {python.py:240} INFO - Done. Returned value was: /tmp/physical_data.json
[2025-02-07T11:03:59.599+0000] {taskinstance.py:340} INFO - ::group::Post task execution logs
[2025-02-07T11:03:59.601+0000] {taskinstance.py:352} INFO - Marking task as SUCCESS. dag_id=etl_dag_incremental, task_id=extract_physical_store_data, run_id=scheduled__2025-02-06T00:19:00+00:00, execution_date=20250206T001900, start_date=20250207T110358, end_date=20250207T110359
[2025-02-07T11:03:59.634+0000] {logging_mixin.py:190} INFO - Task instance in success state
[2025-02-07T11:03:59.646+0000] {logging_mixin.py:190} INFO -  Previous state of the Task instance: running
[2025-02-07T11:03:59.648+0000] {logging_mixin.py:190} INFO - Dag name:etl_dag_incremental queued_at:2025-02-07 11:03:46.927131+00:00
[2025-02-07T11:03:59.648+0000] {logging_mixin.py:190} INFO - Task hostname:f34e19f1f8c5 operator:PythonOperator
[2025-02-07T11:03:59.725+0000] {local_task_job_runner.py:266} INFO - Task exited with return code 0
[2025-02-07T11:03:59.814+0000] {taskinstance.py:3895} INFO - 0 downstream tasks scheduled from follow-on schedule check
[2025-02-07T11:03:59.817+0000] {local_task_job_runner.py:245} INFO - ::endgroup::
