[2025-02-06T15:29:19.298+0000] {local_task_job_runner.py:123} INFO - ::group::Pre task execution logs
[2025-02-06T15:29:19.314+0000] {taskinstance.py:2613} INFO - Dependencies all met for dep_context=non-requeueable deps ti=<TaskInstance: etl_dag_incremental.get_last_timestamp scheduled__2025-02-06T00:02:00+00:00 [queued]>
[2025-02-06T15:29:19.322+0000] {taskinstance.py:2613} INFO - Dependencies all met for dep_context=requeueable deps ti=<TaskInstance: etl_dag_incremental.get_last_timestamp scheduled__2025-02-06T00:02:00+00:00 [queued]>
[2025-02-06T15:29:19.322+0000] {taskinstance.py:2866} INFO - Starting attempt 1 of 2
[2025-02-06T15:29:19.334+0000] {taskinstance.py:2889} INFO - Executing <Task(PythonOperator): get_last_timestamp> on 2025-02-06 00:02:00+00:00
[2025-02-06T15:29:19.344+0000] {warnings.py:112} WARNING - /home/***/.local/lib/python3.12/site-packages/***/task/task_runner/standard_task_runner.py:70: DeprecationWarning: This process (pid=344) is multi-threaded, use of fork() may lead to deadlocks in the child.
  pid = os.fork()

[2025-02-06T15:29:19.345+0000] {standard_task_runner.py:72} INFO - Started process 353 to run task
[2025-02-06T15:29:19.346+0000] {standard_task_runner.py:104} INFO - Running: ['***', 'tasks', 'run', 'etl_dag_incremental', 'get_last_timestamp', 'scheduled__2025-02-06T00:02:00+00:00', '--job-id', '318', '--raw', '--subdir', 'DAGS_FOLDER/etl.py', '--cfg-path', '/tmp/tmpgnv1joqj']
[2025-02-06T15:29:19.347+0000] {standard_task_runner.py:105} INFO - Job 318: Subtask get_last_timestamp
[2025-02-06T15:29:19.388+0000] {task_command.py:467} INFO - Running <TaskInstance: etl_dag_incremental.get_last_timestamp scheduled__2025-02-06T00:02:00+00:00 [running]> on host f34e19f1f8c5
[2025-02-06T15:29:19.461+0000] {taskinstance.py:3132} INFO - Exporting env vars: AIRFLOW_CTX_DAG_OWNER='***' AIRFLOW_CTX_DAG_ID='etl_dag_incremental' AIRFLOW_CTX_TASK_ID='get_last_timestamp' AIRFLOW_CTX_EXECUTION_DATE='2025-02-06T00:02:00+00:00' AIRFLOW_CTX_TRY_NUMBER='1' AIRFLOW_CTX_DAG_RUN_ID='scheduled__2025-02-06T00:02:00+00:00'
[2025-02-06T15:29:19.462+0000] {logging_mixin.py:190} INFO - Task instance is in running state
[2025-02-06T15:29:19.462+0000] {logging_mixin.py:190} INFO -  Previous state of the Task instance: queued
[2025-02-06T15:29:19.463+0000] {logging_mixin.py:190} INFO - Current task name:get_last_timestamp state:running start_date:2025-02-06 15:29:19.315062+00:00
[2025-02-06T15:29:19.463+0000] {logging_mixin.py:190} INFO - Dag name:etl_dag_incremental and current dag run status:running
[2025-02-06T15:29:19.463+0000] {taskinstance.py:731} INFO - ::endgroup::
[2025-02-06T15:29:19.471+0000] {python.py:240} INFO - Done. Returned value was: 2000-01-01 00:00:00
[2025-02-06T15:29:19.491+0000] {taskinstance.py:340} INFO - ::group::Post task execution logs
[2025-02-06T15:29:19.491+0000] {taskinstance.py:352} INFO - Marking task as SUCCESS. dag_id=etl_dag_incremental, task_id=get_last_timestamp, run_id=scheduled__2025-02-06T00:02:00+00:00, execution_date=20250206T000200, start_date=20250206T152919, end_date=20250206T152919
[2025-02-06T15:29:19.502+0000] {logging_mixin.py:190} INFO - Task instance in success state
[2025-02-06T15:29:19.503+0000] {logging_mixin.py:190} INFO -  Previous state of the Task instance: running
[2025-02-06T15:29:19.504+0000] {logging_mixin.py:190} INFO - Dag name:etl_dag_incremental queued_at:2025-02-06 15:29:17.219597+00:00
[2025-02-06T15:29:19.504+0000] {logging_mixin.py:190} INFO - Task hostname:f34e19f1f8c5 operator:PythonOperator
[2025-02-06T15:29:19.519+0000] {local_task_job_runner.py:266} INFO - Task exited with return code 0
[2025-02-06T15:29:19.542+0000] {taskinstance.py:3895} INFO - 2 downstream tasks scheduled from follow-on schedule check
[2025-02-06T15:29:19.543+0000] {local_task_job_runner.py:245} INFO - ::endgroup::
[2025-02-07T11:22:07.851+0000] {local_task_job_runner.py:123} INFO - ::group::Pre task execution logs
[2025-02-07T11:22:07.872+0000] {taskinstance.py:2613} INFO - Dependencies all met for dep_context=non-requeueable deps ti=<TaskInstance: etl_dag_incremental.get_last_timestamp scheduled__2025-02-06T00:02:00+00:00 [queued]>
[2025-02-07T11:22:07.882+0000] {taskinstance.py:2613} INFO - Dependencies all met for dep_context=requeueable deps ti=<TaskInstance: etl_dag_incremental.get_last_timestamp scheduled__2025-02-06T00:02:00+00:00 [queued]>
[2025-02-07T11:22:07.883+0000] {taskinstance.py:2866} INFO - Starting attempt 1 of 2
[2025-02-07T11:22:07.910+0000] {taskinstance.py:2889} INFO - Executing <Task(PythonOperator): get_last_timestamp> on 2025-02-06 00:02:00+00:00
[2025-02-07T11:22:07.939+0000] {warnings.py:112} WARNING - /home/***/.local/lib/python3.12/site-packages/***/task/task_runner/standard_task_runner.py:70: DeprecationWarning: This process (pid=124) is multi-threaded, use of fork() may lead to deadlocks in the child.
  pid = os.fork()

[2025-02-07T11:22:07.942+0000] {standard_task_runner.py:72} INFO - Started process 126 to run task
[2025-02-07T11:22:07.943+0000] {standard_task_runner.py:104} INFO - Running: ['***', 'tasks', 'run', 'etl_dag_incremental', 'get_last_timestamp', 'scheduled__2025-02-06T00:02:00+00:00', '--job-id', '615', '--raw', '--subdir', 'DAGS_FOLDER/etl.py', '--cfg-path', '/tmp/tmphk62ql3v']
[2025-02-07T11:22:07.945+0000] {standard_task_runner.py:105} INFO - Job 615: Subtask get_last_timestamp
[2025-02-07T11:22:08.037+0000] {task_command.py:467} INFO - Running <TaskInstance: etl_dag_incremental.get_last_timestamp scheduled__2025-02-06T00:02:00+00:00 [running]> on host f34e19f1f8c5
[2025-02-07T11:22:08.201+0000] {taskinstance.py:3132} INFO - Exporting env vars: AIRFLOW_CTX_DAG_OWNER='***' AIRFLOW_CTX_DAG_ID='etl_dag_incremental' AIRFLOW_CTX_TASK_ID='get_last_timestamp' AIRFLOW_CTX_EXECUTION_DATE='2025-02-06T00:02:00+00:00' AIRFLOW_CTX_TRY_NUMBER='1' AIRFLOW_CTX_DAG_RUN_ID='scheduled__2025-02-06T00:02:00+00:00'
[2025-02-07T11:22:08.203+0000] {logging_mixin.py:190} INFO - Task instance is in running state
[2025-02-07T11:22:08.203+0000] {logging_mixin.py:190} INFO -  Previous state of the Task instance: queued
[2025-02-07T11:22:08.203+0000] {logging_mixin.py:190} INFO - Current task name:get_last_timestamp state:running start_date:2025-02-07 11:22:07.873015+00:00
[2025-02-07T11:22:08.204+0000] {logging_mixin.py:190} INFO - Dag name:etl_dag_incremental and current dag run status:running
[2025-02-07T11:22:08.204+0000] {taskinstance.py:731} INFO - ::endgroup::
[2025-02-07T11:22:08.216+0000] {python.py:240} INFO - Done. Returned value was: 2000-01-01 00:00:00
[2025-02-07T11:22:08.253+0000] {taskinstance.py:340} INFO - ::group::Post task execution logs
[2025-02-07T11:22:08.254+0000] {taskinstance.py:352} INFO - Marking task as SUCCESS. dag_id=etl_dag_incremental, task_id=get_last_timestamp, run_id=scheduled__2025-02-06T00:02:00+00:00, execution_date=20250206T000200, start_date=20250207T112207, end_date=20250207T112208
[2025-02-07T11:22:08.268+0000] {logging_mixin.py:190} INFO - Task instance in success state
[2025-02-07T11:22:08.269+0000] {logging_mixin.py:190} INFO -  Previous state of the Task instance: running
[2025-02-07T11:22:08.269+0000] {logging_mixin.py:190} INFO - Dag name:etl_dag_incremental queued_at:2025-02-07 11:22:04.748334+00:00
[2025-02-07T11:22:08.269+0000] {logging_mixin.py:190} INFO - Task hostname:f34e19f1f8c5 operator:PythonOperator
[2025-02-07T11:22:08.321+0000] {local_task_job_runner.py:266} INFO - Task exited with return code 0
[2025-02-07T11:22:08.441+0000] {taskinstance.py:3895} INFO - 2 downstream tasks scheduled from follow-on schedule check
[2025-02-07T11:22:08.446+0000] {local_task_job_runner.py:245} INFO - ::endgroup::
