[2025-02-06T15:29:21.676+0000] {local_task_job_runner.py:123} INFO - ::group::Pre task execution logs
[2025-02-06T15:29:21.697+0000] {taskinstance.py:2613} INFO - Dependencies all met for dep_context=non-requeueable deps ti=<TaskInstance: etl_dag_incremental.extract_physical_store_data scheduled__2025-02-06T00:02:00+00:00 [queued]>
[2025-02-06T15:29:21.705+0000] {taskinstance.py:2613} INFO - Dependencies all met for dep_context=requeueable deps ti=<TaskInstance: etl_dag_incremental.extract_physical_store_data scheduled__2025-02-06T00:02:00+00:00 [queued]>
[2025-02-06T15:29:21.705+0000] {taskinstance.py:2866} INFO - Starting attempt 1 of 2
[2025-02-06T15:29:21.719+0000] {taskinstance.py:2889} INFO - Executing <Task(PythonOperator): extract_physical_store_data> on 2025-02-06 00:02:00+00:00
[2025-02-06T15:29:21.729+0000] {warnings.py:112} WARNING - /home/***/.local/lib/python3.12/site-packages/***/task/task_runner/standard_task_runner.py:70: DeprecationWarning: This process (pid=356) is multi-threaded, use of fork() may lead to deadlocks in the child.
  pid = os.fork()

[2025-02-06T15:29:21.730+0000] {standard_task_runner.py:72} INFO - Started process 359 to run task
[2025-02-06T15:29:21.731+0000] {standard_task_runner.py:104} INFO - Running: ['***', 'tasks', 'run', 'etl_dag_incremental', 'extract_physical_store_data', 'scheduled__2025-02-06T00:02:00+00:00', '--job-id', '319', '--raw', '--subdir', 'DAGS_FOLDER/etl.py', '--cfg-path', '/tmp/tmpwmwgc8l1']
[2025-02-06T15:29:21.732+0000] {standard_task_runner.py:105} INFO - Job 319: Subtask extract_physical_store_data
[2025-02-06T15:29:21.792+0000] {task_command.py:467} INFO - Running <TaskInstance: etl_dag_incremental.extract_physical_store_data scheduled__2025-02-06T00:02:00+00:00 [running]> on host f34e19f1f8c5
[2025-02-06T15:29:21.902+0000] {taskinstance.py:3132} INFO - Exporting env vars: AIRFLOW_CTX_DAG_OWNER='***' AIRFLOW_CTX_DAG_ID='etl_dag_incremental' AIRFLOW_CTX_TASK_ID='extract_physical_store_data' AIRFLOW_CTX_EXECUTION_DATE='2025-02-06T00:02:00+00:00' AIRFLOW_CTX_TRY_NUMBER='1' AIRFLOW_CTX_DAG_RUN_ID='scheduled__2025-02-06T00:02:00+00:00'
[2025-02-06T15:29:21.903+0000] {logging_mixin.py:190} INFO - Task instance is in running state
[2025-02-06T15:29:21.904+0000] {logging_mixin.py:190} INFO -  Previous state of the Task instance: queued
[2025-02-06T15:29:21.904+0000] {logging_mixin.py:190} INFO - Current task name:extract_physical_store_data state:running start_date:2025-02-06 15:29:21.697331+00:00
[2025-02-06T15:29:21.904+0000] {logging_mixin.py:190} INFO - Dag name:etl_dag_incremental and current dag run status:running
[2025-02-06T15:29:21.904+0000] {taskinstance.py:731} INFO - ::endgroup::
[2025-02-06T15:29:21.927+0000] {base.py:84} INFO - Retrieving connection 'physical_store_conn'
[2025-02-06T15:29:21.931+0000] {sql.py:553} INFO - Running statement: 
            SELECT * FROM physical_orders 
            WHERE created_at > '2000-01-01 00:00:00'
            ORDER BY created_at ASC;
        , parameters: None
[2025-02-06T15:29:21.942+0000] {sql.py:562} INFO - Rows affected: 5154
[2025-02-06T15:29:22.066+0000] {etl.py:203} INFO - Extracted 5154 new rows from db_physical_store.
[2025-02-06T15:29:22.068+0000] {python.py:240} INFO - Done. Returned value was: /tmp/physical_data.json
[2025-02-06T15:29:22.088+0000] {taskinstance.py:340} INFO - ::group::Post task execution logs
[2025-02-06T15:29:22.089+0000] {taskinstance.py:352} INFO - Marking task as SUCCESS. dag_id=etl_dag_incremental, task_id=extract_physical_store_data, run_id=scheduled__2025-02-06T00:02:00+00:00, execution_date=20250206T000200, start_date=20250206T152921, end_date=20250206T152922
[2025-02-06T15:29:22.095+0000] {logging_mixin.py:190} INFO - Task instance in success state
[2025-02-06T15:29:22.095+0000] {logging_mixin.py:190} INFO -  Previous state of the Task instance: running
[2025-02-06T15:29:22.095+0000] {logging_mixin.py:190} INFO - Dag name:etl_dag_incremental queued_at:2025-02-06 15:29:17.219597+00:00
[2025-02-06T15:29:22.095+0000] {logging_mixin.py:190} INFO - Task hostname:f34e19f1f8c5 operator:PythonOperator
[2025-02-06T15:29:22.145+0000] {local_task_job_runner.py:266} INFO - Task exited with return code 0
[2025-02-06T15:29:22.164+0000] {taskinstance.py:3895} INFO - 0 downstream tasks scheduled from follow-on schedule check
[2025-02-06T15:29:22.165+0000] {local_task_job_runner.py:245} INFO - ::endgroup::
[2025-02-07T11:22:12.906+0000] {local_task_job_runner.py:123} INFO - ::group::Pre task execution logs
[2025-02-07T11:22:12.935+0000] {taskinstance.py:2613} INFO - Dependencies all met for dep_context=non-requeueable deps ti=<TaskInstance: etl_dag_incremental.extract_physical_store_data scheduled__2025-02-06T00:02:00+00:00 [queued]>
[2025-02-07T11:22:12.954+0000] {taskinstance.py:2613} INFO - Dependencies all met for dep_context=requeueable deps ti=<TaskInstance: etl_dag_incremental.extract_physical_store_data scheduled__2025-02-06T00:02:00+00:00 [queued]>
[2025-02-07T11:22:12.954+0000] {taskinstance.py:2866} INFO - Starting attempt 1 of 2
[2025-02-07T11:22:12.975+0000] {taskinstance.py:2889} INFO - Executing <Task(PythonOperator): extract_physical_store_data> on 2025-02-06 00:02:00+00:00
[2025-02-07T11:22:12.988+0000] {warnings.py:112} WARNING - /home/***/.local/lib/python3.12/site-packages/***/task/task_runner/standard_task_runner.py:70: DeprecationWarning: This process (pid=128) is multi-threaded, use of fork() may lead to deadlocks in the child.
  pid = os.fork()

[2025-02-07T11:22:12.990+0000] {standard_task_runner.py:72} INFO - Started process 132 to run task
[2025-02-07T11:22:12.991+0000] {standard_task_runner.py:104} INFO - Running: ['***', 'tasks', 'run', 'etl_dag_incremental', 'extract_physical_store_data', 'scheduled__2025-02-06T00:02:00+00:00', '--job-id', '616', '--raw', '--subdir', 'DAGS_FOLDER/etl.py', '--cfg-path', '/tmp/tmp20jgoqc6']
[2025-02-07T11:22:12.992+0000] {standard_task_runner.py:105} INFO - Job 616: Subtask extract_physical_store_data
[2025-02-07T11:22:13.076+0000] {task_command.py:467} INFO - Running <TaskInstance: etl_dag_incremental.extract_physical_store_data scheduled__2025-02-06T00:02:00+00:00 [running]> on host f34e19f1f8c5
[2025-02-07T11:22:13.270+0000] {taskinstance.py:3132} INFO - Exporting env vars: AIRFLOW_CTX_DAG_OWNER='***' AIRFLOW_CTX_DAG_ID='etl_dag_incremental' AIRFLOW_CTX_TASK_ID='extract_physical_store_data' AIRFLOW_CTX_EXECUTION_DATE='2025-02-06T00:02:00+00:00' AIRFLOW_CTX_TRY_NUMBER='1' AIRFLOW_CTX_DAG_RUN_ID='scheduled__2025-02-06T00:02:00+00:00'
[2025-02-07T11:22:13.273+0000] {logging_mixin.py:190} INFO - Task instance is in running state
[2025-02-07T11:22:13.274+0000] {logging_mixin.py:190} INFO -  Previous state of the Task instance: queued
[2025-02-07T11:22:13.274+0000] {logging_mixin.py:190} INFO - Current task name:extract_physical_store_data state:running start_date:2025-02-07 11:22:12.936007+00:00
[2025-02-07T11:22:13.274+0000] {logging_mixin.py:190} INFO - Dag name:etl_dag_incremental and current dag run status:running
[2025-02-07T11:22:13.274+0000] {taskinstance.py:731} INFO - ::endgroup::
[2025-02-07T11:22:13.311+0000] {base.py:84} INFO - Retrieving connection 'physical_store_conn'
[2025-02-07T11:22:13.316+0000] {sql.py:553} INFO - Running statement: 
            SELECT * FROM physical_orders 
            WHERE created_at > '2000-01-01 00:00:00'
            ORDER BY created_at ASC;
        , parameters: None
[2025-02-07T11:22:13.348+0000] {sql.py:562} INFO - Rows affected: 9491
[2025-02-07T11:22:13.647+0000] {etl.py:203} INFO - Extracted 9491 new rows from db_physical_store.
[2025-02-07T11:22:13.654+0000] {python.py:240} INFO - Done. Returned value was: /tmp/physical_data.json
[2025-02-07T11:22:13.691+0000] {taskinstance.py:340} INFO - ::group::Post task execution logs
[2025-02-07T11:22:13.691+0000] {taskinstance.py:352} INFO - Marking task as SUCCESS. dag_id=etl_dag_incremental, task_id=extract_physical_store_data, run_id=scheduled__2025-02-06T00:02:00+00:00, execution_date=20250206T000200, start_date=20250207T112212, end_date=20250207T112213
[2025-02-07T11:22:13.706+0000] {logging_mixin.py:190} INFO - Task instance in success state
[2025-02-07T11:22:13.706+0000] {logging_mixin.py:190} INFO -  Previous state of the Task instance: running
[2025-02-07T11:22:13.707+0000] {logging_mixin.py:190} INFO - Dag name:etl_dag_incremental queued_at:2025-02-07 11:22:04.748334+00:00
[2025-02-07T11:22:13.707+0000] {logging_mixin.py:190} INFO - Task hostname:f34e19f1f8c5 operator:PythonOperator
[2025-02-07T11:22:13.730+0000] {local_task_job_runner.py:266} INFO - Task exited with return code 0
[2025-02-07T11:22:13.769+0000] {taskinstance.py:3895} INFO - 0 downstream tasks scheduled from follow-on schedule check
[2025-02-07T11:22:13.773+0000] {local_task_job_runner.py:245} INFO - ::endgroup::
