[2025-02-07T10:37:14.949+0000] {local_task_job_runner.py:123} INFO - ::group::Pre task execution logs
[2025-02-07T10:37:14.973+0000] {taskinstance.py:2613} INFO - Dependencies all met for dep_context=non-requeueable deps ti=<TaskInstance: etl_dag_incremental.get_last_timestamp manual__2025-02-07T10:27:03.488527+00:00 [queued]>
[2025-02-07T10:37:14.985+0000] {taskinstance.py:2613} INFO - Dependencies all met for dep_context=requeueable deps ti=<TaskInstance: etl_dag_incremental.get_last_timestamp manual__2025-02-07T10:27:03.488527+00:00 [queued]>
[2025-02-07T10:37:14.985+0000] {taskinstance.py:2866} INFO - Starting attempt 1 of 2
[2025-02-07T10:37:15.005+0000] {taskinstance.py:2889} INFO - Executing <Task(PythonOperator): get_last_timestamp> on 2025-02-07 10:27:03.488527+00:00
[2025-02-07T10:37:15.016+0000] {warnings.py:112} WARNING - /home/***/.local/lib/python3.12/site-packages/***/task/task_runner/standard_task_runner.py:70: DeprecationWarning: This process (pid=516) is multi-threaded, use of fork() may lead to deadlocks in the child.
  pid = os.fork()

[2025-02-07T10:37:15.017+0000] {standard_task_runner.py:72} INFO - Started process 525 to run task
[2025-02-07T10:37:15.019+0000] {standard_task_runner.py:104} INFO - Running: ['***', 'tasks', 'run', 'etl_dag_incremental', 'get_last_timestamp', 'manual__2025-02-07T10:27:03.488527+00:00', '--job-id', '548', '--raw', '--subdir', 'DAGS_FOLDER/etl.py', '--cfg-path', '/tmp/tmp9dnqqxm4']
[2025-02-07T10:37:15.020+0000] {standard_task_runner.py:105} INFO - Job 548: Subtask get_last_timestamp
[2025-02-07T10:37:15.075+0000] {task_command.py:467} INFO - Running <TaskInstance: etl_dag_incremental.get_last_timestamp manual__2025-02-07T10:27:03.488527+00:00 [running]> on host f34e19f1f8c5
[2025-02-07T10:37:15.185+0000] {taskinstance.py:3132} INFO - Exporting env vars: AIRFLOW_CTX_DAG_OWNER='***' AIRFLOW_CTX_DAG_ID='etl_dag_incremental' AIRFLOW_CTX_TASK_ID='get_last_timestamp' AIRFLOW_CTX_EXECUTION_DATE='2025-02-07T10:27:03.488527+00:00' AIRFLOW_CTX_TRY_NUMBER='1' AIRFLOW_CTX_DAG_RUN_ID='manual__2025-02-07T10:27:03.488527+00:00'
[2025-02-07T10:37:15.187+0000] {logging_mixin.py:190} INFO - Task instance is in running state
[2025-02-07T10:37:15.187+0000] {logging_mixin.py:190} INFO -  Previous state of the Task instance: queued
[2025-02-07T10:37:15.188+0000] {logging_mixin.py:190} INFO - Current task name:get_last_timestamp state:running start_date:2025-02-07 10:37:14.973877+00:00
[2025-02-07T10:37:15.188+0000] {logging_mixin.py:190} INFO - Dag name:etl_dag_incremental and current dag run status:running
[2025-02-07T10:37:15.188+0000] {taskinstance.py:731} INFO - ::endgroup::
[2025-02-07T10:37:15.202+0000] {python.py:240} INFO - Done. Returned value was: 2000-01-01 00:00:00
[2025-02-07T10:37:15.224+0000] {taskinstance.py:340} INFO - ::group::Post task execution logs
[2025-02-07T10:37:15.225+0000] {taskinstance.py:352} INFO - Marking task as SUCCESS. dag_id=etl_dag_incremental, task_id=get_last_timestamp, run_id=manual__2025-02-07T10:27:03.488527+00:00, execution_date=20250207T102703, start_date=20250207T103714, end_date=20250207T103715
[2025-02-07T10:37:15.235+0000] {logging_mixin.py:190} INFO - Task instance in success state
[2025-02-07T10:37:15.235+0000] {logging_mixin.py:190} INFO -  Previous state of the Task instance: running
[2025-02-07T10:37:15.236+0000] {logging_mixin.py:190} INFO - Dag name:etl_dag_incremental queued_at:2025-02-07 10:27:03.519155+00:00
[2025-02-07T10:37:15.236+0000] {logging_mixin.py:190} INFO - Task hostname:f34e19f1f8c5 operator:PythonOperator
[2025-02-07T10:37:15.272+0000] {local_task_job_runner.py:266} INFO - Task exited with return code 0
[2025-02-07T10:37:15.296+0000] {taskinstance.py:3895} INFO - 2 downstream tasks scheduled from follow-on schedule check
[2025-02-07T10:37:15.297+0000] {local_task_job_runner.py:245} INFO - ::endgroup::
