[2025-02-06T15:06:13.163+0000] {local_task_job_runner.py:123} INFO - ::group::Pre task execution logs
[2025-02-06T15:06:13.253+0000] {taskinstance.py:2613} INFO - Dependencies all met for dep_context=non-requeueable deps ti=<TaskInstance: etl_dag_incremental.extract_online_store_data scheduled__2025-02-06T00:00:00+00:00 [queued]>
[2025-02-06T15:06:13.282+0000] {taskinstance.py:2613} INFO - Dependencies all met for dep_context=requeueable deps ti=<TaskInstance: etl_dag_incremental.extract_online_store_data scheduled__2025-02-06T00:00:00+00:00 [queued]>
[2025-02-06T15:06:13.283+0000] {taskinstance.py:2866} INFO - Starting attempt 1 of 2
[2025-02-06T15:06:13.324+0000] {taskinstance.py:2889} INFO - Executing <Task(PythonOperator): extract_online_store_data> on 2025-02-06 00:00:00+00:00
[2025-02-06T15:06:13.346+0000] {warnings.py:112} WARNING - /home/***/.local/lib/python3.12/site-packages/***/task/task_runner/standard_task_runner.py:70: DeprecationWarning: This process (pid=68) is multi-threaded, use of fork() may lead to deadlocks in the child.
  pid = os.fork()

[2025-02-06T15:06:13.348+0000] {standard_task_runner.py:72} INFO - Started process 78 to run task
[2025-02-06T15:06:13.356+0000] {standard_task_runner.py:104} INFO - Running: ['***', 'tasks', 'run', 'etl_dag_incremental', 'extract_online_store_data', 'scheduled__2025-02-06T00:00:00+00:00', '--job-id', '298', '--raw', '--subdir', 'DAGS_FOLDER/etl.py', '--cfg-path', '/tmp/tmpauxk076z']
[2025-02-06T15:06:13.357+0000] {standard_task_runner.py:105} INFO - Job 298: Subtask extract_online_store_data
[2025-02-06T15:06:13.508+0000] {task_command.py:467} INFO - Running <TaskInstance: etl_dag_incremental.extract_online_store_data scheduled__2025-02-06T00:00:00+00:00 [running]> on host f34e19f1f8c5
[2025-02-06T15:06:13.950+0000] {taskinstance.py:3132} INFO - Exporting env vars: AIRFLOW_CTX_DAG_OWNER='***' AIRFLOW_CTX_DAG_ID='etl_dag_incremental' AIRFLOW_CTX_TASK_ID='extract_online_store_data' AIRFLOW_CTX_EXECUTION_DATE='2025-02-06T00:00:00+00:00' AIRFLOW_CTX_TRY_NUMBER='1' AIRFLOW_CTX_DAG_RUN_ID='scheduled__2025-02-06T00:00:00+00:00'
[2025-02-06T15:06:13.958+0000] {logging_mixin.py:190} INFO - Task instance is in running state
[2025-02-06T15:06:13.960+0000] {logging_mixin.py:190} INFO -  Previous state of the Task instance: queued
[2025-02-06T15:06:13.960+0000] {logging_mixin.py:190} INFO - Current task name:extract_online_store_data state:running start_date:2025-02-06 15:06:13.254318+00:00
[2025-02-06T15:06:13.961+0000] {logging_mixin.py:190} INFO - Dag name:etl_dag_incremental and current dag run status:running
[2025-02-06T15:06:13.964+0000] {taskinstance.py:731} INFO - ::endgroup::
[2025-02-06T15:06:14.071+0000] {base.py:84} INFO - Retrieving connection 'online_store_conn'
[2025-02-06T15:06:14.098+0000] {sql.py:553} INFO - Running statement: 
            SELECT * FROM online_orders 
            WHERE created_at > '2000-01-01 00:00:00'
            ORDER BY created_at ASC;
        , parameters: None
[2025-02-06T15:06:14.168+0000] {sql.py:562} INFO - Rows affected: 4810
[2025-02-06T15:06:14.551+0000] {etl.py:150} INFO - Extracted orders 4810 new rows from db_online_store.
[2025-02-06T15:06:14.562+0000] {sql.py:553} INFO - Running statement: 
            SELECT * FROM customers 
            WHERE updated_at > '2000-01-01 00:00:00'
            ORDER BY created_at ASC;
        , parameters: None
[2025-02-06T15:06:14.578+0000] {sql.py:562} INFO - Rows affected: 2941
[2025-02-06T15:06:14.707+0000] {etl.py:170} INFO - Extracted customers 2941 new rows from db_online_store.
[2025-02-06T15:06:14.716+0000] {python.py:240} INFO - Done. Returned value was: ('/tmp/online_oders_data.json', '/tmp/online_customer_data.json')
[2025-02-06T15:06:14.912+0000] {taskinstance.py:340} INFO - ::group::Post task execution logs
[2025-02-06T15:06:14.913+0000] {taskinstance.py:352} INFO - Marking task as SUCCESS. dag_id=etl_dag_incremental, task_id=extract_online_store_data, run_id=scheduled__2025-02-06T00:00:00+00:00, execution_date=20250206T000000, start_date=20250206T150613, end_date=20250206T150614
[2025-02-06T15:06:15.034+0000] {logging_mixin.py:190} INFO - Task instance in success state
[2025-02-06T15:06:15.036+0000] {logging_mixin.py:190} INFO -  Previous state of the Task instance: running
[2025-02-06T15:06:15.041+0000] {logging_mixin.py:190} INFO - Dag name:etl_dag_incremental queued_at:2025-02-06 15:06:03.251841+00:00
[2025-02-06T15:06:15.045+0000] {logging_mixin.py:190} INFO - Task hostname:f34e19f1f8c5 operator:PythonOperator
[2025-02-06T15:06:15.131+0000] {local_task_job_runner.py:266} INFO - Task exited with return code 0
[2025-02-06T15:06:15.182+0000] {local_task_job_runner.py:245} INFO - ::endgroup::
[2025-02-06T15:13:04.238+0000] {local_task_job_runner.py:123} INFO - ::group::Pre task execution logs
[2025-02-06T15:13:04.282+0000] {taskinstance.py:2613} INFO - Dependencies all met for dep_context=non-requeueable deps ti=<TaskInstance: etl_dag_incremental.extract_online_store_data scheduled__2025-02-06T00:00:00+00:00 [queued]>
[2025-02-06T15:13:04.310+0000] {taskinstance.py:2613} INFO - Dependencies all met for dep_context=requeueable deps ti=<TaskInstance: etl_dag_incremental.extract_online_store_data scheduled__2025-02-06T00:00:00+00:00 [queued]>
[2025-02-06T15:13:04.311+0000] {taskinstance.py:2866} INFO - Starting attempt 1 of 2
[2025-02-06T15:13:04.345+0000] {taskinstance.py:2889} INFO - Executing <Task(PythonOperator): extract_online_store_data> on 2025-02-06 00:00:00+00:00
[2025-02-06T15:13:04.371+0000] {warnings.py:112} WARNING - /home/***/.local/lib/python3.12/site-packages/***/task/task_runner/standard_task_runner.py:70: DeprecationWarning: This process (pid=71) is multi-threaded, use of fork() may lead to deadlocks in the child.
  pid = os.fork()

[2025-02-06T15:13:04.375+0000] {standard_task_runner.py:72} INFO - Started process 74 to run task
[2025-02-06T15:13:04.377+0000] {standard_task_runner.py:104} INFO - Running: ['***', 'tasks', 'run', 'etl_dag_incremental', 'extract_online_store_data', 'scheduled__2025-02-06T00:00:00+00:00', '--job-id', '304', '--raw', '--subdir', 'DAGS_FOLDER/etl.py', '--cfg-path', '/tmp/tmplf808aay']
[2025-02-06T15:13:04.379+0000] {standard_task_runner.py:105} INFO - Job 304: Subtask extract_online_store_data
[2025-02-06T15:13:04.495+0000] {task_command.py:467} INFO - Running <TaskInstance: etl_dag_incremental.extract_online_store_data scheduled__2025-02-06T00:00:00+00:00 [running]> on host f34e19f1f8c5
[2025-02-06T15:13:04.661+0000] {taskinstance.py:3132} INFO - Exporting env vars: AIRFLOW_CTX_DAG_OWNER='***' AIRFLOW_CTX_DAG_ID='etl_dag_incremental' AIRFLOW_CTX_TASK_ID='extract_online_store_data' AIRFLOW_CTX_EXECUTION_DATE='2025-02-06T00:00:00+00:00' AIRFLOW_CTX_TRY_NUMBER='1' AIRFLOW_CTX_DAG_RUN_ID='scheduled__2025-02-06T00:00:00+00:00'
[2025-02-06T15:13:04.662+0000] {logging_mixin.py:190} INFO - Task instance is in running state
[2025-02-06T15:13:04.663+0000] {logging_mixin.py:190} INFO -  Previous state of the Task instance: queued
[2025-02-06T15:13:04.663+0000] {logging_mixin.py:190} INFO - Current task name:extract_online_store_data state:running start_date:2025-02-06 15:13:04.283802+00:00
[2025-02-06T15:13:04.664+0000] {logging_mixin.py:190} INFO - Dag name:etl_dag_incremental and current dag run status:running
[2025-02-06T15:13:04.664+0000] {taskinstance.py:731} INFO - ::endgroup::
[2025-02-06T15:13:04.712+0000] {base.py:84} INFO - Retrieving connection 'online_store_conn'
[2025-02-06T15:13:04.722+0000] {sql.py:553} INFO - Running statement: 
            SELECT * FROM online_orders 
            WHERE created_at > '2000-01-01 00:00:00'
            ORDER BY created_at ASC;
        , parameters: None
[2025-02-06T15:13:04.743+0000] {sql.py:562} INFO - Rows affected: 4912
[2025-02-06T15:13:04.943+0000] {etl.py:150} INFO - Extracted orders 4912 new rows from db_online_store.
[2025-02-06T15:13:04.950+0000] {sql.py:553} INFO - Running statement: 
            SELECT * FROM customers 
            WHERE updated_at > '2000-01-01 00:00:00'
            ORDER BY created_at ASC;
        , parameters: None
[2025-02-06T15:13:04.962+0000] {sql.py:562} INFO - Rows affected: 2959
[2025-02-06T15:13:05.037+0000] {etl.py:170} INFO - Extracted customers 2959 new rows from db_online_store.
[2025-02-06T15:13:05.045+0000] {python.py:240} INFO - Done. Returned value was: ('/tmp/online_oders_data.json', '/tmp/online_customer_data.json')
[2025-02-06T15:13:05.102+0000] {taskinstance.py:340} INFO - ::group::Post task execution logs
[2025-02-06T15:13:05.103+0000] {taskinstance.py:352} INFO - Marking task as SUCCESS. dag_id=etl_dag_incremental, task_id=extract_online_store_data, run_id=scheduled__2025-02-06T00:00:00+00:00, execution_date=20250206T000000, start_date=20250206T151304, end_date=20250206T151305
[2025-02-06T15:13:05.127+0000] {logging_mixin.py:190} INFO - Task instance in success state
[2025-02-06T15:13:05.127+0000] {logging_mixin.py:190} INFO -  Previous state of the Task instance: running
[2025-02-06T15:13:05.128+0000] {logging_mixin.py:190} INFO - Dag name:etl_dag_incremental queued_at:2025-02-06 15:12:48.626489+00:00
[2025-02-06T15:13:05.128+0000] {logging_mixin.py:190} INFO - Task hostname:f34e19f1f8c5 operator:PythonOperator
[2025-02-06T15:13:05.158+0000] {local_task_job_runner.py:266} INFO - Task exited with return code 0
[2025-02-06T15:13:05.199+0000] {taskinstance.py:3895} INFO - 0 downstream tasks scheduled from follow-on schedule check
[2025-02-06T15:13:05.202+0000] {local_task_job_runner.py:245} INFO - ::endgroup::
[2025-02-07T11:20:31.102+0000] {local_task_job_runner.py:123} INFO - ::group::Pre task execution logs
[2025-02-07T11:20:31.123+0000] {taskinstance.py:2613} INFO - Dependencies all met for dep_context=non-requeueable deps ti=<TaskInstance: etl_dag_incremental.extract_online_store_data scheduled__2025-02-06T00:00:00+00:00 [queued]>
[2025-02-07T11:20:31.131+0000] {taskinstance.py:2613} INFO - Dependencies all met for dep_context=requeueable deps ti=<TaskInstance: etl_dag_incremental.extract_online_store_data scheduled__2025-02-06T00:00:00+00:00 [queued]>
[2025-02-07T11:20:31.131+0000] {taskinstance.py:2866} INFO - Starting attempt 1 of 2
[2025-02-07T11:20:31.150+0000] {taskinstance.py:2889} INFO - Executing <Task(PythonOperator): extract_online_store_data> on 2025-02-06 00:00:00+00:00
[2025-02-07T11:20:31.162+0000] {warnings.py:112} WARNING - /home/***/.local/lib/python3.12/site-packages/***/task/task_runner/standard_task_runner.py:70: DeprecationWarning: This process (pid=70) is multi-threaded, use of fork() may lead to deadlocks in the child.
  pid = os.fork()

[2025-02-07T11:20:31.163+0000] {standard_task_runner.py:72} INFO - Started process 74 to run task
[2025-02-07T11:20:31.164+0000] {standard_task_runner.py:104} INFO - Running: ['***', 'tasks', 'run', 'etl_dag_incremental', 'extract_online_store_data', 'scheduled__2025-02-06T00:00:00+00:00', '--job-id', '606', '--raw', '--subdir', 'DAGS_FOLDER/etl.py', '--cfg-path', '/tmp/tmpffi0nzer']
[2025-02-07T11:20:31.165+0000] {standard_task_runner.py:105} INFO - Job 606: Subtask extract_online_store_data
[2025-02-07T11:20:31.226+0000] {task_command.py:467} INFO - Running <TaskInstance: etl_dag_incremental.extract_online_store_data scheduled__2025-02-06T00:00:00+00:00 [running]> on host f34e19f1f8c5
[2025-02-07T11:20:31.334+0000] {taskinstance.py:3132} INFO - Exporting env vars: AIRFLOW_CTX_DAG_OWNER='***' AIRFLOW_CTX_DAG_ID='etl_dag_incremental' AIRFLOW_CTX_TASK_ID='extract_online_store_data' AIRFLOW_CTX_EXECUTION_DATE='2025-02-06T00:00:00+00:00' AIRFLOW_CTX_TRY_NUMBER='1' AIRFLOW_CTX_DAG_RUN_ID='scheduled__2025-02-06T00:00:00+00:00'
[2025-02-07T11:20:31.337+0000] {logging_mixin.py:190} INFO - Task instance is in running state
[2025-02-07T11:20:31.337+0000] {logging_mixin.py:190} INFO -  Previous state of the Task instance: queued
[2025-02-07T11:20:31.338+0000] {logging_mixin.py:190} INFO - Current task name:extract_online_store_data state:running start_date:2025-02-07 11:20:31.123495+00:00
[2025-02-07T11:20:31.338+0000] {logging_mixin.py:190} INFO - Dag name:etl_dag_incremental and current dag run status:running
[2025-02-07T11:20:31.339+0000] {taskinstance.py:731} INFO - ::endgroup::
[2025-02-07T11:20:31.360+0000] {base.py:84} INFO - Retrieving connection 'online_store_conn'
[2025-02-07T11:20:31.364+0000] {sql.py:553} INFO - Running statement: 
            SELECT * FROM online_orders 
            WHERE created_at > '2000-01-01 00:00:00'
            ORDER BY created_at ASC;
        , parameters: None
[2025-02-07T11:20:31.385+0000] {sql.py:562} INFO - Rows affected: 9466
[2025-02-07T11:20:31.679+0000] {etl.py:150} INFO - Extracted orders 9466 new rows from db_online_store.
[2025-02-07T11:20:31.683+0000] {sql.py:553} INFO - Running statement: 
            SELECT * FROM customers 
            WHERE updated_at > '2000-01-01 00:00:00'
            ORDER BY created_at ASC;
        , parameters: None
[2025-02-07T11:20:31.689+0000] {sql.py:562} INFO - Rows affected: 3602
[2025-02-07T11:20:31.746+0000] {etl.py:170} INFO - Extracted customers 3602 new rows from db_online_store.
[2025-02-07T11:20:31.754+0000] {python.py:240} INFO - Done. Returned value was: ('/tmp/online_oders_data.json', '/tmp/online_customer_data.json')
[2025-02-07T11:20:31.779+0000] {taskinstance.py:340} INFO - ::group::Post task execution logs
[2025-02-07T11:20:31.780+0000] {taskinstance.py:352} INFO - Marking task as SUCCESS. dag_id=etl_dag_incremental, task_id=extract_online_store_data, run_id=scheduled__2025-02-06T00:00:00+00:00, execution_date=20250206T000000, start_date=20250207T112031, end_date=20250207T112031
[2025-02-07T11:20:31.791+0000] {logging_mixin.py:190} INFO - Task instance in success state
[2025-02-07T11:20:31.791+0000] {logging_mixin.py:190} INFO -  Previous state of the Task instance: running
[2025-02-07T11:20:31.791+0000] {logging_mixin.py:190} INFO - Dag name:etl_dag_incremental queued_at:2025-02-07 11:20:24.913876+00:00
[2025-02-07T11:20:31.792+0000] {logging_mixin.py:190} INFO - Task hostname:f34e19f1f8c5 operator:PythonOperator
[2025-02-07T11:20:31.820+0000] {local_task_job_runner.py:266} INFO - Task exited with return code 0
[2025-02-07T11:20:31.850+0000] {taskinstance.py:3895} INFO - 1 downstream tasks scheduled from follow-on schedule check
[2025-02-07T11:20:31.851+0000] {local_task_job_runner.py:245} INFO - ::endgroup::
