[2025-02-06T17:37:35.340+0000] {local_task_job_runner.py:123} INFO - ::group::Pre task execution logs
[2025-02-06T17:37:35.366+0000] {taskinstance.py:2613} INFO - Dependencies all met for dep_context=non-requeueable deps ti=<TaskInstance: etl_dag_incremental.extract_physical_store_data manual__2025-02-06T17:24:52.156290+00:00 [queued]>
[2025-02-06T17:37:35.378+0000] {taskinstance.py:2613} INFO - Dependencies all met for dep_context=requeueable deps ti=<TaskInstance: etl_dag_incremental.extract_physical_store_data manual__2025-02-06T17:24:52.156290+00:00 [queued]>
[2025-02-06T17:37:35.379+0000] {taskinstance.py:2866} INFO - Starting attempt 2 of 3
[2025-02-06T17:37:35.395+0000] {taskinstance.py:2889} INFO - Executing <Task(PythonOperator): extract_physical_store_data> on 2025-02-06 17:24:52.156290+00:00
[2025-02-06T17:37:35.410+0000] {warnings.py:112} WARNING - /home/***/.local/lib/python3.12/site-packages/***/task/task_runner/standard_task_runner.py:70: DeprecationWarning: This process (pid=70) is multi-threaded, use of fork() may lead to deadlocks in the child.
  pid = os.fork()

[2025-02-06T17:37:35.411+0000] {standard_task_runner.py:72} INFO - Started process 74 to run task
[2025-02-06T17:37:35.412+0000] {standard_task_runner.py:104} INFO - Running: ['***', 'tasks', 'run', 'etl_dag_incremental', 'extract_physical_store_data', 'manual__2025-02-06T17:24:52.156290+00:00', '--job-id', '448', '--raw', '--subdir', 'DAGS_FOLDER/etl.py', '--cfg-path', '/tmp/tmp0my3mm6k']
[2025-02-06T17:37:35.414+0000] {standard_task_runner.py:105} INFO - Job 448: Subtask extract_physical_store_data
[2025-02-06T17:37:35.482+0000] {task_command.py:467} INFO - Running <TaskInstance: etl_dag_incremental.extract_physical_store_data manual__2025-02-06T17:24:52.156290+00:00 [running]> on host f34e19f1f8c5
[2025-02-06T17:37:35.591+0000] {taskinstance.py:3132} INFO - Exporting env vars: AIRFLOW_CTX_DAG_OWNER='***' AIRFLOW_CTX_DAG_ID='etl_dag_incremental' AIRFLOW_CTX_TASK_ID='extract_physical_store_data' AIRFLOW_CTX_EXECUTION_DATE='2025-02-06T17:24:52.156290+00:00' AIRFLOW_CTX_TRY_NUMBER='2' AIRFLOW_CTX_DAG_RUN_ID='manual__2025-02-06T17:24:52.156290+00:00'
[2025-02-06T17:37:35.592+0000] {logging_mixin.py:190} INFO - Task instance is in running state
[2025-02-06T17:37:35.593+0000] {logging_mixin.py:190} INFO -  Previous state of the Task instance: queued
[2025-02-06T17:37:35.593+0000] {logging_mixin.py:190} INFO - Current task name:extract_physical_store_data state:running start_date:2025-02-06 17:37:35.367441+00:00
[2025-02-06T17:37:35.593+0000] {logging_mixin.py:190} INFO - Dag name:etl_dag_incremental and current dag run status:running
[2025-02-06T17:37:35.593+0000] {taskinstance.py:731} INFO - ::endgroup::
[2025-02-06T17:37:35.622+0000] {base.py:84} INFO - Retrieving connection 'physical_store_conn'
[2025-02-06T17:37:35.626+0000] {sql.py:553} INFO - Running statement: 
            SELECT * FROM physical_orders 
            WHERE created_at > '2000-01-01 00:00:00'
            ORDER BY created_at ASC;
        , parameters: None
[2025-02-06T17:37:35.643+0000] {sql.py:562} INFO - Rows affected: 7065
[2025-02-06T17:37:35.820+0000] {etl.py:203} INFO - Extracted 7065 new rows from db_physical_store.
[2025-02-06T17:37:35.823+0000] {python.py:240} INFO - Done. Returned value was: /tmp/physical_data.json
[2025-02-06T17:37:35.847+0000] {taskinstance.py:340} INFO - ::group::Post task execution logs
[2025-02-06T17:37:35.847+0000] {taskinstance.py:352} INFO - Marking task as SUCCESS. dag_id=etl_dag_incremental, task_id=extract_physical_store_data, run_id=manual__2025-02-06T17:24:52.156290+00:00, execution_date=20250206T172452, start_date=20250206T173735, end_date=20250206T173735
[2025-02-06T17:37:35.857+0000] {logging_mixin.py:190} INFO - Task instance in success state
[2025-02-06T17:37:35.857+0000] {logging_mixin.py:190} INFO -  Previous state of the Task instance: running
[2025-02-06T17:37:35.858+0000] {logging_mixin.py:190} INFO - Dag name:etl_dag_incremental queued_at:2025-02-06 17:24:52.176706+00:00
[2025-02-06T17:37:35.858+0000] {logging_mixin.py:190} INFO - Task hostname:f34e19f1f8c5 operator:PythonOperator
[2025-02-06T17:37:35.909+0000] {local_task_job_runner.py:266} INFO - Task exited with return code 0
[2025-02-06T17:37:35.934+0000] {taskinstance.py:3895} INFO - 0 downstream tasks scheduled from follow-on schedule check
[2025-02-06T17:37:35.935+0000] {local_task_job_runner.py:245} INFO - ::endgroup::
