[2025-02-06T16:28:06.861+0000] {local_task_job_runner.py:123} INFO - ::group::Pre task execution logs
[2025-02-06T16:28:06.881+0000] {taskinstance.py:2613} INFO - Dependencies all met for dep_context=non-requeueable deps ti=<TaskInstance: etl_dag_incremental.extract_online_store_data scheduled__2025-02-06T00:07:00+00:00 [queued]>
[2025-02-06T16:28:06.893+0000] {taskinstance.py:2613} INFO - Dependencies all met for dep_context=requeueable deps ti=<TaskInstance: etl_dag_incremental.extract_online_store_data scheduled__2025-02-06T00:07:00+00:00 [queued]>
[2025-02-06T16:28:06.893+0000] {taskinstance.py:2866} INFO - Starting attempt 1 of 2
[2025-02-06T16:28:06.906+0000] {taskinstance.py:2889} INFO - Executing <Task(PythonOperator): extract_online_store_data> on 2025-02-06 00:07:00+00:00
[2025-02-06T16:28:06.920+0000] {warnings.py:112} WARNING - /home/***/.local/lib/python3.12/site-packages/***/task/task_runner/standard_task_runner.py:70: DeprecationWarning: This process (pid=68) is multi-threaded, use of fork() may lead to deadlocks in the child.
  pid = os.fork()

[2025-02-06T16:28:06.922+0000] {standard_task_runner.py:72} INFO - Started process 71 to run task
[2025-02-06T16:28:06.923+0000] {standard_task_runner.py:104} INFO - Running: ['***', 'tasks', 'run', 'etl_dag_incremental', 'extract_online_store_data', 'scheduled__2025-02-06T00:07:00+00:00', '--job-id', '379', '--raw', '--subdir', 'DAGS_FOLDER/etl.py', '--cfg-path', '/tmp/tmp0d5o5bef']
[2025-02-06T16:28:06.924+0000] {standard_task_runner.py:105} INFO - Job 379: Subtask extract_online_store_data
[2025-02-06T16:28:06.980+0000] {task_command.py:467} INFO - Running <TaskInstance: etl_dag_incremental.extract_online_store_data scheduled__2025-02-06T00:07:00+00:00 [running]> on host f34e19f1f8c5
[2025-02-06T16:28:07.069+0000] {taskinstance.py:3132} INFO - Exporting env vars: AIRFLOW_CTX_DAG_OWNER='***' AIRFLOW_CTX_DAG_ID='etl_dag_incremental' AIRFLOW_CTX_TASK_ID='extract_online_store_data' AIRFLOW_CTX_EXECUTION_DATE='2025-02-06T00:07:00+00:00' AIRFLOW_CTX_TRY_NUMBER='1' AIRFLOW_CTX_DAG_RUN_ID='scheduled__2025-02-06T00:07:00+00:00'
[2025-02-06T16:28:07.070+0000] {logging_mixin.py:190} INFO - Task instance is in running state
[2025-02-06T16:28:07.071+0000] {logging_mixin.py:190} INFO -  Previous state of the Task instance: queued
[2025-02-06T16:28:07.071+0000] {logging_mixin.py:190} INFO - Current task name:extract_online_store_data state:running start_date:2025-02-06 16:28:06.882005+00:00
[2025-02-06T16:28:07.071+0000] {logging_mixin.py:190} INFO - Dag name:etl_dag_incremental and current dag run status:running
[2025-02-06T16:28:07.071+0000] {taskinstance.py:731} INFO - ::endgroup::
[2025-02-06T16:28:07.091+0000] {base.py:84} INFO - Retrieving connection 'online_store_conn'
[2025-02-06T16:28:07.095+0000] {sql.py:553} INFO - Running statement: 
            SELECT * FROM online_orders 
            WHERE created_at > '2000-01-01 00:00:00'
            ORDER BY created_at ASC;
        , parameters: None
[2025-02-06T16:28:07.110+0000] {sql.py:562} INFO - Rows affected: 6030
[2025-02-06T16:28:07.295+0000] {etl.py:150} INFO - Extracted orders 6030 new rows from db_online_store.
[2025-02-06T16:28:07.299+0000] {sql.py:553} INFO - Running statement: 
            SELECT * FROM customers 
            WHERE updated_at > '2000-01-01 00:00:00'
            ORDER BY created_at ASC;
        , parameters: None
[2025-02-06T16:28:07.306+0000] {sql.py:562} INFO - Rows affected: 3205
[2025-02-06T16:28:07.380+0000] {etl.py:170} INFO - Extracted customers 3205 new rows from db_online_store.
[2025-02-06T16:28:07.388+0000] {python.py:240} INFO - Done. Returned value was: ('/tmp/online_oders_data.json', '/tmp/online_customer_data.json')
[2025-02-06T16:28:07.422+0000] {taskinstance.py:340} INFO - ::group::Post task execution logs
[2025-02-06T16:28:07.423+0000] {taskinstance.py:352} INFO - Marking task as SUCCESS. dag_id=etl_dag_incremental, task_id=extract_online_store_data, run_id=scheduled__2025-02-06T00:07:00+00:00, execution_date=20250206T000700, start_date=20250206T162806, end_date=20250206T162807
[2025-02-06T16:28:07.436+0000] {logging_mixin.py:190} INFO - Task instance in success state
[2025-02-06T16:28:07.437+0000] {logging_mixin.py:190} INFO -  Previous state of the Task instance: running
[2025-02-06T16:28:07.437+0000] {logging_mixin.py:190} INFO - Dag name:etl_dag_incremental queued_at:2025-02-06 16:28:01.186969+00:00
[2025-02-06T16:28:07.437+0000] {logging_mixin.py:190} INFO - Task hostname:f34e19f1f8c5 operator:PythonOperator
[2025-02-06T16:28:07.463+0000] {local_task_job_runner.py:266} INFO - Task exited with return code 0
[2025-02-06T16:28:07.506+0000] {taskinstance.py:3895} INFO - 1 downstream tasks scheduled from follow-on schedule check
[2025-02-06T16:28:07.508+0000] {local_task_job_runner.py:245} INFO - ::endgroup::
