[2025-02-06T17:26:54.387+0000] {local_task_job_runner.py:123} INFO - ::group::Pre task execution logs
[2025-02-06T17:26:54.414+0000] {taskinstance.py:2613} INFO - Dependencies all met for dep_context=non-requeueable deps ti=<TaskInstance: etl_dag_incremental.extract_physical_store_data manual__2025-02-06T17:03:14.910147+00:00 [queued]>
[2025-02-06T17:26:54.430+0000] {taskinstance.py:2613} INFO - Dependencies all met for dep_context=requeueable deps ti=<TaskInstance: etl_dag_incremental.extract_physical_store_data manual__2025-02-06T17:03:14.910147+00:00 [queued]>
[2025-02-06T17:26:54.431+0000] {taskinstance.py:2866} INFO - Starting attempt 4 of 5
[2025-02-06T17:26:54.457+0000] {taskinstance.py:2889} INFO - Executing <Task(PythonOperator): extract_physical_store_data> on 2025-02-06 17:03:14.910147+00:00
[2025-02-06T17:26:54.476+0000] {warnings.py:112} WARNING - /home/***/.local/lib/python3.12/site-packages/***/task/task_runner/standard_task_runner.py:70: DeprecationWarning: This process (pid=629) is multi-threaded, use of fork() may lead to deadlocks in the child.
  pid = os.fork()

[2025-02-06T17:26:54.478+0000] {standard_task_runner.py:72} INFO - Started process 634 to run task
[2025-02-06T17:26:54.480+0000] {standard_task_runner.py:104} INFO - Running: ['***', 'tasks', 'run', 'etl_dag_incremental', 'extract_physical_store_data', 'manual__2025-02-06T17:03:14.910147+00:00', '--job-id', '436', '--raw', '--subdir', 'DAGS_FOLDER/etl.py', '--cfg-path', '/tmp/tmpjkm6op0f']
[2025-02-06T17:26:54.482+0000] {standard_task_runner.py:105} INFO - Job 436: Subtask extract_physical_store_data
[2025-02-06T17:26:54.540+0000] {task_command.py:467} INFO - Running <TaskInstance: etl_dag_incremental.extract_physical_store_data manual__2025-02-06T17:03:14.910147+00:00 [running]> on host f34e19f1f8c5
[2025-02-06T17:26:54.668+0000] {taskinstance.py:3132} INFO - Exporting env vars: AIRFLOW_CTX_DAG_OWNER='***' AIRFLOW_CTX_DAG_ID='etl_dag_incremental' AIRFLOW_CTX_TASK_ID='extract_physical_store_data' AIRFLOW_CTX_EXECUTION_DATE='2025-02-06T17:03:14.910147+00:00' AIRFLOW_CTX_TRY_NUMBER='4' AIRFLOW_CTX_DAG_RUN_ID='manual__2025-02-06T17:03:14.910147+00:00'
[2025-02-06T17:26:54.669+0000] {logging_mixin.py:190} INFO - Task instance is in running state
[2025-02-06T17:26:54.670+0000] {logging_mixin.py:190} INFO -  Previous state of the Task instance: queued
[2025-02-06T17:26:54.671+0000] {logging_mixin.py:190} INFO - Current task name:extract_physical_store_data state:running start_date:2025-02-06 17:26:54.415217+00:00
[2025-02-06T17:26:54.671+0000] {logging_mixin.py:190} INFO - Dag name:etl_dag_incremental and current dag run status:running
[2025-02-06T17:26:54.671+0000] {taskinstance.py:731} INFO - ::endgroup::
[2025-02-06T17:26:54.696+0000] {base.py:84} INFO - Retrieving connection 'physical_store_conn'
[2025-02-06T17:26:54.702+0000] {sql.py:553} INFO - Running statement: 
            SELECT * FROM physical_orders 
            WHERE created_at > '2000-01-01 00:00:00'
            ORDER BY created_at ASC;
        , parameters: None
[2025-02-06T17:26:54.719+0000] {sql.py:562} INFO - Rows affected: 6905
[2025-02-06T17:26:54.891+0000] {etl.py:203} INFO - Extracted 6905 new rows from db_physical_store.
[2025-02-06T17:26:54.895+0000] {python.py:240} INFO - Done. Returned value was: /tmp/physical_data.json
[2025-02-06T17:26:54.931+0000] {taskinstance.py:340} INFO - ::group::Post task execution logs
[2025-02-06T17:26:54.932+0000] {taskinstance.py:352} INFO - Marking task as SUCCESS. dag_id=etl_dag_incremental, task_id=extract_physical_store_data, run_id=manual__2025-02-06T17:03:14.910147+00:00, execution_date=20250206T170314, start_date=20250206T172654, end_date=20250206T172654
[2025-02-06T17:26:54.944+0000] {logging_mixin.py:190} INFO - Task instance in success state
[2025-02-06T17:26:54.945+0000] {logging_mixin.py:190} INFO -  Previous state of the Task instance: running
[2025-02-06T17:26:54.945+0000] {logging_mixin.py:190} INFO - Dag name:etl_dag_incremental queued_at:2025-02-06 17:23:12.996281+00:00
[2025-02-06T17:26:54.946+0000] {logging_mixin.py:190} INFO - Task hostname:f34e19f1f8c5 operator:PythonOperator
[2025-02-06T17:26:54.975+0000] {local_task_job_runner.py:266} INFO - Task exited with return code 0
[2025-02-06T17:26:55.009+0000] {taskinstance.py:3895} INFO - 0 downstream tasks scheduled from follow-on schedule check
[2025-02-06T17:26:55.010+0000] {local_task_job_runner.py:245} INFO - ::endgroup::
