[2025-02-07T11:03:52.046+0000] {local_task_job_runner.py:123} INFO - ::group::Pre task execution logs
[2025-02-07T11:03:52.076+0000] {taskinstance.py:2613} INFO - Dependencies all met for dep_context=non-requeueable deps ti=<TaskInstance: etl_dag_incremental.get_last_timestamp scheduled__2025-02-06T00:19:00+00:00 [queued]>
[2025-02-07T11:03:52.090+0000] {taskinstance.py:2613} INFO - Dependencies all met for dep_context=requeueable deps ti=<TaskInstance: etl_dag_incremental.get_last_timestamp scheduled__2025-02-06T00:19:00+00:00 [queued]>
[2025-02-07T11:03:52.091+0000] {taskinstance.py:2866} INFO - Starting attempt 1 of 2
[2025-02-07T11:03:52.104+0000] {taskinstance.py:2889} INFO - Executing <Task(PythonOperator): get_last_timestamp> on 2025-02-06 00:19:00+00:00
[2025-02-07T11:03:52.118+0000] {warnings.py:112} WARNING - /home/***/.local/lib/python3.12/site-packages/***/task/task_runner/standard_task_runner.py:70: DeprecationWarning: This process (pid=70) is multi-threaded, use of fork() may lead to deadlocks in the child.
  pid = os.fork()

[2025-02-07T11:03:52.119+0000] {standard_task_runner.py:72} INFO - Started process 72 to run task
[2025-02-07T11:03:52.120+0000] {standard_task_runner.py:104} INFO - Running: ['***', 'tasks', 'run', 'etl_dag_incremental', 'get_last_timestamp', 'scheduled__2025-02-06T00:19:00+00:00', '--job-id', '571', '--raw', '--subdir', 'DAGS_FOLDER/etl.py', '--cfg-path', '/tmp/tmp6wx715al']
[2025-02-07T11:03:52.121+0000] {standard_task_runner.py:105} INFO - Job 571: Subtask get_last_timestamp
[2025-02-07T11:03:52.164+0000] {task_command.py:467} INFO - Running <TaskInstance: etl_dag_incremental.get_last_timestamp scheduled__2025-02-06T00:19:00+00:00 [running]> on host f34e19f1f8c5
[2025-02-07T11:03:52.251+0000] {taskinstance.py:3132} INFO - Exporting env vars: AIRFLOW_CTX_DAG_OWNER='***' AIRFLOW_CTX_DAG_ID='etl_dag_incremental' AIRFLOW_CTX_TASK_ID='get_last_timestamp' AIRFLOW_CTX_EXECUTION_DATE='2025-02-06T00:19:00+00:00' AIRFLOW_CTX_TRY_NUMBER='1' AIRFLOW_CTX_DAG_RUN_ID='scheduled__2025-02-06T00:19:00+00:00'
[2025-02-07T11:03:52.252+0000] {logging_mixin.py:190} INFO - Task instance is in running state
[2025-02-07T11:03:52.253+0000] {logging_mixin.py:190} INFO -  Previous state of the Task instance: queued
[2025-02-07T11:03:52.253+0000] {logging_mixin.py:190} INFO - Current task name:get_last_timestamp state:running start_date:2025-02-07 11:03:52.077110+00:00
[2025-02-07T11:03:52.253+0000] {logging_mixin.py:190} INFO - Dag name:etl_dag_incremental and current dag run status:running
[2025-02-07T11:03:52.253+0000] {taskinstance.py:731} INFO - ::endgroup::
[2025-02-07T11:03:52.262+0000] {python.py:240} INFO - Done. Returned value was: 2000-01-01 00:00:00
[2025-02-07T11:03:52.286+0000] {taskinstance.py:340} INFO - ::group::Post task execution logs
[2025-02-07T11:03:52.286+0000] {taskinstance.py:352} INFO - Marking task as SUCCESS. dag_id=etl_dag_incremental, task_id=get_last_timestamp, run_id=scheduled__2025-02-06T00:19:00+00:00, execution_date=20250206T001900, start_date=20250207T110352, end_date=20250207T110352
[2025-02-07T11:03:52.294+0000] {logging_mixin.py:190} INFO - Task instance in success state
[2025-02-07T11:03:52.294+0000] {logging_mixin.py:190} INFO -  Previous state of the Task instance: running
[2025-02-07T11:03:52.295+0000] {logging_mixin.py:190} INFO - Dag name:etl_dag_incremental queued_at:2025-02-07 11:03:46.927131+00:00
[2025-02-07T11:03:52.295+0000] {logging_mixin.py:190} INFO - Task hostname:f34e19f1f8c5 operator:PythonOperator
[2025-02-07T11:03:52.333+0000] {local_task_job_runner.py:266} INFO - Task exited with return code 0
[2025-02-07T11:03:52.361+0000] {taskinstance.py:3895} INFO - 2 downstream tasks scheduled from follow-on schedule check
[2025-02-07T11:03:52.363+0000] {local_task_job_runner.py:245} INFO - ::endgroup::
