[2025-02-07T10:36:40.835+0000] {local_task_job_runner.py:123} INFO - ::group::Pre task execution logs
[2025-02-07T10:36:40.853+0000] {taskinstance.py:2613} INFO - Dependencies all met for dep_context=non-requeueable deps ti=<TaskInstance: etl_dag_incremental.transform_and_load manual__2025-02-06T19:03:19.392004+00:00 [queued]>
[2025-02-07T10:36:40.866+0000] {taskinstance.py:2613} INFO - Dependencies all met for dep_context=requeueable deps ti=<TaskInstance: etl_dag_incremental.transform_and_load manual__2025-02-06T19:03:19.392004+00:00 [queued]>
[2025-02-07T10:36:40.867+0000] {taskinstance.py:2866} INFO - Starting attempt 4 of 4
[2025-02-07T10:36:40.891+0000] {taskinstance.py:2889} INFO - Executing <Task(PythonOperator): transform_and_load> on 2025-02-06 19:03:19.392004+00:00
[2025-02-07T10:36:40.908+0000] {warnings.py:112} WARNING - /home/***/.local/lib/python3.12/site-packages/***/task/task_runner/standard_task_runner.py:70: DeprecationWarning: This process (pid=505) is multi-threaded, use of fork() may lead to deadlocks in the child.
  pid = os.fork()

[2025-02-07T10:36:40.911+0000] {standard_task_runner.py:72} INFO - Started process 514 to run task
[2025-02-07T10:36:40.912+0000] {standard_task_runner.py:104} INFO - Running: ['***', 'tasks', 'run', 'etl_dag_incremental', 'transform_and_load', 'manual__2025-02-06T19:03:19.392004+00:00', '--job-id', '547', '--raw', '--subdir', 'DAGS_FOLDER/etl.py', '--cfg-path', '/tmp/tmp_ahmzb8i']
[2025-02-07T10:36:40.915+0000] {standard_task_runner.py:105} INFO - Job 547: Subtask transform_and_load
[2025-02-07T10:36:40.977+0000] {task_command.py:467} INFO - Running <TaskInstance: etl_dag_incremental.transform_and_load manual__2025-02-06T19:03:19.392004+00:00 [running]> on host f34e19f1f8c5
[2025-02-07T10:36:41.093+0000] {taskinstance.py:3132} INFO - Exporting env vars: AIRFLOW_CTX_DAG_OWNER='***' AIRFLOW_CTX_DAG_ID='etl_dag_incremental' AIRFLOW_CTX_TASK_ID='transform_and_load' AIRFLOW_CTX_EXECUTION_DATE='2025-02-06T19:03:19.392004+00:00' AIRFLOW_CTX_TRY_NUMBER='4' AIRFLOW_CTX_DAG_RUN_ID='manual__2025-02-06T19:03:19.392004+00:00'
[2025-02-07T10:36:41.095+0000] {logging_mixin.py:190} INFO - Task instance is in running state
[2025-02-07T10:36:41.096+0000] {logging_mixin.py:190} INFO -  Previous state of the Task instance: queued
[2025-02-07T10:36:41.097+0000] {logging_mixin.py:190} INFO - Current task name:transform_and_load state:running start_date:2025-02-07 10:36:40.854152+00:00
[2025-02-07T10:36:41.098+0000] {logging_mixin.py:190} INFO - Dag name:etl_dag_incremental and current dag run status:running
[2025-02-07T10:36:41.098+0000] {taskinstance.py:731} INFO - ::endgroup::
[2025-02-07T10:36:41.553+0000] {etl.py:237} INFO - Unified transactions count: 17460
[2025-02-07T10:36:41.556+0000] {etl.py:242} INFO - Custumers transactions count: 17460
[2025-02-07T10:36:41.557+0000] {connection.py:414} INFO - Snowflake Connector for Python Version: 3.12.4, Python Version: 3.12.8, Platform: Linux-6.9.3-76060903-generic-x86_64-with-glibc2.36
[2025-02-07T10:36:41.558+0000] {connection.py:1197} INFO - Connecting to GLOBAL Snowflake domain
[2025-02-07T10:36:41.558+0000] {connection.py:1278} INFO - This connection is in OCSP Fail Open Mode. TLS Certificates would be checked for validity and revocation status. Any other Certificate Revocation related exceptions or OCSP Responder failures would be disregarded in favor of connectivity.
[2025-02-07T10:37:11.665+0000] {connection.py:789} INFO - closed
[2025-02-07T10:37:11.765+0000] {connection.py:795} INFO - No async queries seem to be running, deleting session
[2025-02-07T10:37:11.872+0000] {etl.py:300} ERROR - Error: 100038 (22018): 01ba3b3c-0000-d617-0000-00018ddec041: Numeric value 'Connecticut' is not recognized
[2025-02-07T10:37:11.878+0000] {taskinstance.py:3311} ERROR - Task failed with exception
Traceback (most recent call last):
  File "/home/airflow/.local/lib/python3.12/site-packages/airflow/models/taskinstance.py", line 767, in _execute_task
    result = _execute_callable(context=context, **execute_callable_kwargs)
             ^^^^^^^^^^^^^^^^^^^^^^^^^^^^^^^^^^^^^^^^^^^^^^^^^^^^^^^^^^^^^
  File "/home/airflow/.local/lib/python3.12/site-packages/airflow/models/taskinstance.py", line 733, in _execute_callable
    return ExecutionCallableRunner(
           ^^^^^^^^^^^^^^^^^^^^^^^^
  File "/home/airflow/.local/lib/python3.12/site-packages/airflow/utils/operator_helpers.py", line 252, in run
    return self.func(*args, **kwargs)
           ^^^^^^^^^^^^^^^^^^^^^^^^^^
  File "/home/airflow/.local/lib/python3.12/site-packages/airflow/models/baseoperator.py", line 422, in wrapper
    return func(self, *args, **kwargs)
           ^^^^^^^^^^^^^^^^^^^^^^^^^^^
  File "/home/airflow/.local/lib/python3.12/site-packages/airflow/operators/python.py", line 238, in execute
    return_value = self.execute_callable()
                   ^^^^^^^^^^^^^^^^^^^^^^^
  File "/home/airflow/.local/lib/python3.12/site-packages/airflow/operators/python.py", line 256, in execute_callable
    return runner.run(*self.op_args, **self.op_kwargs)
           ^^^^^^^^^^^^^^^^^^^^^^^^^^^^^^^^^^^^^^^^^^^
  File "/home/airflow/.local/lib/python3.12/site-packages/airflow/utils/operator_helpers.py", line 252, in run
    return self.func(*args, **kwargs)
           ^^^^^^^^^^^^^^^^^^^^^^^^^^
  File "/opt/airflow/dags/etl.py", line 271, in transform_and_load
    cursor.executemany(insert_orders_sql, all_values)
  File "/home/airflow/.local/lib/python3.12/site-packages/snowflake/connector/cursor.py", line 1403, in executemany
    self.execute(command, **kwargs)
  File "/home/airflow/.local/lib/python3.12/site-packages/snowflake/connector/cursor.py", line 1097, in execute
    Error.errorhandler_wrapper(self.connection, self, error_class, errvalue)
  File "/home/airflow/.local/lib/python3.12/site-packages/snowflake/connector/errors.py", line 284, in errorhandler_wrapper
    handed_over = Error.hand_to_other_handler(
                  ^^^^^^^^^^^^^^^^^^^^^^^^^^^^
  File "/home/airflow/.local/lib/python3.12/site-packages/snowflake/connector/errors.py", line 339, in hand_to_other_handler
    cursor.errorhandler(connection, cursor, error_class, error_value)
  File "/home/airflow/.local/lib/python3.12/site-packages/snowflake/connector/errors.py", line 215, in default_errorhandler
    raise error_class(
snowflake.connector.errors.ProgrammingError: 100038 (22018): 01ba3b3c-0000-d617-0000-00018ddec041: Numeric value 'Connecticut' is not recognized
[2025-02-07T10:37:11.910+0000] {logging_mixin.py:190} INFO - Task instance in failure state
[2025-02-07T10:37:11.911+0000] {logging_mixin.py:190} INFO - Task start:2025-02-07 10:36:40.854152+00:00 end:2025-02-07 10:37:11.909916+00:00 duration:31.055764
[2025-02-07T10:37:11.912+0000] {logging_mixin.py:190} INFO - Task:<Task(PythonOperator): transform_and_load> dag:<DAG: etl_dag_incremental> dagrun:<DagRun etl_dag_incremental @ 2025-02-06 19:03:19.392004+00:00: manual__2025-02-06T19:03:19.392004+00:00, state:running, queued_at: 2025-02-07 10:25:10.472847+00:00. externally triggered: True>
[2025-02-07T10:37:11.912+0000] {logging_mixin.py:190} INFO - Failure caused by 100038 (22018): 01ba3b3c-0000-d617-0000-00018ddec041: Numeric value 'Connecticut' is not recognized
[2025-02-07T10:37:11.912+0000] {taskinstance.py:1225} INFO - Marking task as FAILED. dag_id=etl_dag_incremental, task_id=transform_and_load, run_id=manual__2025-02-06T19:03:19.392004+00:00, execution_date=20250206T190319, start_date=20250207T103640, end_date=20250207T103711
[2025-02-07T10:37:11.934+0000] {taskinstance.py:340} INFO - ::group::Post task execution logs
[2025-02-07T10:37:11.934+0000] {standard_task_runner.py:124} ERROR - Failed to execute job 547 for task transform_and_load (100038 (22018): 01ba3b3c-0000-d617-0000-00018ddec041: Numeric value 'Connecticut' is not recognized; 514)
Traceback (most recent call last):
  File "/home/airflow/.local/lib/python3.12/site-packages/airflow/task/task_runner/standard_task_runner.py", line 117, in _start_by_fork
    ret = args.func(args, dag=self.dag)
          ^^^^^^^^^^^^^^^^^^^^^^^^^^^^^
  File "/home/airflow/.local/lib/python3.12/site-packages/airflow/cli/cli_config.py", line 49, in command
    return func(*args, **kwargs)
           ^^^^^^^^^^^^^^^^^^^^^
  File "/home/airflow/.local/lib/python3.12/site-packages/airflow/utils/cli.py", line 116, in wrapper
    return f(*args, **kwargs)
           ^^^^^^^^^^^^^^^^^^
  File "/home/airflow/.local/lib/python3.12/site-packages/airflow/cli/commands/task_command.py", line 483, in task_run
    task_return_code = _run_task_by_selected_method(args, _dag, ti)
                       ^^^^^^^^^^^^^^^^^^^^^^^^^^^^^^^^^^^^^^^^^^^^
  File "/home/airflow/.local/lib/python3.12/site-packages/airflow/cli/commands/task_command.py", line 256, in _run_task_by_selected_method
    return _run_raw_task(args, ti)
           ^^^^^^^^^^^^^^^^^^^^^^^
  File "/home/airflow/.local/lib/python3.12/site-packages/airflow/cli/commands/task_command.py", line 341, in _run_raw_task
    return ti._run_raw_task(
           ^^^^^^^^^^^^^^^^^
  File "/home/airflow/.local/lib/python3.12/site-packages/airflow/utils/session.py", line 97, in wrapper
    return func(*args, session=session, **kwargs)
           ^^^^^^^^^^^^^^^^^^^^^^^^^^^^^^^^^^^^^^
  File "/home/airflow/.local/lib/python3.12/site-packages/airflow/models/taskinstance.py", line 3005, in _run_raw_task
    return _run_raw_task(
           ^^^^^^^^^^^^^^
  File "/home/airflow/.local/lib/python3.12/site-packages/airflow/models/taskinstance.py", line 273, in _run_raw_task
    TaskInstance._execute_task_with_callbacks(
  File "/home/airflow/.local/lib/python3.12/site-packages/airflow/models/taskinstance.py", line 3159, in _execute_task_with_callbacks
    result = self._execute_task(context, task_orig)
             ^^^^^^^^^^^^^^^^^^^^^^^^^^^^^^^^^^^^^^
  File "/home/airflow/.local/lib/python3.12/site-packages/airflow/models/taskinstance.py", line 3183, in _execute_task
    return _execute_task(self, context, task_orig)
           ^^^^^^^^^^^^^^^^^^^^^^^^^^^^^^^^^^^^^^^
  File "/home/airflow/.local/lib/python3.12/site-packages/airflow/models/taskinstance.py", line 767, in _execute_task
    result = _execute_callable(context=context, **execute_callable_kwargs)
             ^^^^^^^^^^^^^^^^^^^^^^^^^^^^^^^^^^^^^^^^^^^^^^^^^^^^^^^^^^^^^
  File "/home/airflow/.local/lib/python3.12/site-packages/airflow/models/taskinstance.py", line 733, in _execute_callable
    return ExecutionCallableRunner(
           ^^^^^^^^^^^^^^^^^^^^^^^^
  File "/home/airflow/.local/lib/python3.12/site-packages/airflow/utils/operator_helpers.py", line 252, in run
    return self.func(*args, **kwargs)
           ^^^^^^^^^^^^^^^^^^^^^^^^^^
  File "/home/airflow/.local/lib/python3.12/site-packages/airflow/models/baseoperator.py", line 422, in wrapper
    return func(self, *args, **kwargs)
           ^^^^^^^^^^^^^^^^^^^^^^^^^^^
  File "/home/airflow/.local/lib/python3.12/site-packages/airflow/operators/python.py", line 238, in execute
    return_value = self.execute_callable()
                   ^^^^^^^^^^^^^^^^^^^^^^^
  File "/home/airflow/.local/lib/python3.12/site-packages/airflow/operators/python.py", line 256, in execute_callable
    return runner.run(*self.op_args, **self.op_kwargs)
           ^^^^^^^^^^^^^^^^^^^^^^^^^^^^^^^^^^^^^^^^^^^
  File "/home/airflow/.local/lib/python3.12/site-packages/airflow/utils/operator_helpers.py", line 252, in run
    return self.func(*args, **kwargs)
           ^^^^^^^^^^^^^^^^^^^^^^^^^^
  File "/opt/airflow/dags/etl.py", line 271, in transform_and_load
    cursor.executemany(insert_orders_sql, all_values)
  File "/home/airflow/.local/lib/python3.12/site-packages/snowflake/connector/cursor.py", line 1403, in executemany
    self.execute(command, **kwargs)
  File "/home/airflow/.local/lib/python3.12/site-packages/snowflake/connector/cursor.py", line 1097, in execute
    Error.errorhandler_wrapper(self.connection, self, error_class, errvalue)
  File "/home/airflow/.local/lib/python3.12/site-packages/snowflake/connector/errors.py", line 284, in errorhandler_wrapper
    handed_over = Error.hand_to_other_handler(
                  ^^^^^^^^^^^^^^^^^^^^^^^^^^^^
  File "/home/airflow/.local/lib/python3.12/site-packages/snowflake/connector/errors.py", line 339, in hand_to_other_handler
    cursor.errorhandler(connection, cursor, error_class, error_value)
  File "/home/airflow/.local/lib/python3.12/site-packages/snowflake/connector/errors.py", line 215, in default_errorhandler
    raise error_class(
snowflake.connector.errors.ProgrammingError: 100038 (22018): 01ba3b3c-0000-d617-0000-00018ddec041: Numeric value 'Connecticut' is not recognized
[2025-02-07T10:37:11.964+0000] {local_task_job_runner.py:266} INFO - Task exited with return code 1
[2025-02-07T10:37:11.985+0000] {taskinstance.py:3895} INFO - 0 downstream tasks scheduled from follow-on schedule check
[2025-02-07T10:37:11.988+0000] {local_task_job_runner.py:245} INFO - ::endgroup::
