[2025-02-07T10:37:17.648+0000] {local_task_job_runner.py:123} INFO - ::group::Pre task execution logs
[2025-02-07T10:37:17.665+0000] {taskinstance.py:2613} INFO - Dependencies all met for dep_context=non-requeueable deps ti=<TaskInstance: etl_dag_incremental.extract_online_store_data manual__2025-02-07T10:27:03.488527+00:00 [queued]>
[2025-02-07T10:37:17.672+0000] {taskinstance.py:2613} INFO - Dependencies all met for dep_context=requeueable deps ti=<TaskInstance: etl_dag_incremental.extract_online_store_data manual__2025-02-07T10:27:03.488527+00:00 [queued]>
[2025-02-07T10:37:17.673+0000] {taskinstance.py:2866} INFO - Starting attempt 1 of 2
[2025-02-07T10:37:17.685+0000] {taskinstance.py:2889} INFO - Executing <Task(PythonOperator): extract_online_store_data> on 2025-02-07 10:27:03.488527+00:00
[2025-02-07T10:37:17.694+0000] {warnings.py:112} WARNING - /home/***/.local/lib/python3.12/site-packages/***/task/task_runner/standard_task_runner.py:70: DeprecationWarning: This process (pid=527) is multi-threaded, use of fork() may lead to deadlocks in the child.
  pid = os.fork()

[2025-02-07T10:37:17.695+0000] {standard_task_runner.py:72} INFO - Started process 531 to run task
[2025-02-07T10:37:17.696+0000] {standard_task_runner.py:104} INFO - Running: ['***', 'tasks', 'run', 'etl_dag_incremental', 'extract_online_store_data', 'manual__2025-02-07T10:27:03.488527+00:00', '--job-id', '549', '--raw', '--subdir', 'DAGS_FOLDER/etl.py', '--cfg-path', '/tmp/tmplh7qp_n6']
[2025-02-07T10:37:17.697+0000] {standard_task_runner.py:105} INFO - Job 549: Subtask extract_online_store_data
[2025-02-07T10:37:17.735+0000] {task_command.py:467} INFO - Running <TaskInstance: etl_dag_incremental.extract_online_store_data manual__2025-02-07T10:27:03.488527+00:00 [running]> on host f34e19f1f8c5
[2025-02-07T10:37:17.811+0000] {taskinstance.py:3132} INFO - Exporting env vars: AIRFLOW_CTX_DAG_OWNER='***' AIRFLOW_CTX_DAG_ID='etl_dag_incremental' AIRFLOW_CTX_TASK_ID='extract_online_store_data' AIRFLOW_CTX_EXECUTION_DATE='2025-02-07T10:27:03.488527+00:00' AIRFLOW_CTX_TRY_NUMBER='1' AIRFLOW_CTX_DAG_RUN_ID='manual__2025-02-07T10:27:03.488527+00:00'
[2025-02-07T10:37:17.812+0000] {logging_mixin.py:190} INFO - Task instance is in running state
[2025-02-07T10:37:17.813+0000] {logging_mixin.py:190} INFO -  Previous state of the Task instance: queued
[2025-02-07T10:37:17.814+0000] {logging_mixin.py:190} INFO - Current task name:extract_online_store_data state:running start_date:2025-02-07 10:37:17.665708+00:00
[2025-02-07T10:37:17.814+0000] {logging_mixin.py:190} INFO - Dag name:etl_dag_incremental and current dag run status:running
[2025-02-07T10:37:17.814+0000] {taskinstance.py:731} INFO - ::endgroup::
[2025-02-07T10:37:17.834+0000] {base.py:84} INFO - Retrieving connection 'online_store_conn'
[2025-02-07T10:37:17.838+0000] {sql.py:553} INFO - Running statement: 
            SELECT * FROM online_orders 
            WHERE created_at > '2000-01-01 00:00:00'
            ORDER BY created_at ASC;
        , parameters: None
[2025-02-07T10:37:17.853+0000] {sql.py:562} INFO - Rows affected: 8823
[2025-02-07T10:37:18.184+0000] {etl.py:150} INFO - Extracted orders 8823 new rows from db_online_store.
[2025-02-07T10:37:18.189+0000] {sql.py:553} INFO - Running statement: 
            SELECT * FROM customers 
            WHERE updated_at > '2000-01-01 00:00:00'
            ORDER BY created_at ASC;
        , parameters: None
[2025-02-07T10:37:18.196+0000] {sql.py:562} INFO - Rows affected: 3562
[2025-02-07T10:37:18.253+0000] {etl.py:170} INFO - Extracted customers 3562 new rows from db_online_store.
[2025-02-07T10:37:18.260+0000] {python.py:240} INFO - Done. Returned value was: ('/tmp/online_oders_data.json', '/tmp/online_customer_data.json')
[2025-02-07T10:37:18.294+0000] {taskinstance.py:340} INFO - ::group::Post task execution logs
[2025-02-07T10:37:18.294+0000] {taskinstance.py:352} INFO - Marking task as SUCCESS. dag_id=etl_dag_incremental, task_id=extract_online_store_data, run_id=manual__2025-02-07T10:27:03.488527+00:00, execution_date=20250207T102703, start_date=20250207T103717, end_date=20250207T103718
[2025-02-07T10:37:18.309+0000] {logging_mixin.py:190} INFO - Task instance in success state
[2025-02-07T10:37:18.309+0000] {logging_mixin.py:190} INFO -  Previous state of the Task instance: running
[2025-02-07T10:37:18.310+0000] {logging_mixin.py:190} INFO - Dag name:etl_dag_incremental queued_at:2025-02-07 10:27:03.519155+00:00
[2025-02-07T10:37:18.310+0000] {logging_mixin.py:190} INFO - Task hostname:f34e19f1f8c5 operator:PythonOperator
[2025-02-07T10:37:18.359+0000] {local_task_job_runner.py:266} INFO - Task exited with return code 0
[2025-02-07T10:37:18.414+0000] {taskinstance.py:3895} INFO - 1 downstream tasks scheduled from follow-on schedule check
[2025-02-07T10:37:18.420+0000] {local_task_job_runner.py:245} INFO - ::endgroup::
