[2025-02-07T11:14:01.209+0000] {local_task_job_runner.py:123} INFO - ::group::Pre task execution logs
[2025-02-07T11:14:01.234+0000] {taskinstance.py:2613} INFO - Dependencies all met for dep_context=non-requeueable deps ti=<TaskInstance: etl_dag_incremental.transform_and_load scheduled__2025-02-06T00:23:00+00:00 [queued]>
[2025-02-07T11:14:01.245+0000] {taskinstance.py:2613} INFO - Dependencies all met for dep_context=requeueable deps ti=<TaskInstance: etl_dag_incremental.transform_and_load scheduled__2025-02-06T00:23:00+00:00 [queued]>
[2025-02-07T11:14:01.246+0000] {taskinstance.py:2866} INFO - Starting attempt 1 of 2
[2025-02-07T11:14:01.265+0000] {taskinstance.py:2889} INFO - Executing <Task(PythonOperator): transform_and_load> on 2025-02-06 00:23:00+00:00
[2025-02-07T11:14:01.277+0000] {warnings.py:112} WARNING - /home/***/.local/lib/python3.12/site-packages/***/task/task_runner/standard_task_runner.py:70: DeprecationWarning: This process (pid=215) is multi-threaded, use of fork() may lead to deadlocks in the child.
  pid = os.fork()

[2025-02-07T11:14:01.279+0000] {standard_task_runner.py:72} INFO - Started process 224 to run task
[2025-02-07T11:14:01.280+0000] {standard_task_runner.py:104} INFO - Running: ['***', 'tasks', 'run', 'etl_dag_incremental', 'transform_and_load', 'scheduled__2025-02-06T00:23:00+00:00', '--job-id', '602', '--raw', '--subdir', 'DAGS_FOLDER/etl.py', '--cfg-path', '/tmp/tmp44bs6hg4']
[2025-02-07T11:14:01.281+0000] {standard_task_runner.py:105} INFO - Job 602: Subtask transform_and_load
[2025-02-07T11:14:01.341+0000] {task_command.py:467} INFO - Running <TaskInstance: etl_dag_incremental.transform_and_load scheduled__2025-02-06T00:23:00+00:00 [running]> on host f34e19f1f8c5
[2025-02-07T11:14:01.468+0000] {taskinstance.py:3132} INFO - Exporting env vars: AIRFLOW_CTX_DAG_OWNER='***' AIRFLOW_CTX_DAG_ID='etl_dag_incremental' AIRFLOW_CTX_TASK_ID='transform_and_load' AIRFLOW_CTX_EXECUTION_DATE='2025-02-06T00:23:00+00:00' AIRFLOW_CTX_TRY_NUMBER='1' AIRFLOW_CTX_DAG_RUN_ID='scheduled__2025-02-06T00:23:00+00:00'
[2025-02-07T11:14:01.470+0000] {logging_mixin.py:190} INFO - Task instance is in running state
[2025-02-07T11:14:01.470+0000] {logging_mixin.py:190} INFO -  Previous state of the Task instance: queued
[2025-02-07T11:14:01.471+0000] {logging_mixin.py:190} INFO - Current task name:transform_and_load state:running start_date:2025-02-07 11:14:01.234982+00:00
[2025-02-07T11:14:01.471+0000] {logging_mixin.py:190} INFO - Dag name:etl_dag_incremental and current dag run status:running
[2025-02-07T11:14:01.471+0000] {taskinstance.py:731} INFO - ::endgroup::
[2025-02-07T11:14:02.146+0000] {etl.py:237} INFO - Unified transactions count: 18736
[2025-02-07T11:14:02.150+0000] {etl.py:242} INFO - Custumers transactions count: 18736
[2025-02-07T11:14:02.152+0000] {connection.py:414} INFO - Snowflake Connector for Python Version: 3.12.4, Python Version: 3.12.8, Platform: Linux-6.9.3-76060903-generic-x86_64-with-glibc2.36
[2025-02-07T11:14:02.153+0000] {connection.py:1197} INFO - Connecting to GLOBAL Snowflake domain
[2025-02-07T11:14:02.153+0000] {connection.py:1278} INFO - This connection is in OCSP Fail Open Mode. TLS Certificates would be checked for validity and revocation status. Any other Certificate Revocation related exceptions or OCSP Responder failures would be disregarded in favor of connectivity.
[2025-02-07T11:14:04.579+0000] {cursor.py:1166} INFO - Number of results in first chunk: 1
[2025-02-07T11:14:33.975+0000] {cursor.py:1166} INFO - Number of results in first chunk: 1
[2025-02-07T11:14:33.978+0000] {connection.py:789} INFO - closed
[2025-02-07T11:14:34.069+0000] {connection.py:795} INFO - No async queries seem to be running, deleting session
[2025-02-07T11:14:34.202+0000] {etl.py:298} INFO - Saved last processed timestamp: 2025-02-07T11:13:55
[2025-02-07T11:14:34.244+0000] {python.py:240} INFO - Done. Returned value was: None
[2025-02-07T11:14:34.268+0000] {taskinstance.py:340} INFO - ::group::Post task execution logs
[2025-02-07T11:14:34.269+0000] {taskinstance.py:352} INFO - Marking task as SUCCESS. dag_id=etl_dag_incremental, task_id=transform_and_load, run_id=scheduled__2025-02-06T00:23:00+00:00, execution_date=20250206T002300, start_date=20250207T111401, end_date=20250207T111434
[2025-02-07T11:14:34.301+0000] {logging_mixin.py:190} INFO - Task instance in success state
[2025-02-07T11:14:34.301+0000] {logging_mixin.py:190} INFO -  Previous state of the Task instance: running
[2025-02-07T11:14:34.302+0000] {logging_mixin.py:190} INFO - Dag name:etl_dag_incremental queued_at:2025-02-07 11:13:49.087977+00:00
[2025-02-07T11:14:34.303+0000] {logging_mixin.py:190} INFO - Task hostname:f34e19f1f8c5 operator:PythonOperator
[2025-02-07T11:14:34.351+0000] {local_task_job_runner.py:266} INFO - Task exited with return code 0
[2025-02-07T11:14:34.400+0000] {taskinstance.py:3895} INFO - 1 downstream tasks scheduled from follow-on schedule check
[2025-02-07T11:14:34.402+0000] {local_task_job_runner.py:245} INFO - ::endgroup::
