[2025-02-06T17:26:50.092+0000] {local_task_job_runner.py:123} INFO - ::group::Pre task execution logs
[2025-02-06T17:26:50.124+0000] {taskinstance.py:2613} INFO - Dependencies all met for dep_context=non-requeueable deps ti=<TaskInstance: etl_dag_incremental.get_last_timestamp manual__2025-02-06T17:03:14.910147+00:00 [queued]>
[2025-02-06T17:26:50.140+0000] {taskinstance.py:2613} INFO - Dependencies all met for dep_context=requeueable deps ti=<TaskInstance: etl_dag_incremental.get_last_timestamp manual__2025-02-06T17:03:14.910147+00:00 [queued]>
[2025-02-06T17:26:50.140+0000] {taskinstance.py:2866} INFO - Starting attempt 4 of 5
[2025-02-06T17:26:50.161+0000] {taskinstance.py:2889} INFO - Executing <Task(PythonOperator): get_last_timestamp> on 2025-02-06 17:03:14.910147+00:00
[2025-02-06T17:26:50.177+0000] {warnings.py:112} WARNING - /home/***/.local/lib/python3.12/site-packages/***/task/task_runner/standard_task_runner.py:70: DeprecationWarning: This process (pid=624) is multi-threaded, use of fork() may lead to deadlocks in the child.
  pid = os.fork()

[2025-02-06T17:26:50.179+0000] {standard_task_runner.py:72} INFO - Started process 626 to run task
[2025-02-06T17:26:50.181+0000] {standard_task_runner.py:104} INFO - Running: ['***', 'tasks', 'run', 'etl_dag_incremental', 'get_last_timestamp', 'manual__2025-02-06T17:03:14.910147+00:00', '--job-id', '434', '--raw', '--subdir', 'DAGS_FOLDER/etl.py', '--cfg-path', '/tmp/tmpy09bb0y0']
[2025-02-06T17:26:50.182+0000] {standard_task_runner.py:105} INFO - Job 434: Subtask get_last_timestamp
[2025-02-06T17:26:50.252+0000] {task_command.py:467} INFO - Running <TaskInstance: etl_dag_incremental.get_last_timestamp manual__2025-02-06T17:03:14.910147+00:00 [running]> on host f34e19f1f8c5
[2025-02-06T17:26:50.375+0000] {taskinstance.py:3132} INFO - Exporting env vars: AIRFLOW_CTX_DAG_OWNER='***' AIRFLOW_CTX_DAG_ID='etl_dag_incremental' AIRFLOW_CTX_TASK_ID='get_last_timestamp' AIRFLOW_CTX_EXECUTION_DATE='2025-02-06T17:03:14.910147+00:00' AIRFLOW_CTX_TRY_NUMBER='4' AIRFLOW_CTX_DAG_RUN_ID='manual__2025-02-06T17:03:14.910147+00:00'
[2025-02-06T17:26:50.377+0000] {logging_mixin.py:190} INFO - Task instance is in running state
[2025-02-06T17:26:50.377+0000] {logging_mixin.py:190} INFO -  Previous state of the Task instance: queued
[2025-02-06T17:26:50.377+0000] {logging_mixin.py:190} INFO - Current task name:get_last_timestamp state:running start_date:2025-02-06 17:26:50.125101+00:00
[2025-02-06T17:26:50.378+0000] {logging_mixin.py:190} INFO - Dag name:etl_dag_incremental and current dag run status:running
[2025-02-06T17:26:50.378+0000] {taskinstance.py:731} INFO - ::endgroup::
[2025-02-06T17:26:50.393+0000] {python.py:240} INFO - Done. Returned value was: 2000-01-01 00:00:00
[2025-02-06T17:26:50.423+0000] {taskinstance.py:340} INFO - ::group::Post task execution logs
[2025-02-06T17:26:50.423+0000] {taskinstance.py:352} INFO - Marking task as SUCCESS. dag_id=etl_dag_incremental, task_id=get_last_timestamp, run_id=manual__2025-02-06T17:03:14.910147+00:00, execution_date=20250206T170314, start_date=20250206T172650, end_date=20250206T172650
[2025-02-06T17:26:50.437+0000] {logging_mixin.py:190} INFO - Task instance in success state
[2025-02-06T17:26:50.438+0000] {logging_mixin.py:190} INFO -  Previous state of the Task instance: running
[2025-02-06T17:26:50.438+0000] {logging_mixin.py:190} INFO - Dag name:etl_dag_incremental queued_at:2025-02-06 17:23:12.996281+00:00
[2025-02-06T17:26:50.438+0000] {logging_mixin.py:190} INFO - Task hostname:f34e19f1f8c5 operator:PythonOperator
[2025-02-06T17:26:50.475+0000] {local_task_job_runner.py:266} INFO - Task exited with return code 0
[2025-02-06T17:26:50.514+0000] {taskinstance.py:3895} INFO - 2 downstream tasks scheduled from follow-on schedule check
[2025-02-06T17:26:50.517+0000] {local_task_job_runner.py:245} INFO - ::endgroup::
