[2025-02-06T15:48:55.454+0000] {local_task_job_runner.py:123} INFO - ::group::Pre task execution logs
[2025-02-06T15:48:55.476+0000] {taskinstance.py:2613} INFO - Dependencies all met for dep_context=non-requeueable deps ti=<TaskInstance: etl_dag_incremental.transform_and_load scheduled__2025-02-06T00:03:00+00:00 [queued]>
[2025-02-06T15:48:55.492+0000] {taskinstance.py:2613} INFO - Dependencies all met for dep_context=requeueable deps ti=<TaskInstance: etl_dag_incremental.transform_and_load scheduled__2025-02-06T00:03:00+00:00 [queued]>
[2025-02-06T15:48:55.492+0000] {taskinstance.py:2866} INFO - Starting attempt 1 of 2
[2025-02-06T15:48:55.509+0000] {taskinstance.py:2889} INFO - Executing <Task(PythonOperator): transform_and_load> on 2025-02-06 00:03:00+00:00
[2025-02-06T15:48:55.525+0000] {warnings.py:112} WARNING - /home/***/.local/lib/python3.12/site-packages/***/task/task_runner/standard_task_runner.py:70: DeprecationWarning: This process (pid=245) is multi-threaded, use of fork() may lead to deadlocks in the child.
  pid = os.fork()

[2025-02-06T15:48:55.526+0000] {standard_task_runner.py:72} INFO - Started process 247 to run task
[2025-02-06T15:48:55.527+0000] {standard_task_runner.py:104} INFO - Running: ['***', 'tasks', 'run', 'etl_dag_incremental', 'transform_and_load', 'scheduled__2025-02-06T00:03:00+00:00', '--job-id', '338', '--raw', '--subdir', 'DAGS_FOLDER/etl.py', '--cfg-path', '/tmp/tmpy4sdbbl2']
[2025-02-06T15:48:55.529+0000] {standard_task_runner.py:105} INFO - Job 338: Subtask transform_and_load
[2025-02-06T15:48:55.570+0000] {task_command.py:467} INFO - Running <TaskInstance: etl_dag_incremental.transform_and_load scheduled__2025-02-06T00:03:00+00:00 [running]> on host f34e19f1f8c5
[2025-02-06T15:48:55.645+0000] {taskinstance.py:3132} INFO - Exporting env vars: AIRFLOW_CTX_DAG_OWNER='***' AIRFLOW_CTX_DAG_ID='etl_dag_incremental' AIRFLOW_CTX_TASK_ID='transform_and_load' AIRFLOW_CTX_EXECUTION_DATE='2025-02-06T00:03:00+00:00' AIRFLOW_CTX_TRY_NUMBER='1' AIRFLOW_CTX_DAG_RUN_ID='scheduled__2025-02-06T00:03:00+00:00'
[2025-02-06T15:48:55.646+0000] {logging_mixin.py:190} INFO - Task instance is in running state
[2025-02-06T15:48:55.646+0000] {logging_mixin.py:190} INFO -  Previous state of the Task instance: queued
[2025-02-06T15:48:55.647+0000] {logging_mixin.py:190} INFO - Current task name:transform_and_load state:running start_date:2025-02-06 15:48:55.477225+00:00
[2025-02-06T15:48:55.647+0000] {logging_mixin.py:190} INFO - Dag name:etl_dag_incremental and current dag run status:running
[2025-02-06T15:48:55.647+0000] {taskinstance.py:731} INFO - ::endgroup::
[2025-02-06T15:48:55.704+0000] {etl.py:234} INFO - Unified transactions count: 10890
[2025-02-06T15:48:55.706+0000] {etl.py:239} INFO - Custumers transactions count: 10890
[2025-02-06T15:48:55.706+0000] {connection.py:414} INFO - Snowflake Connector for Python Version: 3.12.4, Python Version: 3.12.8, Platform: Linux-6.9.3-76060903-generic-x86_64-with-glibc2.36
[2025-02-06T15:48:55.707+0000] {connection.py:1197} INFO - Connecting to GLOBAL Snowflake domain
[2025-02-06T15:48:55.708+0000] {connection.py:1278} INFO - This connection is in OCSP Fail Open Mode. TLS Certificates would be checked for validity and revocation status. Any other Certificate Revocation related exceptions or OCSP Responder failures would be disregarded in favor of connectivity.
[2025-02-06T15:48:56.712+0000] {etl.py:265} ERROR - Error: 001003 (42000): 01ba36d4-0000-d5b8-0000-00018dde72bd: SQL compilation error:
syntax error line 1 at position 0 unexpected '"'.
[2025-02-06T15:48:56.716+0000] {taskinstance.py:3311} ERROR - Task failed with exception
Traceback (most recent call last):
  File "/home/airflow/.local/lib/python3.12/site-packages/airflow/models/taskinstance.py", line 767, in _execute_task
    result = _execute_callable(context=context, **execute_callable_kwargs)
             ^^^^^^^^^^^^^^^^^^^^^^^^^^^^^^^^^^^^^^^^^^^^^^^^^^^^^^^^^^^^^
  File "/home/airflow/.local/lib/python3.12/site-packages/airflow/models/taskinstance.py", line 733, in _execute_callable
    return ExecutionCallableRunner(
           ^^^^^^^^^^^^^^^^^^^^^^^^
  File "/home/airflow/.local/lib/python3.12/site-packages/airflow/utils/operator_helpers.py", line 252, in run
    return self.func(*args, **kwargs)
           ^^^^^^^^^^^^^^^^^^^^^^^^^^
  File "/home/airflow/.local/lib/python3.12/site-packages/airflow/models/baseoperator.py", line 422, in wrapper
    return func(self, *args, **kwargs)
           ^^^^^^^^^^^^^^^^^^^^^^^^^^^
  File "/home/airflow/.local/lib/python3.12/site-packages/airflow/operators/python.py", line 238, in execute
    return_value = self.execute_callable()
                   ^^^^^^^^^^^^^^^^^^^^^^^
  File "/home/airflow/.local/lib/python3.12/site-packages/airflow/operators/python.py", line 256, in execute_callable
    return runner.run(*self.op_args, **self.op_kwargs)
           ^^^^^^^^^^^^^^^^^^^^^^^^^^^^^^^^^^^^^^^^^^^
  File "/home/airflow/.local/lib/python3.12/site-packages/airflow/utils/operator_helpers.py", line 252, in run
    return self.func(*args, **kwargs)
           ^^^^^^^^^^^^^^^^^^^^^^^^^^
  File "/opt/airflow/dags/etl.py", line 253, in transform_and_load
    dw_hook.cursor().execute(
  File "/home/airflow/.local/lib/python3.12/site-packages/snowflake/connector/cursor.py", line 1097, in execute
    Error.errorhandler_wrapper(self.connection, self, error_class, errvalue)
  File "/home/airflow/.local/lib/python3.12/site-packages/snowflake/connector/errors.py", line 284, in errorhandler_wrapper
    handed_over = Error.hand_to_other_handler(
                  ^^^^^^^^^^^^^^^^^^^^^^^^^^^^
  File "/home/airflow/.local/lib/python3.12/site-packages/snowflake/connector/errors.py", line 339, in hand_to_other_handler
    cursor.errorhandler(connection, cursor, error_class, error_value)
  File "/home/airflow/.local/lib/python3.12/site-packages/snowflake/connector/errors.py", line 215, in default_errorhandler
    raise error_class(
snowflake.connector.errors.ProgrammingError: 001003 (42000): 01ba36d4-0000-d5b8-0000-00018dde72bd: SQL compilation error:
syntax error line 1 at position 0 unexpected '"'.
[2025-02-06T15:48:56.765+0000] {logging_mixin.py:190} INFO - Task instance in failure state
[2025-02-06T15:48:56.765+0000] {logging_mixin.py:190} INFO - Task start:2025-02-06 15:48:55.477225+00:00 end:2025-02-06 15:48:56.763847+00:00 duration:1.286622
[2025-02-06T15:48:56.766+0000] {logging_mixin.py:190} INFO - Task:<Task(PythonOperator): transform_and_load> dag:<DAG: etl_dag_incremental> dagrun:<DagRun etl_dag_incremental @ 2025-02-06 00:03:00+00:00: scheduled__2025-02-06T00:03:00+00:00, state:running, queued_at: 2025-02-06 15:48:46.020750+00:00. externally triggered: False>
[2025-02-06T15:48:56.767+0000] {logging_mixin.py:190} INFO - Failure caused by 001003 (42000): 01ba36d4-0000-d5b8-0000-00018dde72bd: SQL compilation error:
syntax error line 1 at position 0 unexpected '"'.
[2025-02-06T15:48:56.767+0000] {taskinstance.py:1225} INFO - Marking task as UP_FOR_RETRY. dag_id=etl_dag_incremental, task_id=transform_and_load, run_id=scheduled__2025-02-06T00:03:00+00:00, execution_date=20250206T000300, start_date=20250206T154855, end_date=20250206T154856
[2025-02-06T15:48:56.790+0000] {taskinstance.py:340} INFO - ::group::Post task execution logs
[2025-02-06T15:48:56.791+0000] {standard_task_runner.py:124} ERROR - Failed to execute job 338 for task transform_and_load (001003 (42000): 01ba36d4-0000-d5b8-0000-00018dde72bd: SQL compilation error:
syntax error line 1 at position 0 unexpected '"'.; 247)
Traceback (most recent call last):
  File "/home/airflow/.local/lib/python3.12/site-packages/airflow/task/task_runner/standard_task_runner.py", line 117, in _start_by_fork
    ret = args.func(args, dag=self.dag)
          ^^^^^^^^^^^^^^^^^^^^^^^^^^^^^
  File "/home/airflow/.local/lib/python3.12/site-packages/airflow/cli/cli_config.py", line 49, in command
    return func(*args, **kwargs)
           ^^^^^^^^^^^^^^^^^^^^^
  File "/home/airflow/.local/lib/python3.12/site-packages/airflow/utils/cli.py", line 116, in wrapper
    return f(*args, **kwargs)
           ^^^^^^^^^^^^^^^^^^
  File "/home/airflow/.local/lib/python3.12/site-packages/airflow/cli/commands/task_command.py", line 483, in task_run
    task_return_code = _run_task_by_selected_method(args, _dag, ti)
                       ^^^^^^^^^^^^^^^^^^^^^^^^^^^^^^^^^^^^^^^^^^^^
  File "/home/airflow/.local/lib/python3.12/site-packages/airflow/cli/commands/task_command.py", line 256, in _run_task_by_selected_method
    return _run_raw_task(args, ti)
           ^^^^^^^^^^^^^^^^^^^^^^^
  File "/home/airflow/.local/lib/python3.12/site-packages/airflow/cli/commands/task_command.py", line 341, in _run_raw_task
    return ti._run_raw_task(
           ^^^^^^^^^^^^^^^^^
  File "/home/airflow/.local/lib/python3.12/site-packages/airflow/utils/session.py", line 97, in wrapper
    return func(*args, session=session, **kwargs)
           ^^^^^^^^^^^^^^^^^^^^^^^^^^^^^^^^^^^^^^
  File "/home/airflow/.local/lib/python3.12/site-packages/airflow/models/taskinstance.py", line 3005, in _run_raw_task
    return _run_raw_task(
           ^^^^^^^^^^^^^^
  File "/home/airflow/.local/lib/python3.12/site-packages/airflow/models/taskinstance.py", line 273, in _run_raw_task
    TaskInstance._execute_task_with_callbacks(
  File "/home/airflow/.local/lib/python3.12/site-packages/airflow/models/taskinstance.py", line 3159, in _execute_task_with_callbacks
    result = self._execute_task(context, task_orig)
             ^^^^^^^^^^^^^^^^^^^^^^^^^^^^^^^^^^^^^^
  File "/home/airflow/.local/lib/python3.12/site-packages/airflow/models/taskinstance.py", line 3183, in _execute_task
    return _execute_task(self, context, task_orig)
           ^^^^^^^^^^^^^^^^^^^^^^^^^^^^^^^^^^^^^^^
  File "/home/airflow/.local/lib/python3.12/site-packages/airflow/models/taskinstance.py", line 767, in _execute_task
    result = _execute_callable(context=context, **execute_callable_kwargs)
             ^^^^^^^^^^^^^^^^^^^^^^^^^^^^^^^^^^^^^^^^^^^^^^^^^^^^^^^^^^^^^
  File "/home/airflow/.local/lib/python3.12/site-packages/airflow/models/taskinstance.py", line 733, in _execute_callable
    return ExecutionCallableRunner(
           ^^^^^^^^^^^^^^^^^^^^^^^^
  File "/home/airflow/.local/lib/python3.12/site-packages/airflow/utils/operator_helpers.py", line 252, in run
    return self.func(*args, **kwargs)
           ^^^^^^^^^^^^^^^^^^^^^^^^^^
  File "/home/airflow/.local/lib/python3.12/site-packages/airflow/models/baseoperator.py", line 422, in wrapper
    return func(self, *args, **kwargs)
           ^^^^^^^^^^^^^^^^^^^^^^^^^^^
  File "/home/airflow/.local/lib/python3.12/site-packages/airflow/operators/python.py", line 238, in execute
    return_value = self.execute_callable()
                   ^^^^^^^^^^^^^^^^^^^^^^^
  File "/home/airflow/.local/lib/python3.12/site-packages/airflow/operators/python.py", line 256, in execute_callable
    return runner.run(*self.op_args, **self.op_kwargs)
           ^^^^^^^^^^^^^^^^^^^^^^^^^^^^^^^^^^^^^^^^^^^
  File "/home/airflow/.local/lib/python3.12/site-packages/airflow/utils/operator_helpers.py", line 252, in run
    return self.func(*args, **kwargs)
           ^^^^^^^^^^^^^^^^^^^^^^^^^^
  File "/opt/airflow/dags/etl.py", line 253, in transform_and_load
    dw_hook.cursor().execute(
  File "/home/airflow/.local/lib/python3.12/site-packages/snowflake/connector/cursor.py", line 1097, in execute
    Error.errorhandler_wrapper(self.connection, self, error_class, errvalue)
  File "/home/airflow/.local/lib/python3.12/site-packages/snowflake/connector/errors.py", line 284, in errorhandler_wrapper
    handed_over = Error.hand_to_other_handler(
                  ^^^^^^^^^^^^^^^^^^^^^^^^^^^^
  File "/home/airflow/.local/lib/python3.12/site-packages/snowflake/connector/errors.py", line 339, in hand_to_other_handler
    cursor.errorhandler(connection, cursor, error_class, error_value)
  File "/home/airflow/.local/lib/python3.12/site-packages/snowflake/connector/errors.py", line 215, in default_errorhandler
    raise error_class(
snowflake.connector.errors.ProgrammingError: 001003 (42000): 01ba36d4-0000-d5b8-0000-00018dde72bd: SQL compilation error:
syntax error line 1 at position 0 unexpected '"'.
[2025-02-06T15:48:56.825+0000] {local_task_job_runner.py:266} INFO - Task exited with return code 1
[2025-02-06T15:48:56.856+0000] {taskinstance.py:3895} INFO - 0 downstream tasks scheduled from follow-on schedule check
[2025-02-06T15:48:56.857+0000] {local_task_job_runner.py:245} INFO - ::endgroup::
[2025-02-07T11:24:59.096+0000] {local_task_job_runner.py:123} INFO - ::group::Pre task execution logs
[2025-02-07T11:24:59.125+0000] {taskinstance.py:2613} INFO - Dependencies all met for dep_context=non-requeueable deps ti=<TaskInstance: etl_dag_incremental.transform_and_load scheduled__2025-02-06T00:03:00+00:00 [queued]>
[2025-02-07T11:24:59.137+0000] {taskinstance.py:2613} INFO - Dependencies all met for dep_context=requeueable deps ti=<TaskInstance: etl_dag_incremental.transform_and_load scheduled__2025-02-06T00:03:00+00:00 [queued]>
[2025-02-07T11:24:59.138+0000] {taskinstance.py:2866} INFO - Starting attempt 1 of 2
[2025-02-07T11:24:59.168+0000] {taskinstance.py:2889} INFO - Executing <Task(PythonOperator): transform_and_load> on 2025-02-06 00:03:00+00:00
[2025-02-07T11:24:59.188+0000] {warnings.py:112} WARNING - /home/***/.local/lib/python3.12/site-packages/***/task/task_runner/standard_task_runner.py:70: DeprecationWarning: This process (pid=52) is multi-threaded, use of fork() may lead to deadlocks in the child.
  pid = os.fork()

[2025-02-07T11:24:59.190+0000] {standard_task_runner.py:72} INFO - Started process 61 to run task
[2025-02-07T11:24:59.192+0000] {standard_task_runner.py:104} INFO - Running: ['***', 'tasks', 'run', 'etl_dag_incremental', 'transform_and_load', 'scheduled__2025-02-06T00:03:00+00:00', '--job-id', '625', '--raw', '--subdir', 'DAGS_FOLDER/etl.py', '--cfg-path', '/tmp/tmps4pw92_2']
[2025-02-07T11:24:59.194+0000] {standard_task_runner.py:105} INFO - Job 625: Subtask transform_and_load
[2025-02-07T11:24:59.267+0000] {task_command.py:467} INFO - Running <TaskInstance: etl_dag_incremental.transform_and_load scheduled__2025-02-06T00:03:00+00:00 [running]> on host f34e19f1f8c5
[2025-02-07T11:24:59.454+0000] {taskinstance.py:3132} INFO - Exporting env vars: AIRFLOW_CTX_DAG_OWNER='***' AIRFLOW_CTX_DAG_ID='etl_dag_incremental' AIRFLOW_CTX_TASK_ID='transform_and_load' AIRFLOW_CTX_EXECUTION_DATE='2025-02-06T00:03:00+00:00' AIRFLOW_CTX_TRY_NUMBER='1' AIRFLOW_CTX_DAG_RUN_ID='scheduled__2025-02-06T00:03:00+00:00'
[2025-02-07T11:24:59.457+0000] {logging_mixin.py:190} INFO - Task instance is in running state
[2025-02-07T11:24:59.458+0000] {logging_mixin.py:190} INFO -  Previous state of the Task instance: queued
[2025-02-07T11:24:59.458+0000] {logging_mixin.py:190} INFO - Current task name:transform_and_load state:running start_date:2025-02-07 11:24:59.125593+00:00
[2025-02-07T11:24:59.459+0000] {logging_mixin.py:190} INFO - Dag name:etl_dag_incremental and current dag run status:running
[2025-02-07T11:24:59.459+0000] {taskinstance.py:731} INFO - ::endgroup::
[2025-02-07T11:25:00.210+0000] {etl.py:239} INFO - Unified transactions count: 19006
[2025-02-07T11:25:00.214+0000] {etl.py:244} INFO - Custumers transactions count: 19006
[2025-02-07T11:25:00.215+0000] {connection.py:414} INFO - Snowflake Connector for Python Version: 3.12.4, Python Version: 3.12.8, Platform: Linux-6.9.3-76060903-generic-x86_64-with-glibc2.36
[2025-02-07T11:25:00.217+0000] {connection.py:1197} INFO - Connecting to GLOBAL Snowflake domain
[2025-02-07T11:25:00.218+0000] {connection.py:1278} INFO - This connection is in OCSP Fail Open Mode. TLS Certificates would be checked for validity and revocation status. Any other Certificate Revocation related exceptions or OCSP Responder failures would be disregarded in favor of connectivity.
[2025-02-07T11:25:03.773+0000] {cursor.py:1166} INFO - Number of results in first chunk: 1
[2025-02-07T11:25:30.801+0000] {cursor.py:1166} INFO - Number of results in first chunk: 1
[2025-02-07T11:25:30.802+0000] {connection.py:789} INFO - closed
[2025-02-07T11:25:30.907+0000] {connection.py:795} INFO - No async queries seem to be running, deleting session
[2025-02-07T11:25:31.047+0000] {etl.py:300} INFO - Saved last processed timestamp: 2025-02-07T11:22:59
[2025-02-07T11:25:31.085+0000] {python.py:240} INFO - Done. Returned value was: None
[2025-02-07T11:25:31.105+0000] {taskinstance.py:340} INFO - ::group::Post task execution logs
[2025-02-07T11:25:31.107+0000] {taskinstance.py:352} INFO - Marking task as SUCCESS. dag_id=etl_dag_incremental, task_id=transform_and_load, run_id=scheduled__2025-02-06T00:03:00+00:00, execution_date=20250206T000300, start_date=20250207T112459, end_date=20250207T112531
[2025-02-07T11:25:31.134+0000] {logging_mixin.py:190} INFO - Task instance in success state
[2025-02-07T11:25:31.134+0000] {logging_mixin.py:190} INFO -  Previous state of the Task instance: running
[2025-02-07T11:25:31.135+0000] {logging_mixin.py:190} INFO - Dag name:etl_dag_incremental queued_at:2025-02-07 11:22:52.796324+00:00
[2025-02-07T11:25:31.135+0000] {logging_mixin.py:190} INFO - Task hostname:f34e19f1f8c5 operator:PythonOperator
[2025-02-07T11:25:31.188+0000] {local_task_job_runner.py:266} INFO - Task exited with return code 0
[2025-02-07T11:25:31.248+0000] {taskinstance.py:3895} INFO - 1 downstream tasks scheduled from follow-on schedule check
[2025-02-07T11:25:31.251+0000] {local_task_job_runner.py:245} INFO - ::endgroup::
