[2025-02-06T15:48:52.004+0000] {local_task_job_runner.py:123} INFO - ::group::Pre task execution logs
[2025-02-06T15:48:52.027+0000] {taskinstance.py:2613} INFO - Dependencies all met for dep_context=non-requeueable deps ti=<TaskInstance: etl_dag_incremental.extract_physical_store_data scheduled__2025-02-06T00:03:00+00:00 [queued]>
[2025-02-06T15:48:52.037+0000] {taskinstance.py:2613} INFO - Dependencies all met for dep_context=requeueable deps ti=<TaskInstance: etl_dag_incremental.extract_physical_store_data scheduled__2025-02-06T00:03:00+00:00 [queued]>
[2025-02-06T15:48:52.038+0000] {taskinstance.py:2866} INFO - Starting attempt 1 of 2
[2025-02-06T15:48:52.052+0000] {taskinstance.py:2889} INFO - Executing <Task(PythonOperator): extract_physical_store_data> on 2025-02-06 00:03:00+00:00
[2025-02-06T15:48:52.065+0000] {warnings.py:112} WARNING - /home/***/.local/lib/python3.12/site-packages/***/task/task_runner/standard_task_runner.py:70: DeprecationWarning: This process (pid=237) is multi-threaded, use of fork() may lead to deadlocks in the child.
  pid = os.fork()

[2025-02-06T15:48:52.067+0000] {standard_task_runner.py:72} INFO - Started process 241 to run task
[2025-02-06T15:48:52.068+0000] {standard_task_runner.py:104} INFO - Running: ['***', 'tasks', 'run', 'etl_dag_incremental', 'extract_physical_store_data', 'scheduled__2025-02-06T00:03:00+00:00', '--job-id', '336', '--raw', '--subdir', 'DAGS_FOLDER/etl.py', '--cfg-path', '/tmp/tmp3dzj93vk']
[2025-02-06T15:48:52.070+0000] {standard_task_runner.py:105} INFO - Job 336: Subtask extract_physical_store_data
[2025-02-06T15:48:52.138+0000] {task_command.py:467} INFO - Running <TaskInstance: etl_dag_incremental.extract_physical_store_data scheduled__2025-02-06T00:03:00+00:00 [running]> on host f34e19f1f8c5
[2025-02-06T15:48:52.303+0000] {taskinstance.py:3132} INFO - Exporting env vars: AIRFLOW_CTX_DAG_OWNER='***' AIRFLOW_CTX_DAG_ID='etl_dag_incremental' AIRFLOW_CTX_TASK_ID='extract_physical_store_data' AIRFLOW_CTX_EXECUTION_DATE='2025-02-06T00:03:00+00:00' AIRFLOW_CTX_TRY_NUMBER='1' AIRFLOW_CTX_DAG_RUN_ID='scheduled__2025-02-06T00:03:00+00:00'
[2025-02-06T15:48:52.305+0000] {logging_mixin.py:190} INFO - Task instance is in running state
[2025-02-06T15:48:52.305+0000] {logging_mixin.py:190} INFO -  Previous state of the Task instance: queued
[2025-02-06T15:48:52.305+0000] {logging_mixin.py:190} INFO - Current task name:extract_physical_store_data state:running start_date:2025-02-06 15:48:52.027792+00:00
[2025-02-06T15:48:52.306+0000] {logging_mixin.py:190} INFO - Dag name:etl_dag_incremental and current dag run status:running
[2025-02-06T15:48:52.306+0000] {taskinstance.py:731} INFO - ::endgroup::
[2025-02-06T15:48:52.324+0000] {base.py:84} INFO - Retrieving connection 'physical_store_conn'
[2025-02-06T15:48:52.327+0000] {sql.py:553} INFO - Running statement: 
            SELECT * FROM physical_orders 
            WHERE created_at > '2000-01-01 00:00:00'
            ORDER BY created_at ASC;
        , parameters: None
[2025-02-06T15:48:52.339+0000] {sql.py:562} INFO - Rows affected: 5445
[2025-02-06T15:48:52.440+0000] {etl.py:203} INFO - Extracted 5445 new rows from db_physical_store.
[2025-02-06T15:48:52.443+0000] {python.py:240} INFO - Done. Returned value was: /tmp/physical_data.json
[2025-02-06T15:48:52.465+0000] {taskinstance.py:340} INFO - ::group::Post task execution logs
[2025-02-06T15:48:52.465+0000] {taskinstance.py:352} INFO - Marking task as SUCCESS. dag_id=etl_dag_incremental, task_id=extract_physical_store_data, run_id=scheduled__2025-02-06T00:03:00+00:00, execution_date=20250206T000300, start_date=20250206T154852, end_date=20250206T154852
[2025-02-06T15:48:52.473+0000] {logging_mixin.py:190} INFO - Task instance in success state
[2025-02-06T15:48:52.473+0000] {logging_mixin.py:190} INFO -  Previous state of the Task instance: running
[2025-02-06T15:48:52.473+0000] {logging_mixin.py:190} INFO - Dag name:etl_dag_incremental queued_at:2025-02-06 15:48:46.020750+00:00
[2025-02-06T15:48:52.473+0000] {logging_mixin.py:190} INFO - Task hostname:f34e19f1f8c5 operator:PythonOperator
[2025-02-06T15:48:52.490+0000] {local_task_job_runner.py:266} INFO - Task exited with return code 0
[2025-02-06T15:48:52.510+0000] {taskinstance.py:3895} INFO - 0 downstream tasks scheduled from follow-on schedule check
[2025-02-06T15:48:52.511+0000] {local_task_job_runner.py:245} INFO - ::endgroup::
[2025-02-07T11:22:59.877+0000] {local_task_job_runner.py:123} INFO - ::group::Pre task execution logs
[2025-02-07T11:22:59.903+0000] {taskinstance.py:2613} INFO - Dependencies all met for dep_context=non-requeueable deps ti=<TaskInstance: etl_dag_incremental.extract_physical_store_data scheduled__2025-02-06T00:03:00+00:00 [queued]>
[2025-02-07T11:22:59.917+0000] {taskinstance.py:2613} INFO - Dependencies all met for dep_context=requeueable deps ti=<TaskInstance: etl_dag_incremental.extract_physical_store_data scheduled__2025-02-06T00:03:00+00:00 [queued]>
[2025-02-07T11:22:59.918+0000] {taskinstance.py:2866} INFO - Starting attempt 1 of 2
[2025-02-07T11:22:59.942+0000] {taskinstance.py:2889} INFO - Executing <Task(PythonOperator): extract_physical_store_data> on 2025-02-06 00:03:00+00:00
[2025-02-07T11:22:59.960+0000] {warnings.py:112} WARNING - /home/***/.local/lib/python3.12/site-packages/***/task/task_runner/standard_task_runner.py:70: DeprecationWarning: This process (pid=156) is multi-threaded, use of fork() may lead to deadlocks in the child.
  pid = os.fork()

[2025-02-07T11:22:59.961+0000] {standard_task_runner.py:72} INFO - Started process 161 to run task
[2025-02-07T11:22:59.963+0000] {standard_task_runner.py:104} INFO - Running: ['***', 'tasks', 'run', 'etl_dag_incremental', 'extract_physical_store_data', 'scheduled__2025-02-06T00:03:00+00:00', '--job-id', '622', '--raw', '--subdir', 'DAGS_FOLDER/etl.py', '--cfg-path', '/tmp/tmp13bvjf_a']
[2025-02-07T11:22:59.964+0000] {standard_task_runner.py:105} INFO - Job 622: Subtask extract_physical_store_data
[2025-02-07T11:23:00.056+0000] {task_command.py:467} INFO - Running <TaskInstance: etl_dag_incremental.extract_physical_store_data scheduled__2025-02-06T00:03:00+00:00 [running]> on host f34e19f1f8c5
[2025-02-07T11:23:00.252+0000] {taskinstance.py:3132} INFO - Exporting env vars: AIRFLOW_CTX_DAG_OWNER='***' AIRFLOW_CTX_DAG_ID='etl_dag_incremental' AIRFLOW_CTX_TASK_ID='extract_physical_store_data' AIRFLOW_CTX_EXECUTION_DATE='2025-02-06T00:03:00+00:00' AIRFLOW_CTX_TRY_NUMBER='1' AIRFLOW_CTX_DAG_RUN_ID='scheduled__2025-02-06T00:03:00+00:00'
[2025-02-07T11:23:00.254+0000] {logging_mixin.py:190} INFO - Task instance is in running state
[2025-02-07T11:23:00.255+0000] {logging_mixin.py:190} INFO -  Previous state of the Task instance: queued
[2025-02-07T11:23:00.257+0000] {logging_mixin.py:190} INFO - Current task name:extract_physical_store_data state:running start_date:2025-02-07 11:22:59.904587+00:00
[2025-02-07T11:23:00.258+0000] {logging_mixin.py:190} INFO - Dag name:etl_dag_incremental and current dag run status:running
[2025-02-07T11:23:00.258+0000] {taskinstance.py:731} INFO - ::endgroup::
[2025-02-07T11:23:00.294+0000] {base.py:84} INFO - Retrieving connection 'physical_store_conn'
[2025-02-07T11:23:00.298+0000] {sql.py:553} INFO - Running statement: 
            SELECT * FROM physical_orders 
            WHERE created_at > '2000-01-01 00:00:00'
            ORDER BY created_at ASC;
        , parameters: None
[2025-02-07T11:23:00.316+0000] {sql.py:562} INFO - Rows affected: 9503
[2025-02-07T11:23:00.578+0000] {etl.py:203} INFO - Extracted 9503 new rows from db_physical_store.
[2025-02-07T11:23:00.582+0000] {python.py:240} INFO - Done. Returned value was: /tmp/physical_data.json
[2025-02-07T11:23:00.617+0000] {taskinstance.py:340} INFO - ::group::Post task execution logs
[2025-02-07T11:23:00.618+0000] {taskinstance.py:352} INFO - Marking task as SUCCESS. dag_id=etl_dag_incremental, task_id=extract_physical_store_data, run_id=scheduled__2025-02-06T00:03:00+00:00, execution_date=20250206T000300, start_date=20250207T112259, end_date=20250207T112300
[2025-02-07T11:23:00.633+0000] {logging_mixin.py:190} INFO - Task instance in success state
[2025-02-07T11:23:00.633+0000] {logging_mixin.py:190} INFO -  Previous state of the Task instance: running
[2025-02-07T11:23:00.633+0000] {logging_mixin.py:190} INFO - Dag name:etl_dag_incremental queued_at:2025-02-07 11:22:52.796324+00:00
[2025-02-07T11:23:00.634+0000] {logging_mixin.py:190} INFO - Task hostname:f34e19f1f8c5 operator:PythonOperator
[2025-02-07T11:23:00.659+0000] {local_task_job_runner.py:266} INFO - Task exited with return code 0
[2025-02-07T11:23:00.692+0000] {taskinstance.py:3895} INFO - 0 downstream tasks scheduled from follow-on schedule check
[2025-02-07T11:23:00.694+0000] {local_task_job_runner.py:245} INFO - ::endgroup::
