[2025-02-06T15:00:09.005+0000] {local_task_job_runner.py:123} INFO - ::group::Pre task execution logs
[2025-02-06T15:00:09.129+0000] {taskinstance.py:2613} INFO - Dependencies all met for dep_context=non-requeueable deps ti=<TaskInstance: etl_dag_incremental.extract_physical_store_data manual__2025-02-06T14:46:08.470758+00:00 [queued]>
[2025-02-06T15:00:09.184+0000] {taskinstance.py:2613} INFO - Dependencies all met for dep_context=requeueable deps ti=<TaskInstance: etl_dag_incremental.extract_physical_store_data manual__2025-02-06T14:46:08.470758+00:00 [queued]>
[2025-02-06T15:00:09.186+0000] {taskinstance.py:2866} INFO - Starting attempt 1 of 2
[2025-02-06T15:00:09.234+0000] {taskinstance.py:2889} INFO - Executing <Task(PythonOperator): extract_physical_store_data> on 2025-02-06 14:46:08.470758+00:00
[2025-02-06T15:00:09.304+0000] {warnings.py:112} WARNING - /home/***/.local/lib/python3.12/site-packages/***/task/task_runner/standard_task_runner.py:70: DeprecationWarning: This process (pid=149) is multi-threaded, use of fork() may lead to deadlocks in the child.
  pid = os.fork()

[2025-02-06T15:00:09.316+0000] {standard_task_runner.py:72} INFO - Started process 160 to run task
[2025-02-06T15:00:09.317+0000] {standard_task_runner.py:104} INFO - Running: ['***', 'tasks', 'run', 'etl_dag_incremental', 'extract_physical_store_data', 'manual__2025-02-06T14:46:08.470758+00:00', '--job-id', '291', '--raw', '--subdir', 'DAGS_FOLDER/etl.py', '--cfg-path', '/tmp/tmpcnhxyuiu']
[2025-02-06T15:00:09.319+0000] {standard_task_runner.py:105} INFO - Job 291: Subtask extract_physical_store_data
[2025-02-06T15:00:09.490+0000] {task_command.py:467} INFO - Running <TaskInstance: etl_dag_incremental.extract_physical_store_data manual__2025-02-06T14:46:08.470758+00:00 [running]> on host f34e19f1f8c5
[2025-02-06T15:00:09.899+0000] {taskinstance.py:3132} INFO - Exporting env vars: AIRFLOW_CTX_DAG_OWNER='***' AIRFLOW_CTX_DAG_ID='etl_dag_incremental' AIRFLOW_CTX_TASK_ID='extract_physical_store_data' AIRFLOW_CTX_EXECUTION_DATE='2025-02-06T14:46:08.470758+00:00' AIRFLOW_CTX_TRY_NUMBER='1' AIRFLOW_CTX_DAG_RUN_ID='manual__2025-02-06T14:46:08.470758+00:00'
[2025-02-06T15:00:09.909+0000] {logging_mixin.py:190} INFO - Task instance is in running state
[2025-02-06T15:00:09.910+0000] {logging_mixin.py:190} INFO -  Previous state of the Task instance: queued
[2025-02-06T15:00:09.911+0000] {logging_mixin.py:190} INFO - Current task name:extract_physical_store_data state:running start_date:2025-02-06 15:00:09.134477+00:00
[2025-02-06T15:00:09.914+0000] {logging_mixin.py:190} INFO - Dag name:etl_dag_incremental and current dag run status:running
[2025-02-06T15:00:09.916+0000] {taskinstance.py:731} INFO - ::endgroup::
[2025-02-06T15:00:10.006+0000] {base.py:84} INFO - Retrieving connection 'physical_store_conn'
[2025-02-06T15:00:10.023+0000] {sql.py:553} INFO - Running statement: 
            SELECT * FROM physical_orders 
            WHERE created_at > '2000-01-01 00:00:00'
            ORDER BY created_at ASC;
        , parameters: None
[2025-02-06T15:00:10.052+0000] {sql.py:562} INFO - Rows affected: 4720
[2025-02-06T15:00:10.461+0000] {etl.py:203} INFO - Extracted 4720 new rows from db_physical_store.
[2025-02-06T15:00:10.478+0000] {python.py:240} INFO - Done. Returned value was: /tmp/physical_data.json
[2025-02-06T15:00:10.635+0000] {taskinstance.py:340} INFO - ::group::Post task execution logs
[2025-02-06T15:00:10.637+0000] {taskinstance.py:352} INFO - Marking task as SUCCESS. dag_id=etl_dag_incremental, task_id=extract_physical_store_data, run_id=manual__2025-02-06T14:46:08.470758+00:00, execution_date=20250206T144608, start_date=20250206T150009, end_date=20250206T150010
[2025-02-06T15:00:10.691+0000] {logging_mixin.py:190} INFO - Task instance in success state
[2025-02-06T15:00:10.692+0000] {logging_mixin.py:190} INFO -  Previous state of the Task instance: running
[2025-02-06T15:00:10.694+0000] {logging_mixin.py:190} INFO - Dag name:etl_dag_incremental queued_at:2025-02-06 14:46:08.506468+00:00
[2025-02-06T15:00:10.695+0000] {logging_mixin.py:190} INFO - Task hostname:f34e19f1f8c5 operator:PythonOperator
[2025-02-06T15:00:10.757+0000] {local_task_job_runner.py:266} INFO - Task exited with return code 0
[2025-02-06T15:00:10.844+0000] {taskinstance.py:3895} INFO - 0 downstream tasks scheduled from follow-on schedule check
[2025-02-06T15:00:10.856+0000] {local_task_job_runner.py:245} INFO - ::endgroup::
